DIR:/nadata/cnl/home/ahusar/article/mcell_tests/examples/mcell4/hybrid_circadian_clock/mcell4_hybrid/D1000_all
CMD:/nadata/cnl/home/ahusar/tools/anaconda/envs/default/bin/python ../model.py -seed 998 D1000_all
Initializing 64 waypoints... 
Partition contains 4^3 subpartitions, subpartition size is 0.5 microns.
Copyright (C) 2006-2021 by
  The National Center for Multiscale Modeling of Biological Systems,
  The Salk Institute for Biological Studies, and
  Pittsburgh Supercomputing Center, Carnegie Mellon University,

**********************************************************************
MCell development is supported by the NIGMS-funded (P41GM103712)
National Center for Multiscale Modeling of Biological Systems (MMBioS).
Please acknowledge MCell in your publications.
**********************************************************************

Iterations: 0 of 500000
Released 1 PrmA@Cube from "Release of PrmA@Cube at Cube" at iteration 0.
Released 1 PrmR@Cube from "Release of PrmR@Cube at Cube" at iteration 0.
Iterations: 1000 of 500000 (42236.9 iter/sec) [active/total species 9/17, rxn classes 8, active/total reactant classes 4/4]
Iterations: 2000 of 500000 (28729.9 iter/sec) [active/total species 9/17, rxn classes 8, active/total reactant classes 4/4]
Iterations: 3000 of 500000 (21128.7 iter/sec) [active/total species 9/17, rxn classes 8, active/total reactant classes 4/4]
Iterations: 4000 of 500000 (10619 iter/sec) [active/total species 11/19, rxn classes 10, active/total reactant classes 4/4]
Iterations: 5000 of 500000 (7105.4 iter/sec) [active/total species 11/19, rxn classes 10, active/total reactant classes 4/4]
Iterations: 6000 of 500000 (4425.84 iter/sec) [active/total species 11/19, rxn classes 10, active/total reactant classes 4/4]
Iterations: 7000 of 500000 (3444.56 iter/sec) [active/total species 11/19, rxn classes 10, active/total reactant classes 4/4]
Iterations: 8000 of 500000 (2676.5 iter/sec) [active/total species 11/19, rxn classes 10, active/total reactant classes 4/4]
Iterations: 9000 of 500000 (2193.92 iter/sec) [active/total species 11/19, rxn classes 10, active/total reactant classes 4/4]
Iterations: 10000 of 500000 (1941.36 iter/sec) [active/total species 11/19, rxn classes 10, active/total reactant classes 4/4]
Iterations: 11000 of 500000 (1695.86 iter/sec) [active/total species 11/19, rxn classes 10, active/total reactant classes 4/4]
Iterations: 12000 of 500000 (1607.56 iter/sec) [active/total species 11/19, rxn classes 10, active/total reactant classes 4/4]
Iterations: 13000 of 500000 (1600.81 iter/sec) [active/total species 11/19, rxn classes 10, active/total reactant classes 4/4]
Iterations: 14000 of 500000 (1589.41 iter/sec) [active/total species 11/19, rxn classes 10, active/total reactant classes 4/4]
Iterations: 15000 of 500000 (1493.13 iter/sec) [active/total species 11/19, rxn classes 10, active/total reactant classes 4/4]
Iterations: 16000 of 500000 (1418.95 iter/sec) [active/total species 11/19, rxn classes 10, active/total reactant classes 4/4]
Iterations: 17000 of 500000 (1303.48 iter/sec) [active/total species 11/19, rxn classes 10, active/total reactant classes 4/4]
Iterations: 18000 of 500000 (1267.49 iter/sec) [active/total species 11/19, rxn classes 10, active/total reactant classes 4/4]
Iterations: 19000 of 500000 (1282.75 iter/sec) [active/total species 11/19, rxn classes 10, active/total reactant classes 4/4]
Iterations: 20000 of 500000 (1333.42 iter/sec) [active/total species 11/19, rxn classes 10, active/total reactant classes 4/4]
Iterations: 21000 of 500000 (1312.46 iter/sec) [active/total species 11/19, rxn classes 10, active/total reactant classes 4/4]
Iterations: 22000 of 500000 (1305.09 iter/sec) [active/total species 11/19, rxn classes 10, active/total reactant classes 4/4]
Iterations: 23000 of 500000 (1300 iter/sec) [active/total species 11/19, rxn classes 10, active/total reactant classes 4/4]
Iterations: 24000 of 500000 (1314.98 iter/sec) [active/total species 11/19, rxn classes 10, active/total reactant classes 4/4]
Iterations: 25000 of 500000 (1307.44 iter/sec) [active/total species 11/19, rxn classes 10, active/total reactant classes 4/4]
Iterations: 26000 of 500000 (1276.76 iter/sec) [active/total species 11/19, rxn classes 10, active/total reactant classes 4/4]
Iterations: 27000 of 500000 (1220.52 iter/sec) [active/total species 11/19, rxn classes 10, active/total reactant classes 4/4]
Iterations: 28000 of 500000 (1155.88 iter/sec) [active/total species 11/19, rxn classes 10, active/total reactant classes 4/4]
Iterations: 29000 of 500000 (1153.89 iter/sec) [active/total species 11/19, rxn classes 10, active/total reactant classes 4/4]
Iterations: 30000 of 500000 (1138.98 iter/sec) [active/total species 11/19, rxn classes 10, active/total reactant classes 4/4]
Iterations: 31000 of 500000 (1145.55 iter/sec) [active/total species 11/19, rxn classes 10, active/total reactant classes 4/4]
Iterations: 32000 of 500000 (1184.61 iter/sec) [active/total species 11/19, rxn classes 10, active/total reactant classes 4/4]
Iterations: 33000 of 500000 (1218.35 iter/sec) [active/total species 11/19, rxn classes 10, active/total reactant classes 4/4]
Iterations: 34000 of 500000 (1200.64 iter/sec) [active/total species 11/19, rxn classes 10, active/total reactant classes 4/4]
Iterations: 35000 of 500000 (1208.87 iter/sec) [active/total species 11/19, rxn classes 10, active/total reactant classes 4/4]
Iterations: 36000 of 500000 (1194.07 iter/sec) [active/total species 11/19, rxn classes 10, active/total reactant classes 4/4]
Iterations: 37000 of 500000 (1168.26 iter/sec) [active/total species 11/19, rxn classes 10, active/total reactant classes 4/4]
Iterations: 38000 of 500000 (1164.65 iter/sec) [active/total species 11/19, rxn classes 10, active/total reactant classes 4/4]
Iterations: 39000 of 500000 (1180.48 iter/sec) [active/total species 11/19, rxn classes 10, active/total reactant classes 4/4]
Iterations: 40000 of 500000 (1180.88 iter/sec) [active/total species 11/19, rxn classes 10, active/total reactant classes 4/4]
Iterations: 41000 of 500000 (1219.24 iter/sec) [active/total species 11/19, rxn classes 10, active/total reactant classes 4/4]
Iterations: 42000 of 500000 (1269.1 iter/sec) [active/total species 11/19, rxn classes 10, active/total reactant classes 4/4]
Iterations: 43000 of 500000 (1282.26 iter/sec) [active/total species 11/19, rxn classes 10, active/total reactant classes 4/4]
Iterations: 44000 of 500000 (1295.72 iter/sec) [active/total species 11/19, rxn classes 10, active/total reactant classes 4/4]
Iterations: 45000 of 500000 (1315.82 iter/sec) [active/total species 11/19, rxn classes 10, active/total reactant classes 4/4]
Iterations: 46000 of 500000 (1330.27 iter/sec) [active/total species 11/19, rxn classes 10, active/total reactant classes 4/4]
Iterations: 47000 of 500000 (1296.86 iter/sec) [active/total species 11/19, rxn classes 10, active/total reactant classes 4/4]
Iterations: 48000 of 500000 (1315.48 iter/sec) [active/total species 11/19, rxn classes 10, active/total reactant classes 4/4]
Iterations: 49000 of 500000 (1317.51 iter/sec) [active/total species 11/19, rxn classes 10, active/total reactant classes 4/4]
Iterations: 50000 of 500000 (1358.06 iter/sec) [active/total species 11/19, rxn classes 10, active/total reactant classes 4/4]
Iterations: 51000 of 500000 (1385.82 iter/sec) [active/total species 11/19, rxn classes 10, active/total reactant classes 4/4]
Iterations: 52000 of 500000 (1442.44 iter/sec) [active/total species 11/19, rxn classes 10, active/total reactant classes 4/4]
Iterations: 53000 of 500000 (1523.22 iter/sec) [active/total species 11/19, rxn classes 10, active/total reactant classes 4/4]
Iterations: 54000 of 500000 (1536.76 iter/sec) [active/total species 11/19, rxn classes 10, active/total reactant classes 4/4]
Iterations: 55000 of 500000 (1608.36 iter/sec) [active/total species 11/19, rxn classes 10, active/total reactant classes 4/4]
Iterations: 56000 of 500000 (1662.21 iter/sec) [active/total species 11/19, rxn classes 10, active/total reactant classes 4/4]
Iterations: 57000 of 500000 (1837.09 iter/sec) [active/total species 11/19, rxn classes 10, active/total reactant classes 4/4]
Iterations: 58000 of 500000 (2007.9 iter/sec) [active/total species 11/19, rxn classes 10, active/total reactant classes 4/4]
Iterations: 59000 of 500000 (2183.13 iter/sec) [active/total species 11/19, rxn classes 10, active/total reactant classes 4/4]
Iterations: 60000 of 500000 (2343.55 iter/sec) [active/total species 11/19, rxn classes 10, active/total reactant classes 4/4]
Iterations: 61000 of 500000 (2538.45 iter/sec) [active/total species 11/19, rxn classes 10, active/total reactant classes 4/4]
Iterations: 62000 of 500000 (2814.51 iter/sec) [active/total species 11/19, rxn classes 10, active/total reactant classes 4/4]
Iterations: 63000 of 500000 (3094.16 iter/sec) [active/total species 11/19, rxn classes 10, active/total reactant classes 4/4]
Iterations: 64000 of 500000 (3375.52 iter/sec) [active/total species 11/19, rxn classes 10, active/total reactant classes 4/4]
Iterations: 65000 of 500000 (3740.9 iter/sec) [active/total species 11/19, rxn classes 10, active/total reactant classes 4/4]
Iterations: 66000 of 500000 (4107.92 iter/sec) [active/total species 11/19, rxn classes 10, active/total reactant classes 4/4]
Iterations: 67000 of 500000 (4583.46 iter/sec) [active/total species 11/19, rxn classes 10, active/total reactant classes 4/4]
Iterations: 68000 of 500000 (5059.91 iter/sec) [active/total species 11/19, rxn classes 10, active/total reactant classes 4/4]
Iterations: 69000 of 500000 (5423.91 iter/sec) [active/total species 11/19, rxn classes 10, active/total reactant classes 4/4]
Iterations: 70000 of 500000 (5844.95 iter/sec) [active/total species 11/19, rxn classes 10, active/total reactant classes 4/4]
Iterations: 71000 of 500000 (6189.19 iter/sec) [active/total species 11/19, rxn classes 10, active/total reactant classes 4/4]
Iterations: 72000 of 500000 (6650 iter/sec) [active/total species 11/19, rxn classes 10, active/total reactant classes 4/4]
Iterations: 73000 of 500000 (7131.75 iter/sec) [active/total species 11/19, rxn classes 10, active/total reactant classes 4/4]
Iterations: 74000 of 500000 (7332.88 iter/sec) [active/total species 11/19, rxn classes 10, active/total reactant classes 4/4]
Iterations: 75000 of 500000 (7860.46 iter/sec) [active/total species 11/19, rxn classes 10, active/total reactant classes 4/4]
Iterations: 76000 of 500000 (8560.1 iter/sec) [active/total species 11/19, rxn classes 10, active/total reactant classes 4/4]
Iterations: 77000 of 500000 (9490.64 iter/sec) [active/total species 11/19, rxn classes 10, active/total reactant classes 4/4]
Iterations: 78000 of 500000 (9790.96 iter/sec) [active/total species 11/19, rxn classes 10, active/total reactant classes 4/4]
Iterations: 79000 of 500000 (9842.13 iter/sec) [active/total species 11/19, rxn classes 10, active/total reactant classes 4/4]
Iterations: 80000 of 500000 (10555.1 iter/sec) [active/total species 11/19, rxn classes 10, active/total reactant classes 4/4]
Iterations: 81000 of 500000 (11346 iter/sec) [active/total species 11/19, rxn classes 10, active/total reactant classes 4/4]
Iterations: 82000 of 500000 (12032.7 iter/sec) [active/total species 11/19, rxn classes 10, active/total reactant classes 4/4]
Iterations: 83000 of 500000 (12222 iter/sec) [active/total species 11/19, rxn classes 10, active/total reactant classes 4/4]
Iterations: 84000 of 500000 (12269.9 iter/sec) [active/total species 11/19, rxn classes 10, active/total reactant classes 4/4]
Iterations: 85000 of 500000 (12465.1 iter/sec) [active/total species 11/19, rxn classes 10, active/total reactant classes 4/4]
Iterations: 86000 of 500000 (12793.8 iter/sec) [active/total species 11/19, rxn classes 10, active/total reactant classes 4/4]
Iterations: 87000 of 500000 (13249.4 iter/sec) [active/total species 11/19, rxn classes 10, active/total reactant classes 4/4]
Iterations: 88000 of 500000 (13627.9 iter/sec) [active/total species 11/19, rxn classes 10, active/total reactant classes 4/4]
Iterations: 89000 of 500000 (13237.1 iter/sec) [active/total species 11/19, rxn classes 10, active/total reactant classes 4/4]
Iterations: 90000 of 500000 (13199.8 iter/sec) [active/total species 11/19, rxn classes 10, active/total reactant classes 4/4]
Iterations: 91000 of 500000 (13696.2 iter/sec) [active/total species 11/19, rxn classes 10, active/total reactant classes 4/4]
Iterations: 92000 of 500000 (14848 iter/sec) [active/total species 11/19, rxn classes 10, active/total reactant classes 4/4]
Iterations: 93000 of 500000 (15885.4 iter/sec) [active/total species 11/19, rxn classes 10, active/total reactant classes 4/4]
Iterations: 94000 of 500000 (16781.3 iter/sec) [active/total species 11/19, rxn classes 10, active/total reactant classes 4/4]
Iterations: 95000 of 500000 (17739.6 iter/sec) [active/total species 11/19, rxn classes 10, active/total reactant classes 4/4]
Iterations: 96000 of 500000 (17909.6 iter/sec) [active/total species 11/19, rxn classes 10, active/total reactant classes 4/4]
Iterations: 97000 of 500000 (18179.8 iter/sec) [active/total species 11/19, rxn classes 10, active/total reactant classes 4/4]
Iterations: 98000 of 500000 (17566.7 iter/sec) [active/total species 11/19, rxn classes 10, active/total reactant classes 4/4]
Iterations: 99000 of 500000 (16991.5 iter/sec) [active/total species 11/19, rxn classes 10, active/total reactant classes 4/4]
Iterations: 100000 of 500000 (18008 iter/sec) [active/total species 11/19, rxn classes 10, active/total reactant classes 4/4]
Iterations: 101000 of 500000 (18365.5 iter/sec) [active/total species 11/19, rxn classes 10, active/total reactant classes 4/4]
Iterations: 102000 of 500000 (18479.5 iter/sec) [active/total species 11/19, rxn classes 10, active/total reactant classes 4/4]
Iterations: 103000 of 500000 (19055.2 iter/sec) [active/total species 11/19, rxn classes 10, active/total reactant classes 4/4]
Iterations: 104000 of 500000 (20055 iter/sec) [active/total species 11/19, rxn classes 10, active/total reactant classes 4/4]
Iterations: 105000 of 500000 (19284.5 iter/sec) [active/total species 11/19, rxn classes 10, active/total reactant classes 4/4]
Iterations: 106000 of 500000 (20353.7 iter/sec) [active/total species 11/19, rxn classes 10, active/total reactant classes 4/4]
Iterations: 107000 of 500000 (20459.5 iter/sec) [active/total species 11/19, rxn classes 10, active/total reactant classes 4/4]
Iterations: 108000 of 500000 (19495.8 iter/sec) [active/total species 11/19, rxn classes 10, active/total reactant classes 4/4]
Iterations: 109000 of 500000 (19173.6 iter/sec) [active/total species 11/19, rxn classes 10, active/total reactant classes 4/4]
Iterations: 110000 of 500000 (17209 iter/sec) [active/total species 11/19, rxn classes 10, active/total reactant classes 4/4]
Iterations: 111000 of 500000 (15983.6 iter/sec) [active/total species 11/19, rxn classes 10, active/total reactant classes 4/4]
Iterations: 112000 of 500000 (15416.4 iter/sec) [active/total species 11/19, rxn classes 10, active/total reactant classes 4/4]
Iterations: 113000 of 500000 (15499.3 iter/sec) [active/total species 11/19, rxn classes 10, active/total reactant classes 4/4]
Iterations: 114000 of 500000 (16474.2 iter/sec) [active/total species 11/19, rxn classes 10, active/total reactant classes 4/4]
Iterations: 115000 of 500000 (17067.8 iter/sec) [active/total species 11/19, rxn classes 10, active/total reactant classes 4/4]
Iterations: 116000 of 500000 (17166.8 iter/sec) [active/total species 11/19, rxn classes 10, active/total reactant classes 4/4]
Iterations: 117000 of 500000 (17470.3 iter/sec) [active/total species 11/19, rxn classes 10, active/total reactant classes 4/4]
Iterations: 118000 of 500000 (17988.2 iter/sec) [active/total species 11/19, rxn classes 10, active/total reactant classes 4/4]
Iterations: 119000 of 500000 (16989.2 iter/sec) [active/total species 11/19, rxn classes 10, active/total reactant classes 4/4]
Iterations: 120000 of 500000 (16294.9 iter/sec) [active/total species 11/19, rxn classes 10, active/total reactant classes 4/4]
Iterations: 121000 of 500000 (15969.3 iter/sec) [active/total species 11/19, rxn classes 10, active/total reactant classes 4/4]
Iterations: 122000 of 500000 (14792.2 iter/sec) [active/total species 11/19, rxn classes 10, active/total reactant classes 4/4]
Iterations: 123000 of 500000 (13979.8 iter/sec) [active/total species 11/19, rxn classes 10, active/total reactant classes 4/4]
Iterations: 124000 of 500000 (14430.4 iter/sec) [active/total species 11/19, rxn classes 10, active/total reactant classes 4/4]
Iterations: 125000 of 500000 (12213.1 iter/sec) [active/total species 11/19, rxn classes 10, active/total reactant classes 4/4]
Iterations: 126000 of 500000 (11329.9 iter/sec) [active/total species 11/19, rxn classes 10, active/total reactant classes 4/4]
Iterations: 127000 of 500000 (11674.9 iter/sec) [active/total species 11/19, rxn classes 10, active/total reactant classes 4/4]
Iterations: 128000 of 500000 (11706.2 iter/sec) [active/total species 11/19, rxn classes 10, active/total reactant classes 4/4]
Iterations: 129000 of 500000 (11991.1 iter/sec) [active/total species 11/19, rxn classes 10, active/total reactant classes 4/4]
Iterations: 130000 of 500000 (12517.2 iter/sec) [active/total species 11/19, rxn classes 10, active/total reactant classes 4/4]
Iterations: 131000 of 500000 (13094.3 iter/sec) [active/total species 11/19, rxn classes 10, active/total reactant classes 4/4]
Iterations: 132000 of 500000 (14084.1 iter/sec) [active/total species 11/19, rxn classes 10, active/total reactant classes 4/4]
Iterations: 133000 of 500000 (14659.5 iter/sec) [active/total species 11/19, rxn classes 10, active/total reactant classes 4/4]
Iterations: 134000 of 500000 (15311.4 iter/sec) [active/total species 11/19, rxn classes 10, active/total reactant classes 4/4]
Iterations: 135000 of 500000 (16421.7 iter/sec) [active/total species 11/19, rxn classes 10, active/total reactant classes 4/4]
Iterations: 136000 of 500000 (17876.3 iter/sec) [active/total species 11/19, rxn classes 10, active/total reactant classes 4/4]
Iterations: 137000 of 500000 (18843.7 iter/sec) [active/total species 11/19, rxn classes 10, active/total reactant classes 4/4]
Iterations: 138000 of 500000 (19743.7 iter/sec) [active/total species 11/19, rxn classes 10, active/total reactant classes 4/4]
Iterations: 139000 of 500000 (19814.1 iter/sec) [active/total species 11/19, rxn classes 10, active/total reactant classes 4/4]
Iterations: 140000 of 500000 (19193.1 iter/sec) [active/total species 11/19, rxn classes 10, active/total reactant classes 4/4]
Iterations: 141000 of 500000 (19490.5 iter/sec) [active/total species 11/19, rxn classes 10, active/total reactant classes 4/4]
Iterations: 142000 of 500000 (19148.3 iter/sec) [active/total species 11/19, rxn classes 10, active/total reactant classes 4/4]
Iterations: 143000 of 500000 (20124 iter/sec) [active/total species 11/19, rxn classes 10, active/total reactant classes 4/4]
Iterations: 144000 of 500000 (20456.6 iter/sec) [active/total species 11/19, rxn classes 10, active/total reactant classes 4/4]
Iterations: 145000 of 500000 (20556.7 iter/sec) [active/total species 11/19, rxn classes 10, active/total reactant classes 4/4]
Iterations: 146000 of 500000 (20256.4 iter/sec) [active/total species 11/19, rxn classes 10, active/total reactant classes 4/4]
Iterations: 147000 of 500000 (20108.2 iter/sec) [active/total species 11/19, rxn classes 10, active/total reactant classes 4/4]
Iterations: 148000 of 500000 (20100.5 iter/sec) [active/total species 11/19, rxn classes 10, active/total reactant classes 4/4]
Iterations: 149000 of 500000 (20931.9 iter/sec) [active/total species 11/19, rxn classes 10, active/total reactant classes 4/4]
Iterations: 150000 of 500000 (21414.7 iter/sec) [active/total species 11/19, rxn classes 10, active/total reactant classes 4/4]
Iterations: 151000 of 500000 (22315.5 iter/sec) [active/total species 11/19, rxn classes 10, active/total reactant classes 4/4]
Iterations: 152000 of 500000 (23326.9 iter/sec) [active/total species 11/19, rxn classes 10, active/total reactant classes 4/4]
Iterations: 153000 of 500000 (22621.9 iter/sec) [active/total species 11/19, rxn classes 10, active/total reactant classes 4/4]
Iterations: 154000 of 500000 (20615.6 iter/sec) [active/total species 11/19, rxn classes 10, active/total reactant classes 4/4]
Iterations: 155000 of 500000 (19365.2 iter/sec) [active/total species 11/19, rxn classes 10, active/total reactant classes 4/4]
Iterations: 156000 of 500000 (18317 iter/sec) [active/total species 11/19, rxn classes 10, active/total reactant classes 4/4]
Iterations: 157000 of 500000 (16942.3 iter/sec) [active/total species 11/19, rxn classes 10, active/total reactant classes 4/4]
Iterations: 158000 of 500000 (14888 iter/sec) [active/total species 11/19, rxn classes 10, active/total reactant classes 4/4]
Iterations: 159000 of 500000 (14148.1 iter/sec) [active/total species 11/19, rxn classes 10, active/total reactant classes 4/4]
Iterations: 160000 of 500000 (13918.9 iter/sec) [active/total species 11/19, rxn classes 10, active/total reactant classes 4/4]
Iterations: 161000 of 500000 (13732.9 iter/sec) [active/total species 11/19, rxn classes 10, active/total reactant classes 4/4]
Iterations: 162000 of 500000 (14460.1 iter/sec) [active/total species 11/19, rxn classes 10, active/total reactant classes 4/4]
Iterations: 163000 of 500000 (15135.9 iter/sec) [active/total species 11/19, rxn classes 10, active/total reactant classes 4/4]
Iterations: 164000 of 500000 (15220 iter/sec) [active/total species 11/19, rxn classes 10, active/total reactant classes 4/4]
Iterations: 165000 of 500000 (15705.2 iter/sec) [active/total species 11/19, rxn classes 10, active/total reactant classes 4/4]
Iterations: 166000 of 500000 (15003.3 iter/sec) [active/total species 11/19, rxn classes 10, active/total reactant classes 4/4]
Iterations: 167000 of 500000 (14629.3 iter/sec) [active/total species 11/19, rxn classes 10, active/total reactant classes 4/4]
Iterations: 168000 of 500000 (14153.5 iter/sec) [active/total species 11/19, rxn classes 10, active/total reactant classes 4/4]
Iterations: 169000 of 500000 (14004 iter/sec) [active/total species 11/19, rxn classes 10, active/total reactant classes 4/4]
Iterations: 170000 of 500000 (14699.2 iter/sec) [active/total species 11/19, rxn classes 10, active/total reactant classes 4/4]
Iterations: 171000 of 500000 (15260.7 iter/sec) [active/total species 11/19, rxn classes 10, active/total reactant classes 4/4]
Iterations: 172000 of 500000 (15171.7 iter/sec) [active/total species 11/19, rxn classes 10, active/total reactant classes 4/4]
Iterations: 173000 of 500000 (15202.4 iter/sec) [active/total species 11/19, rxn classes 10, active/total reactant classes 4/4]
Iterations: 174000 of 500000 (14712.8 iter/sec) [active/total species 11/19, rxn classes 10, active/total reactant classes 4/4]
Iterations: 175000 of 500000 (14486.5 iter/sec) [active/total species 11/19, rxn classes 10, active/total reactant classes 4/4]
Iterations: 176000 of 500000 (15223.9 iter/sec) [active/total species 11/19, rxn classes 10, active/total reactant classes 4/4]
Iterations: 177000 of 500000 (14779.6 iter/sec) [active/total species 11/19, rxn classes 10, active/total reactant classes 4/4]
Iterations: 178000 of 500000 (15145.3 iter/sec) [active/total species 11/19, rxn classes 10, active/total reactant classes 4/4]
Iterations: 179000 of 500000 (15105.5 iter/sec) [active/total species 11/19, rxn classes 10, active/total reactant classes 4/4]
Iterations: 180000 of 500000 (16246.7 iter/sec) [active/total species 11/19, rxn classes 10, active/total reactant classes 4/4]
Iterations: 181000 of 500000 (16948 iter/sec) [active/total species 11/19, rxn classes 10, active/total reactant classes 4/4]
Iterations: 182000 of 500000 (16436.6 iter/sec) [active/total species 11/19, rxn classes 10, active/total reactant classes 4/4]
Iterations: 183000 of 500000 (15195.3 iter/sec) [active/total species 11/19, rxn classes 10, active/total reactant classes 4/4]
Iterations: 184000 of 500000 (15649 iter/sec) [active/total species 11/19, rxn classes 10, active/total reactant classes 4/4]
Iterations: 185000 of 500000 (16425.8 iter/sec) [active/total species 11/19, rxn classes 10, active/total reactant classes 4/4]
Iterations: 186000 of 500000 (16053.2 iter/sec) [active/total species 11/19, rxn classes 10, active/total reactant classes 4/4]
Iterations: 187000 of 500000 (16169.2 iter/sec) [active/total species 11/19, rxn classes 10, active/total reactant classes 4/4]
Iterations: 188000 of 500000 (15252.7 iter/sec) [active/total species 11/19, rxn classes 10, active/total reactant classes 4/4]
Iterations: 189000 of 500000 (14152.3 iter/sec) [active/total species 11/19, rxn classes 10, active/total reactant classes 4/4]
Iterations: 190000 of 500000 (13259.6 iter/sec) [active/total species 11/19, rxn classes 10, active/total reactant classes 4/4]
Iterations: 191000 of 500000 (13895.1 iter/sec) [active/total species 11/19, rxn classes 10, active/total reactant classes 4/4]
Iterations: 192000 of 500000 (14921.8 iter/sec) [active/total species 11/19, rxn classes 10, active/total reactant classes 4/4]
Iterations: 193000 of 500000 (16697.6 iter/sec) [active/total species 11/19, rxn classes 10, active/total reactant classes 4/4]
Iterations: 194000 of 500000 (17483.4 iter/sec) [active/total species 11/19, rxn classes 10, active/total reactant classes 4/4]
Iterations: 195000 of 500000 (17563 iter/sec) [active/total species 11/19, rxn classes 10, active/total reactant classes 4/4]
Iterations: 196000 of 500000 (14581.7 iter/sec) [active/total species 11/19, rxn classes 10, active/total reactant classes 4/4]
Iterations: 197000 of 500000 (12374.1 iter/sec) [active/total species 11/19, rxn classes 10, active/total reactant classes 4/4]
Iterations: 198000 of 500000 (13137.3 iter/sec) [active/total species 11/19, rxn classes 10, active/total reactant classes 4/4]
Iterations: 199000 of 500000 (13209.7 iter/sec) [active/total species 11/19, rxn classes 10, active/total reactant classes 4/4]
Iterations: 200000 of 500000 (12561.1 iter/sec) [active/total species 11/19, rxn classes 10, active/total reactant classes 4/4]
Iterations: 201000 of 500000 (11581.4 iter/sec) [active/total species 11/19, rxn classes 10, active/total reactant classes 4/4]
Iterations: 202000 of 500000 (10408.3 iter/sec) [active/total species 11/19, rxn classes 10, active/total reactant classes 4/4]
Iterations: 203000 of 500000 (10036.8 iter/sec) [active/total species 11/19, rxn classes 10, active/total reactant classes 4/4]
Iterations: 204000 of 500000 (9939.57 iter/sec) [active/total species 11/19, rxn classes 10, active/total reactant classes 4/4]
Iterations: 205000 of 500000 (9771.92 iter/sec) [active/total species 11/19, rxn classes 10, active/total reactant classes 4/4]
Iterations: 206000 of 500000 (8914.32 iter/sec) [active/total species 11/19, rxn classes 10, active/total reactant classes 4/4]
Iterations: 207000 of 500000 (8967.64 iter/sec) [active/total species 11/19, rxn classes 10, active/total reactant classes 4/4]
Iterations: 208000 of 500000 (8961.22 iter/sec) [active/total species 11/19, rxn classes 10, active/total reactant classes 4/4]
Iterations: 209000 of 500000 (9584.14 iter/sec) [active/total species 11/19, rxn classes 10, active/total reactant classes 4/4]
Iterations: 210000 of 500000 (10027.3 iter/sec) [active/total species 11/19, rxn classes 10, active/total reactant classes 4/4]
Iterations: 211000 of 500000 (10290.8 iter/sec) [active/total species 11/19, rxn classes 10, active/total reactant classes 4/4]
Iterations: 212000 of 500000 (10621.8 iter/sec) [active/total species 11/19, rxn classes 10, active/total reactant classes 4/4]
Iterations: 213000 of 500000 (11454.9 iter/sec) [active/total species 11/19, rxn classes 10, active/total reactant classes 4/4]
Iterations: 214000 of 500000 (12527.6 iter/sec) [active/total species 11/19, rxn classes 10, active/total reactant classes 4/4]
Iterations: 215000 of 500000 (10851.4 iter/sec) [active/total species 11/19, rxn classes 10, active/total reactant classes 4/4]
Iterations: 216000 of 500000 (11778.3 iter/sec) [active/total species 11/19, rxn classes 10, active/total reactant classes 4/4]
Iterations: 217000 of 500000 (12691.8 iter/sec) [active/total species 11/19, rxn classes 10, active/total reactant classes 4/4]
Iterations: 218000 of 500000 (13167.4 iter/sec) [active/total species 11/19, rxn classes 10, active/total reactant classes 4/4]
Iterations: 219000 of 500000 (13261 iter/sec) [active/total species 11/19, rxn classes 10, active/total reactant classes 4/4]
Iterations: 220000 of 500000 (11484.4 iter/sec) [active/total species 11/19, rxn classes 10, active/total reactant classes 4/4]
Iterations: 221000 of 500000 (7131.5 iter/sec) [active/total species 11/19, rxn classes 10, active/total reactant classes 4/4]
Iterations: 222000 of 500000 (5161.8 iter/sec) [active/total species 11/19, rxn classes 10, active/total reactant classes 4/4]
Iterations: 223000 of 500000 (4283.55 iter/sec) [active/total species 11/19, rxn classes 10, active/total reactant classes 4/4]
Iterations: 224000 of 500000 (3775.68 iter/sec) [active/total species 11/19, rxn classes 10, active/total reactant classes 4/4]
Iterations: 225000 of 500000 (3358.13 iter/sec) [active/total species 11/19, rxn classes 10, active/total reactant classes 4/4]
Iterations: 226000 of 500000 (2995.38 iter/sec) [active/total species 11/19, rxn classes 10, active/total reactant classes 4/4]
Iterations: 227000 of 500000 (2545.97 iter/sec) [active/total species 11/19, rxn classes 10, active/total reactant classes 4/4]
Iterations: 228000 of 500000 (2144.82 iter/sec) [active/total species 11/19, rxn classes 10, active/total reactant classes 4/4]
Iterations: 229000 of 500000 (1851.37 iter/sec) [active/total species 11/19, rxn classes 10, active/total reactant classes 4/4]
Iterations: 230000 of 500000 (1630.25 iter/sec) [active/total species 11/19, rxn classes 10, active/total reactant classes 4/4]
Iterations: 231000 of 500000 (1454.12 iter/sec) [active/total species 11/19, rxn classes 10, active/total reactant classes 4/4]
Iterations: 232000 of 500000 (1428.43 iter/sec) [active/total species 11/19, rxn classes 10, active/total reactant classes 4/4]
Iterations: 233000 of 500000 (1383.79 iter/sec) [active/total species 11/19, rxn classes 10, active/total reactant classes 4/4]
Iterations: 234000 of 500000 (1312.65 iter/sec) [active/total species 11/19, rxn classes 10, active/total reactant classes 4/4]
Iterations: 235000 of 500000 (1259.25 iter/sec) [active/total species 11/19, rxn classes 10, active/total reactant classes 4/4]
Iterations: 236000 of 500000 (1234.87 iter/sec) [active/total species 11/19, rxn classes 10, active/total reactant classes 4/4]
Iterations: 237000 of 500000 (1173 iter/sec) [active/total species 11/19, rxn classes 10, active/total reactant classes 4/4]
Iterations: 238000 of 500000 (1165.33 iter/sec) [active/total species 11/19, rxn classes 10, active/total reactant classes 4/4]
Iterations: 239000 of 500000 (1229.51 iter/sec) [active/total species 11/19, rxn classes 10, active/total reactant classes 4/4]
Iterations: 240000 of 500000 (1217 iter/sec) [active/total species 11/19, rxn classes 10, active/total reactant classes 4/4]
Iterations: 241000 of 500000 (1136.34 iter/sec) [active/total species 11/19, rxn classes 10, active/total reactant classes 4/4]
Iterations: 242000 of 500000 (1139.46 iter/sec) [active/total species 11/19, rxn classes 10, active/total reactant classes 4/4]
Iterations: 243000 of 500000 (1152.33 iter/sec) [active/total species 11/19, rxn classes 10, active/total reactant classes 4/4]
Iterations: 244000 of 500000 (1166.4 iter/sec) [active/total species 11/19, rxn classes 10, active/total reactant classes 4/4]
Iterations: 245000 of 500000 (1167.56 iter/sec) [active/total species 11/19, rxn classes 10, active/total reactant classes 4/4]
Iterations: 246000 of 500000 (1194.81 iter/sec) [active/total species 11/19, rxn classes 10, active/total reactant classes 4/4]
Iterations: 247000 of 500000 (1251.24 iter/sec) [active/total species 11/19, rxn classes 10, active/total reactant classes 4/4]
Iterations: 248000 of 500000 (1282.86 iter/sec) [active/total species 11/19, rxn classes 10, active/total reactant classes 4/4]
Iterations: 249000 of 500000 (1318.31 iter/sec) [active/total species 11/19, rxn classes 10, active/total reactant classes 4/4]
Iterations: 250000 of 500000 (1331.43 iter/sec) [active/total species 11/19, rxn classes 10, active/total reactant classes 4/4]
Iterations: 251000 of 500000 (1304.35 iter/sec) [active/total species 11/19, rxn classes 10, active/total reactant classes 4/4]
Iterations: 252000 of 500000 (1312.13 iter/sec) [active/total species 11/19, rxn classes 10, active/total reactant classes 4/4]
Iterations: 253000 of 500000 (1330.62 iter/sec) [active/total species 11/19, rxn classes 10, active/total reactant classes 4/4]
Iterations: 254000 of 500000 (1345.27 iter/sec) [active/total species 11/19, rxn classes 10, active/total reactant classes 4/4]
Iterations: 255000 of 500000 (1359.49 iter/sec) [active/total species 11/19, rxn classes 10, active/total reactant classes 4/4]
Iterations: 256000 of 500000 (1416.87 iter/sec) [active/total species 11/19, rxn classes 10, active/total reactant classes 4/4]
Iterations: 257000 of 500000 (1499.45 iter/sec) [active/total species 11/19, rxn classes 10, active/total reactant classes 4/4]
Iterations: 258000 of 500000 (1480.55 iter/sec) [active/total species 11/19, rxn classes 10, active/total reactant classes 4/4]
Iterations: 259000 of 500000 (1589.75 iter/sec) [active/total species 11/19, rxn classes 10, active/total reactant classes 4/4]
Iterations: 260000 of 500000 (1763.01 iter/sec) [active/total species 11/19, rxn classes 10, active/total reactant classes 4/4]
Iterations: 261000 of 500000 (1908.08 iter/sec) [active/total species 11/19, rxn classes 10, active/total reactant classes 4/4]
Iterations: 262000 of 500000 (2104.33 iter/sec) [active/total species 11/19, rxn classes 10, active/total reactant classes 4/4]
Iterations: 263000 of 500000 (2227.38 iter/sec) [active/total species 11/19, rxn classes 10, active/total reactant classes 4/4]
Iterations: 264000 of 500000 (2433.22 iter/sec) [active/total species 11/19, rxn classes 10, active/total reactant classes 4/4]
Iterations: 265000 of 500000 (2656.63 iter/sec) [active/total species 11/19, rxn classes 10, active/total reactant classes 4/4]
Iterations: 266000 of 500000 (2954.88 iter/sec) [active/total species 11/19, rxn classes 10, active/total reactant classes 4/4]
Iterations: 267000 of 500000 (3283.31 iter/sec) [active/total species 11/19, rxn classes 10, active/total reactant classes 4/4]
Iterations: 268000 of 500000 (3691.43 iter/sec) [active/total species 11/19, rxn classes 10, active/total reactant classes 4/4]
Iterations: 269000 of 500000 (4042.33 iter/sec) [active/total species 11/19, rxn classes 10, active/total reactant classes 4/4]
Iterations: 270000 of 500000 (4463.05 iter/sec) [active/total species 11/19, rxn classes 10, active/total reactant classes 4/4]
Iterations: 271000 of 500000 (5018.59 iter/sec) [active/total species 11/19, rxn classes 10, active/total reactant classes 4/4]
Iterations: 272000 of 500000 (5557.32 iter/sec) [active/total species 11/19, rxn classes 10, active/total reactant classes 4/4]
Iterations: 273000 of 500000 (6057.23 iter/sec) [active/total species 11/19, rxn classes 10, active/total reactant classes 4/4]
Iterations: 274000 of 500000 (6585.58 iter/sec) [active/total species 11/19, rxn classes 10, active/total reactant classes 4/4]
Iterations: 275000 of 500000 (7074.94 iter/sec) [active/total species 11/19, rxn classes 10, active/total reactant classes 4/4]
Iterations: 276000 of 500000 (7524.85 iter/sec) [active/total species 11/19, rxn classes 10, active/total reactant classes 4/4]
Iterations: 277000 of 500000 (7565.38 iter/sec) [active/total species 11/19, rxn classes 10, active/total reactant classes 4/4]
Iterations: 278000 of 500000 (8161.73 iter/sec) [active/total species 11/19, rxn classes 10, active/total reactant classes 4/4]
Iterations: 279000 of 500000 (8853.87 iter/sec) [active/total species 11/19, rxn classes 10, active/total reactant classes 4/4]
Iterations: 280000 of 500000 (9392.14 iter/sec) [active/total species 11/19, rxn classes 10, active/total reactant classes 4/4]
Iterations: 281000 of 500000 (9381.66 iter/sec) [active/total species 11/19, rxn classes 10, active/total reactant classes 4/4]
Iterations: 282000 of 500000 (9327.14 iter/sec) [active/total species 11/19, rxn classes 10, active/total reactant classes 4/4]
Iterations: 283000 of 500000 (10111.4 iter/sec) [active/total species 11/19, rxn classes 10, active/total reactant classes 4/4]
Iterations: 284000 of 500000 (10718.2 iter/sec) [active/total species 11/19, rxn classes 10, active/total reactant classes 4/4]
Iterations: 285000 of 500000 (11412.1 iter/sec) [active/total species 11/19, rxn classes 10, active/total reactant classes 4/4]
Iterations: 286000 of 500000 (11548.4 iter/sec) [active/total species 11/19, rxn classes 10, active/total reactant classes 4/4]
Iterations: 287000 of 500000 (12373.6 iter/sec) [active/total species 11/19, rxn classes 10, active/total reactant classes 4/4]
Iterations: 288000 of 500000 (12721.4 iter/sec) [active/total species 11/19, rxn classes 10, active/total reactant classes 4/4]
Iterations: 289000 of 500000 (13479.6 iter/sec) [active/total species 11/19, rxn classes 10, active/total reactant classes 4/4]
Iterations: 290000 of 500000 (14510.2 iter/sec) [active/total species 11/19, rxn classes 10, active/total reactant classes 4/4]
Iterations: 291000 of 500000 (15169.4 iter/sec) [active/total species 11/19, rxn classes 10, active/total reactant classes 4/4]
Iterations: 292000 of 500000 (15466.7 iter/sec) [active/total species 11/19, rxn classes 10, active/total reactant classes 4/4]
Iterations: 293000 of 500000 (13950.5 iter/sec) [active/total species 11/19, rxn classes 10, active/total reactant classes 4/4]
Iterations: 294000 of 500000 (13573.5 iter/sec) [active/total species 11/19, rxn classes 10, active/total reactant classes 4/4]
Iterations: 295000 of 500000 (13884.6 iter/sec) [active/total species 11/19, rxn classes 10, active/total reactant classes 4/4]
Iterations: 296000 of 500000 (14333.6 iter/sec) [active/total species 11/19, rxn classes 10, active/total reactant classes 4/4]
Iterations: 297000 of 500000 (14205.4 iter/sec) [active/total species 11/19, rxn classes 10, active/total reactant classes 4/4]
Iterations: 298000 of 500000 (13703.1 iter/sec) [active/total species 11/19, rxn classes 10, active/total reactant classes 4/4]
Iterations: 299000 of 500000 (13766.7 iter/sec) [active/total species 11/19, rxn classes 10, active/total reactant classes 4/4]
Iterations: 300000 of 500000 (14575.8 iter/sec) [active/total species 11/19, rxn classes 10, active/total reactant classes 4/4]
Iterations: 301000 of 500000 (15479.6 iter/sec) [active/total species 11/19, rxn classes 10, active/total reactant classes 4/4]
Iterations: 302000 of 500000 (15542.9 iter/sec) [active/total species 11/19, rxn classes 10, active/total reactant classes 4/4]
Iterations: 303000 of 500000 (15577.1 iter/sec) [active/total species 11/19, rxn classes 10, active/total reactant classes 4/4]
Iterations: 304000 of 500000 (15690 iter/sec) [active/total species 11/19, rxn classes 10, active/total reactant classes 4/4]
Iterations: 305000 of 500000 (15702.5 iter/sec) [active/total species 11/19, rxn classes 10, active/total reactant classes 4/4]
Iterations: 306000 of 500000 (16098.7 iter/sec) [active/total species 11/19, rxn classes 10, active/total reactant classes 4/4]
Iterations: 307000 of 500000 (16976.5 iter/sec) [active/total species 11/19, rxn classes 10, active/total reactant classes 4/4]
Iterations: 308000 of 500000 (17404.6 iter/sec) [active/total species 11/19, rxn classes 10, active/total reactant classes 4/4]
Iterations: 309000 of 500000 (16235.3 iter/sec) [active/total species 11/19, rxn classes 10, active/total reactant classes 4/4]
Iterations: 310000 of 500000 (16239.8 iter/sec) [active/total species 11/19, rxn classes 10, active/total reactant classes 4/4]
Iterations: 311000 of 500000 (15525.1 iter/sec) [active/total species 11/19, rxn classes 10, active/total reactant classes 4/4]
Iterations: 312000 of 500000 (14650.7 iter/sec) [active/total species 11/19, rxn classes 10, active/total reactant classes 4/4]
Iterations: 313000 of 500000 (14041 iter/sec) [active/total species 11/19, rxn classes 10, active/total reactant classes 4/4]
Iterations: 314000 of 500000 (15249 iter/sec) [active/total species 11/19, rxn classes 10, active/total reactant classes 4/4]
Iterations: 315000 of 500000 (16774.3 iter/sec) [active/total species 11/19, rxn classes 10, active/total reactant classes 4/4]
Iterations: 316000 of 500000 (17084.7 iter/sec) [active/total species 11/19, rxn classes 10, active/total reactant classes 4/4]
Iterations: 317000 of 500000 (16515 iter/sec) [active/total species 11/19, rxn classes 10, active/total reactant classes 4/4]
Iterations: 318000 of 500000 (15978.3 iter/sec) [active/total species 11/19, rxn classes 10, active/total reactant classes 4/4]
Iterations: 319000 of 500000 (14510.6 iter/sec) [active/total species 11/19, rxn classes 10, active/total reactant classes 4/4]
Iterations: 320000 of 500000 (14796.6 iter/sec) [active/total species 11/19, rxn classes 10, active/total reactant classes 4/4]
Iterations: 321000 of 500000 (16090.6 iter/sec) [active/total species 11/19, rxn classes 10, active/total reactant classes 4/4]
Iterations: 322000 of 500000 (16277.4 iter/sec) [active/total species 11/19, rxn classes 10, active/total reactant classes 4/4]
Iterations: 323000 of 500000 (16389.7 iter/sec) [active/total species 11/19, rxn classes 10, active/total reactant classes 4/4]
Iterations: 324000 of 500000 (16182.5 iter/sec) [active/total species 11/19, rxn classes 10, active/total reactant classes 4/4]
Iterations: 325000 of 500000 (16080 iter/sec) [active/total species 11/19, rxn classes 10, active/total reactant classes 4/4]
Iterations: 326000 of 500000 (16044.7 iter/sec) [active/total species 11/19, rxn classes 10, active/total reactant classes 4/4]
Iterations: 327000 of 500000 (16374.9 iter/sec) [active/total species 11/19, rxn classes 10, active/total reactant classes 4/4]
Iterations: 328000 of 500000 (17119.8 iter/sec) [active/total species 11/19, rxn classes 10, active/total reactant classes 4/4]
Iterations: 329000 of 500000 (17140.3 iter/sec) [active/total species 11/19, rxn classes 10, active/total reactant classes 4/4]
Iterations: 330000 of 500000 (18581.5 iter/sec) [active/total species 11/19, rxn classes 10, active/total reactant classes 4/4]
Iterations: 331000 of 500000 (19796.1 iter/sec) [active/total species 11/19, rxn classes 10, active/total reactant classes 4/4]
Iterations: 332000 of 500000 (21172.5 iter/sec) [active/total species 11/19, rxn classes 10, active/total reactant classes 4/4]
Iterations: 333000 of 500000 (22053.6 iter/sec) [active/total species 11/19, rxn classes 10, active/total reactant classes 4/4]
Iterations: 334000 of 500000 (22351.9 iter/sec) [active/total species 11/19, rxn classes 10, active/total reactant classes 4/4]
Iterations: 335000 of 500000 (21023 iter/sec) [active/total species 11/19, rxn classes 10, active/total reactant classes 4/4]
Iterations: 336000 of 500000 (19969.6 iter/sec) [active/total species 11/19, rxn classes 10, active/total reactant classes 4/4]
Iterations: 337000 of 500000 (18755 iter/sec) [active/total species 11/19, rxn classes 10, active/total reactant classes 4/4]
Iterations: 338000 of 500000 (18632.4 iter/sec) [active/total species 11/19, rxn classes 10, active/total reactant classes 4/4]
Iterations: 339000 of 500000 (17901.9 iter/sec) [active/total species 11/19, rxn classes 10, active/total reactant classes 4/4]
Iterations: 340000 of 500000 (16931.9 iter/sec) [active/total species 11/19, rxn classes 10, active/total reactant classes 4/4]
Iterations: 341000 of 500000 (15897.7 iter/sec) [active/total species 11/19, rxn classes 10, active/total reactant classes 4/4]
Iterations: 342000 of 500000 (15871.5 iter/sec) [active/total species 11/19, rxn classes 10, active/total reactant classes 4/4]
Iterations: 343000 of 500000 (14958 iter/sec) [active/total species 11/19, rxn classes 10, active/total reactant classes 4/4]
Iterations: 344000 of 500000 (14941.7 iter/sec) [active/total species 11/19, rxn classes 10, active/total reactant classes 4/4]
Iterations: 345000 of 500000 (15777.8 iter/sec) [active/total species 11/19, rxn classes 10, active/total reactant classes 4/4]
Iterations: 346000 of 500000 (15611.1 iter/sec) [active/total species 11/19, rxn classes 10, active/total reactant classes 4/4]
Iterations: 347000 of 500000 (16251.2 iter/sec) [active/total species 11/19, rxn classes 10, active/total reactant classes 4/4]
Iterations: 348000 of 500000 (16285.6 iter/sec) [active/total species 11/19, rxn classes 10, active/total reactant classes 4/4]
Iterations: 349000 of 500000 (15285.8 iter/sec) [active/total species 11/19, rxn classes 10, active/total reactant classes 4/4]
Iterations: 350000 of 500000 (15855.7 iter/sec) [active/total species 11/19, rxn classes 10, active/total reactant classes 4/4]
Iterations: 351000 of 500000 (16540.4 iter/sec) [active/total species 11/19, rxn classes 10, active/total reactant classes 4/4]
Iterations: 352000 of 500000 (16723.5 iter/sec) [active/total species 11/19, rxn classes 10, active/total reactant classes 4/4]
Iterations: 353000 of 500000 (16763.9 iter/sec) [active/total species 11/19, rxn classes 10, active/total reactant classes 4/4]
Iterations: 354000 of 500000 (17625.2 iter/sec) [active/total species 11/19, rxn classes 10, active/total reactant classes 4/4]
Iterations: 355000 of 500000 (16302.8 iter/sec) [active/total species 11/19, rxn classes 10, active/total reactant classes 4/4]
Iterations: 356000 of 500000 (16347.1 iter/sec) [active/total species 11/19, rxn classes 10, active/total reactant classes 4/4]
Iterations: 357000 of 500000 (15777.8 iter/sec) [active/total species 11/19, rxn classes 10, active/total reactant classes 4/4]
Iterations: 358000 of 500000 (16239 iter/sec) [active/total species 11/19, rxn classes 10, active/total reactant classes 4/4]
Iterations: 359000 of 500000 (17225.3 iter/sec) [active/total species 11/19, rxn classes 10, active/total reactant classes 4/4]
Iterations: 360000 of 500000 (17047.1 iter/sec) [active/total species 11/19, rxn classes 10, active/total reactant classes 4/4]
Iterations: 361000 of 500000 (16235.1 iter/sec) [active/total species 11/19, rxn classes 10, active/total reactant classes 4/4]
Iterations: 362000 of 500000 (15931.7 iter/sec) [active/total species 11/19, rxn classes 10, active/total reactant classes 4/4]
Iterations: 363000 of 500000 (16251.7 iter/sec) [active/total species 11/19, rxn classes 10, active/total reactant classes 4/4]
Iterations: 364000 of 500000 (16106.7 iter/sec) [active/total species 11/19, rxn classes 10, active/total reactant classes 4/4]
Iterations: 365000 of 500000 (16472.8 iter/sec) [active/total species 11/19, rxn classes 10, active/total reactant classes 4/4]
Iterations: 366000 of 500000 (17712 iter/sec) [active/total species 11/19, rxn classes 10, active/total reactant classes 4/4]
Iterations: 367000 of 500000 (19537.7 iter/sec) [active/total species 11/19, rxn classes 10, active/total reactant classes 4/4]
Iterations: 368000 of 500000 (19846 iter/sec) [active/total species 11/19, rxn classes 10, active/total reactant classes 4/4]
Iterations: 369000 of 500000 (19067.2 iter/sec) [active/total species 11/19, rxn classes 10, active/total reactant classes 4/4]
Iterations: 370000 of 500000 (17729.9 iter/sec) [active/total species 11/19, rxn classes 10, active/total reactant classes 4/4]
Iterations: 371000 of 500000 (18717.1 iter/sec) [active/total species 11/19, rxn classes 10, active/total reactant classes 4/4]
Iterations: 372000 of 500000 (19182.8 iter/sec) [active/total species 11/19, rxn classes 10, active/total reactant classes 4/4]
Iterations: 373000 of 500000 (20774 iter/sec) [active/total species 11/19, rxn classes 10, active/total reactant classes 4/4]
Iterations: 374000 of 500000 (22261.3 iter/sec) [active/total species 11/19, rxn classes 10, active/total reactant classes 4/4]
Iterations: 375000 of 500000 (20869.9 iter/sec) [active/total species 11/19, rxn classes 10, active/total reactant classes 4/4]
Iterations: 376000 of 500000 (19216 iter/sec) [active/total species 11/19, rxn classes 10, active/total reactant classes 4/4]
Iterations: 377000 of 500000 (18174.5 iter/sec) [active/total species 11/19, rxn classes 10, active/total reactant classes 4/4]
Iterations: 378000 of 500000 (17538 iter/sec) [active/total species 11/19, rxn classes 10, active/total reactant classes 4/4]
Iterations: 379000 of 500000 (17096.1 iter/sec) [active/total species 11/19, rxn classes 10, active/total reactant classes 4/4]
Iterations: 380000 of 500000 (17498.4 iter/sec) [active/total species 11/19, rxn classes 10, active/total reactant classes 4/4]
Iterations: 381000 of 500000 (17082.9 iter/sec) [active/total species 11/19, rxn classes 10, active/total reactant classes 4/4]
Iterations: 382000 of 500000 (16851.8 iter/sec) [active/total species 11/19, rxn classes 10, active/total reactant classes 4/4]
Iterations: 383000 of 500000 (17113 iter/sec) [active/total species 11/19, rxn classes 10, active/total reactant classes 4/4]
Iterations: 384000 of 500000 (17910.9 iter/sec) [active/total species 11/19, rxn classes 10, active/total reactant classes 4/4]
Iterations: 385000 of 500000 (17027.4 iter/sec) [active/total species 11/19, rxn classes 10, active/total reactant classes 4/4]
Iterations: 386000 of 500000 (16886.2 iter/sec) [active/total species 11/19, rxn classes 10, active/total reactant classes 4/4]
Iterations: 387000 of 500000 (14593.6 iter/sec) [active/total species 11/19, rxn classes 10, active/total reactant classes 4/4]
Iterations: 388000 of 500000 (14140.9 iter/sec) [active/total species 11/19, rxn classes 10, active/total reactant classes 4/4]
Iterations: 389000 of 500000 (14059.6 iter/sec) [active/total species 11/19, rxn classes 10, active/total reactant classes 4/4]
Iterations: 390000 of 500000 (13511.3 iter/sec) [active/total species 11/19, rxn classes 10, active/total reactant classes 4/4]
Iterations: 391000 of 500000 (14160.3 iter/sec) [active/total species 11/19, rxn classes 10, active/total reactant classes 4/4]
Iterations: 392000 of 500000 (15960.2 iter/sec) [active/total species 11/19, rxn classes 10, active/total reactant classes 4/4]
Iterations: 393000 of 500000 (15912.4 iter/sec) [active/total species 11/19, rxn classes 10, active/total reactant classes 4/4]
Iterations: 394000 of 500000 (15549.2 iter/sec) [active/total species 11/19, rxn classes 10, active/total reactant classes 4/4]
Iterations: 395000 of 500000 (15205 iter/sec) [active/total species 11/19, rxn classes 10, active/total reactant classes 4/4]
Iterations: 396000 of 500000 (15861.9 iter/sec) [active/total species 11/19, rxn classes 10, active/total reactant classes 4/4]
Iterations: 397000 of 500000 (15770.9 iter/sec) [active/total species 11/19, rxn classes 10, active/total reactant classes 4/4]
Iterations: 398000 of 500000 (15862.4 iter/sec) [active/total species 11/19, rxn classes 10, active/total reactant classes 4/4]
Iterations: 399000 of 500000 (14688 iter/sec) [active/total species 11/19, rxn classes 10, active/total reactant classes 4/4]
Iterations: 400000 of 500000 (14256.4 iter/sec) [active/total species 11/19, rxn classes 10, active/total reactant classes 4/4]
Iterations: 401000 of 500000 (13157.4 iter/sec) [active/total species 11/19, rxn classes 10, active/total reactant classes 4/4]
Iterations: 402000 of 500000 (10172.1 iter/sec) [active/total species 11/19, rxn classes 10, active/total reactant classes 4/4]
Iterations: 403000 of 500000 (8689.61 iter/sec) [active/total species 11/19, rxn classes 10, active/total reactant classes 4/4]
Iterations: 404000 of 500000 (7818.85 iter/sec) [active/total species 11/19, rxn classes 10, active/total reactant classes 4/4]
Iterations: 405000 of 500000 (6048.11 iter/sec) [active/total species 11/19, rxn classes 10, active/total reactant classes 4/4]
Iterations: 406000 of 500000 (5147.98 iter/sec) [active/total species 11/19, rxn classes 10, active/total reactant classes 4/4]
Iterations: 407000 of 500000 (4633.71 iter/sec) [active/total species 11/19, rxn classes 10, active/total reactant classes 4/4]
Iterations: 408000 of 500000 (4130.39 iter/sec) [active/total species 11/19, rxn classes 10, active/total reactant classes 4/4]
Iterations: 409000 of 500000 (3626.82 iter/sec) [active/total species 11/19, rxn classes 10, active/total reactant classes 4/4]
Iterations: 410000 of 500000 (3105.2 iter/sec) [active/total species 11/19, rxn classes 10, active/total reactant classes 4/4]
Iterations: 411000 of 500000 (2643.46 iter/sec) [active/total species 11/19, rxn classes 10, active/total reactant classes 4/4]
Iterations: 412000 of 500000 (2327.41 iter/sec) [active/total species 11/19, rxn classes 10, active/total reactant classes 4/4]
Iterations: 413000 of 500000 (2057.94 iter/sec) [active/total species 11/19, rxn classes 10, active/total reactant classes 4/4]
Iterations: 414000 of 500000 (1854.53 iter/sec) [active/total species 11/19, rxn classes 10, active/total reactant classes 4/4]
Iterations: 415000 of 500000 (1685.43 iter/sec) [active/total species 11/19, rxn classes 10, active/total reactant classes 4/4]
Iterations: 416000 of 500000 (1544.02 iter/sec) [active/total species 11/19, rxn classes 10, active/total reactant classes 4/4]
Iterations: 417000 of 500000 (1473.13 iter/sec) [active/total species 11/19, rxn classes 10, active/total reactant classes 4/4]
Iterations: 418000 of 500000 (1430.07 iter/sec) [active/total species 11/19, rxn classes 10, active/total reactant classes 4/4]
Iterations: 419000 of 500000 (1407.17 iter/sec) [active/total species 11/19, rxn classes 10, active/total reactant classes 4/4]
Iterations: 420000 of 500000 (1378.07 iter/sec) [active/total species 11/19, rxn classes 10, active/total reactant classes 4/4]
Iterations: 421000 of 500000 (1299.29 iter/sec) [active/total species 11/19, rxn classes 10, active/total reactant classes 4/4]
Iterations: 422000 of 500000 (1293.79 iter/sec) [active/total species 11/19, rxn classes 10, active/total reactant classes 4/4]
Iterations: 423000 of 500000 (1320.38 iter/sec) [active/total species 11/19, rxn classes 10, active/total reactant classes 4/4]
Iterations: 424000 of 500000 (1335.32 iter/sec) [active/total species 11/19, rxn classes 10, active/total reactant classes 4/4]
Iterations: 425000 of 500000 (1360.48 iter/sec) [active/total species 11/19, rxn classes 10, active/total reactant classes 4/4]
Iterations: 426000 of 500000 (1394.07 iter/sec) [active/total species 11/19, rxn classes 10, active/total reactant classes 4/4]
Iterations: 427000 of 500000 (1411.66 iter/sec) [active/total species 11/19, rxn classes 10, active/total reactant classes 4/4]
Iterations: 428000 of 500000 (1399.56 iter/sec) [active/total species 11/19, rxn classes 10, active/total reactant classes 4/4]
Iterations: 429000 of 500000 (1364.96 iter/sec) [active/total species 11/19, rxn classes 10, active/total reactant classes 4/4]
Iterations: 430000 of 500000 (1273.85 iter/sec) [active/total species 11/19, rxn classes 10, active/total reactant classes 4/4]
Iterations: 431000 of 500000 (1238.35 iter/sec) [active/total species 11/19, rxn classes 10, active/total reactant classes 4/4]
Iterations: 432000 of 500000 (1219.32 iter/sec) [active/total species 11/19, rxn classes 10, active/total reactant classes 4/4]
Iterations: 433000 of 500000 (1278.66 iter/sec) [active/total species 11/19, rxn classes 10, active/total reactant classes 4/4]
Iterations: 434000 of 500000 (1309.03 iter/sec) [active/total species 11/19, rxn classes 10, active/total reactant classes 4/4]
Iterations: 435000 of 500000 (1273.63 iter/sec) [active/total species 11/19, rxn classes 10, active/total reactant classes 4/4]
Iterations: 436000 of 500000 (1243.92 iter/sec) [active/total species 11/19, rxn classes 10, active/total reactant classes 4/4]
Iterations: 437000 of 500000 (1278.15 iter/sec) [active/total species 11/19, rxn classes 10, active/total reactant classes 4/4]
Iterations: 438000 of 500000 (1319.25 iter/sec) [active/total species 11/19, rxn classes 10, active/total reactant classes 4/4]
Iterations: 439000 of 500000 (1370.09 iter/sec) [active/total species 11/19, rxn classes 10, active/total reactant classes 4/4]
Iterations: 440000 of 500000 (1500.26 iter/sec) [active/total species 11/19, rxn classes 10, active/total reactant classes 4/4]
Iterations: 441000 of 500000 (1608.38 iter/sec) [active/total species 11/19, rxn classes 10, active/total reactant classes 4/4]
Iterations: 442000 of 500000 (1786.24 iter/sec) [active/total species 11/19, rxn classes 10, active/total reactant classes 4/4]
Iterations: 443000 of 500000 (2003.69 iter/sec) [active/total species 11/19, rxn classes 10, active/total reactant classes 4/4]
Iterations: 444000 of 500000 (2193.82 iter/sec) [active/total species 11/19, rxn classes 10, active/total reactant classes 4/4]
Iterations: 445000 of 500000 (2243.76 iter/sec) [active/total species 11/19, rxn classes 10, active/total reactant classes 4/4]
Iterations: 446000 of 500000 (2367.73 iter/sec) [active/total species 11/19, rxn classes 10, active/total reactant classes 4/4]
Iterations: 447000 of 500000 (2681.35 iter/sec) [active/total species 11/19, rxn classes 10, active/total reactant classes 4/4]
Iterations: 448000 of 500000 (2978.79 iter/sec) [active/total species 11/19, rxn classes 10, active/total reactant classes 4/4]
Iterations: 449000 of 500000 (3245.36 iter/sec) [active/total species 11/19, rxn classes 10, active/total reactant classes 4/4]
Iterations: 450000 of 500000 (3599.09 iter/sec) [active/total species 11/19, rxn classes 10, active/total reactant classes 4/4]
Iterations: 451000 of 500000 (3886.14 iter/sec) [active/total species 11/19, rxn classes 10, active/total reactant classes 4/4]
Iterations: 452000 of 500000 (4229.3 iter/sec) [active/total species 11/19, rxn classes 10, active/total reactant classes 4/4]
Iterations: 453000 of 500000 (4711.54 iter/sec) [active/total species 11/19, rxn classes 10, active/total reactant classes 4/4]
Iterations: 454000 of 500000 (5108.27 iter/sec) [active/total species 11/19, rxn classes 10, active/total reactant classes 4/4]
Iterations: 455000 of 500000 (5620.91 iter/sec) [active/total species 11/19, rxn classes 10, active/total reactant classes 4/4]
Iterations: 456000 of 500000 (6020.54 iter/sec) [active/total species 11/19, rxn classes 10, active/total reactant classes 4/4]
Iterations: 457000 of 500000 (6373.36 iter/sec) [active/total species 11/19, rxn classes 10, active/total reactant classes 4/4]
Iterations: 458000 of 500000 (6925.26 iter/sec) [active/total species 11/19, rxn classes 10, active/total reactant classes 4/4]
Iterations: 459000 of 500000 (7575.76 iter/sec) [active/total species 11/19, rxn classes 10, active/total reactant classes 4/4]
Iterations: 460000 of 500000 (8044.99 iter/sec) [active/total species 11/19, rxn classes 10, active/total reactant classes 4/4]
Iterations: 461000 of 500000 (8595.94 iter/sec) [active/total species 11/19, rxn classes 10, active/total reactant classes 4/4]
Iterations: 462000 of 500000 (9066.84 iter/sec) [active/total species 11/19, rxn classes 10, active/total reactant classes 4/4]
Iterations: 463000 of 500000 (9752.39 iter/sec) [active/total species 11/19, rxn classes 10, active/total reactant classes 4/4]
Iterations: 464000 of 500000 (10290.7 iter/sec) [active/total species 11/19, rxn classes 10, active/total reactant classes 4/4]
Iterations: 465000 of 500000 (10930.4 iter/sec) [active/total species 11/19, rxn classes 10, active/total reactant classes 4/4]
Iterations: 466000 of 500000 (11805.3 iter/sec) [active/total species 11/19, rxn classes 10, active/total reactant classes 4/4]
Iterations: 467000 of 500000 (12376.4 iter/sec) [active/total species 11/19, rxn classes 10, active/total reactant classes 4/4]
Iterations: 468000 of 500000 (12508.9 iter/sec) [active/total species 11/19, rxn classes 10, active/total reactant classes 4/4]
Iterations: 469000 of 500000 (12735.6 iter/sec) [active/total species 11/19, rxn classes 10, active/total reactant classes 4/4]
Iterations: 470000 of 500000 (13552.7 iter/sec) [active/total species 11/19, rxn classes 10, active/total reactant classes 4/4]
Iterations: 471000 of 500000 (14325.6 iter/sec) [active/total species 11/19, rxn classes 10, active/total reactant classes 4/4]
Iterations: 472000 of 500000 (14599.6 iter/sec) [active/total species 11/19, rxn classes 10, active/total reactant classes 4/4]
Iterations: 473000 of 500000 (14566.2 iter/sec) [active/total species 11/19, rxn classes 10, active/total reactant classes 4/4]
Iterations: 474000 of 500000 (14638.1 iter/sec) [active/total species 11/19, rxn classes 10, active/total reactant classes 4/4]
Iterations: 475000 of 500000 (14581.1 iter/sec) [active/total species 11/19, rxn classes 10, active/total reactant classes 4/4]
Iterations: 476000 of 500000 (14768 iter/sec) [active/total species 11/19, rxn classes 10, active/total reactant classes 4/4]
Iterations: 477000 of 500000 (15975.2 iter/sec) [active/total species 11/19, rxn classes 10, active/total reactant classes 4/4]
Iterations: 478000 of 500000 (16503 iter/sec) [active/total species 11/19, rxn classes 10, active/total reactant classes 4/4]
Iterations: 479000 of 500000 (17116 iter/sec) [active/total species 11/19, rxn classes 10, active/total reactant classes 4/4]
Iterations: 480000 of 500000 (17520.2 iter/sec) [active/total species 11/19, rxn classes 10, active/total reactant classes 4/4]
Iterations: 481000 of 500000 (16973.6 iter/sec) [active/total species 11/19, rxn classes 10, active/total reactant classes 4/4]
Iterations: 482000 of 500000 (17922.1 iter/sec) [active/total species 11/19, rxn classes 10, active/total reactant classes 4/4]
Iterations: 483000 of 500000 (18923.3 iter/sec) [active/total species 11/19, rxn classes 10, active/total reactant classes 4/4]
Iterations: 484000 of 500000 (18304.3 iter/sec) [active/total species 11/19, rxn classes 10, active/total reactant classes 4/4]
Iterations: 485000 of 500000 (16714 iter/sec) [active/total species 11/19, rxn classes 10, active/total reactant classes 4/4]
Iterations: 486000 of 500000 (16165.5 iter/sec) [active/total species 11/19, rxn classes 10, active/total reactant classes 4/4]
Iterations: 487000 of 500000 (16477.7 iter/sec) [active/total species 11/19, rxn classes 10, active/total reactant classes 4/4]
Iterations: 488000 of 500000 (16263.1 iter/sec) [active/total species 11/19, rxn classes 10, active/total reactant classes 4/4]
Iterations: 489000 of 500000 (16272.1 iter/sec) [active/total species 11/19, rxn classes 10, active/total reactant classes 4/4]
Iterations: 490000 of 500000 (15377.8 iter/sec) [active/total species 11/19, rxn classes 10, active/total reactant classes 4/4]
Iterations: 491000 of 500000 (12610.2 iter/sec) [active/total species 11/19, rxn classes 10, active/total reactant classes 4/4]
Iterations: 492000 of 500000 (12532.1 iter/sec) [active/total species 11/19, rxn classes 10, active/total reactant classes 4/4]
Iterations: 493000 of 500000 (13108 iter/sec) [active/total species 11/19, rxn classes 10, active/total reactant classes 4/4]
Iterations: 494000 of 500000 (13466.7 iter/sec) [active/total species 11/19, rxn classes 10, active/total reactant classes 4/4]
Iterations: 495000 of 500000 (14575.6 iter/sec) [active/total species 11/19, rxn classes 10, active/total reactant classes 4/4]
Iterations: 496000 of 500000 (15916.2 iter/sec) [active/total species 11/19, rxn classes 10, active/total reactant classes 4/4]
Iterations: 497000 of 500000 (15893.2 iter/sec) [active/total species 11/19, rxn classes 10, active/total reactant classes 4/4]
Iterations: 498000 of 500000 (15555 iter/sec) [active/total species 11/19, rxn classes 10, active/total reactant classes 4/4]
Iterations: 499000 of 500000 (15739.1 iter/sec) [active/total species 11/19, rxn classes 10, active/total reactant classes 4/4]
Iterations: 500000 of 500000 (15902.5 iter/sec) [active/total species 11/19, rxn classes 10, active/total reactant classes 4/4]
Seting diffusion constants to variant D1000_all
Iteration 500000, simulation finished successfully
Total number of ray-subvolume intersection tests (number of ray_trace calls): 535006398
Total number of ray-polygon intersection tests: 3820454460
Total number of ray-polygon intersections: 136421872
Total number of mol reflections from a wall: 124301384
Total number of vol mol vol mol collisions: 42583
Total number of molecule moves between walls: 0
Total number of usages of waypoints for counted volumes: 0
Total number of counted volume recomputations: 103447
Total number of diffuse 3d calls: 410705014
Average diffusion jump was: 0.999598 timesteps  (4.1054e+08/410705014)
Simulation CPU time = 123.58 (user) and 0.006978 (system)
Simulation CPU time without iteration 0 = 123.58 (user) and 0.006869 (system)
