DIR:/nadata/cnl/home/ahusar/article/mcell_tests/examples/mcell4/hybrid_circadian_clock/mcell4_hybrid/D1000_all
CMD:/nadata/cnl/home/ahusar/tools/anaconda/envs/default/bin/python ../model.py -seed 303 D1000_all
Initializing 64 waypoints... 
Partition contains 4^3 subpartitions, subpartition size is 0.5 microns.
Copyright (C) 2006-2021 by
  The National Center for Multiscale Modeling of Biological Systems,
  The Salk Institute for Biological Studies, and
  Pittsburgh Supercomputing Center, Carnegie Mellon University,

**********************************************************************
MCell development is supported by the NIGMS-funded (P41GM103712)
National Center for Multiscale Modeling of Biological Systems (MMBioS).
Please acknowledge MCell in your publications.
**********************************************************************

Iterations: 0 of 500000
Released 1 PrmA@Cube from "Release of PrmA@Cube at Cube" at iteration 0.
Released 1 PrmR@Cube from "Release of PrmR@Cube at Cube" at iteration 0.
Iterations: 1000 of 500000 (75284.2 iter/sec) [active/total species 7/15, rxn classes 6, active/total reactant classes 4/4]
Iterations: 2000 of 500000 (42602.1 iter/sec) [active/total species 9/17, rxn classes 8, active/total reactant classes 4/4]
Iterations: 3000 of 500000 (21253.5 iter/sec) [active/total species 9/17, rxn classes 8, active/total reactant classes 4/4]
Iterations: 4000 of 500000 (15458.3 iter/sec) [active/total species 10/18, rxn classes 9, active/total reactant classes 4/4]
Iterations: 5000 of 500000 (10446.3 iter/sec) [active/total species 11/19, rxn classes 10, active/total reactant classes 4/4]
Iterations: 6000 of 500000 (7129.01 iter/sec) [active/total species 11/19, rxn classes 10, active/total reactant classes 4/4]
Iterations: 7000 of 500000 (5123.06 iter/sec) [active/total species 11/19, rxn classes 10, active/total reactant classes 4/4]
Iterations: 8000 of 500000 (3723.09 iter/sec) [active/total species 11/19, rxn classes 10, active/total reactant classes 4/4]
Iterations: 9000 of 500000 (2824.08 iter/sec) [active/total species 11/19, rxn classes 10, active/total reactant classes 4/4]
Iterations: 10000 of 500000 (2474.38 iter/sec) [active/total species 11/19, rxn classes 10, active/total reactant classes 4/4]
Iterations: 11000 of 500000 (2214.83 iter/sec) [active/total species 11/19, rxn classes 10, active/total reactant classes 4/4]
Iterations: 12000 of 500000 (2020.84 iter/sec) [active/total species 11/19, rxn classes 10, active/total reactant classes 4/4]
Iterations: 13000 of 500000 (1820.19 iter/sec) [active/total species 11/19, rxn classes 10, active/total reactant classes 4/4]
Iterations: 14000 of 500000 (1632.67 iter/sec) [active/total species 11/19, rxn classes 10, active/total reactant classes 4/4]
Iterations: 15000 of 500000 (1460.62 iter/sec) [active/total species 11/19, rxn classes 10, active/total reactant classes 4/4]
Iterations: 16000 of 500000 (1344.93 iter/sec) [active/total species 11/19, rxn classes 10, active/total reactant classes 4/4]
Iterations: 17000 of 500000 (1336.13 iter/sec) [active/total species 11/19, rxn classes 10, active/total reactant classes 4/4]
Iterations: 18000 of 500000 (1350.82 iter/sec) [active/total species 11/19, rxn classes 10, active/total reactant classes 4/4]
Iterations: 19000 of 500000 (1359.63 iter/sec) [active/total species 11/19, rxn classes 10, active/total reactant classes 4/4]
Iterations: 20000 of 500000 (1335.56 iter/sec) [active/total species 11/19, rxn classes 10, active/total reactant classes 4/4]
Iterations: 21000 of 500000 (1305.72 iter/sec) [active/total species 11/19, rxn classes 10, active/total reactant classes 4/4]
Iterations: 22000 of 500000 (1300.49 iter/sec) [active/total species 11/19, rxn classes 10, active/total reactant classes 4/4]
Iterations: 23000 of 500000 (1298.53 iter/sec) [active/total species 11/19, rxn classes 10, active/total reactant classes 4/4]
Iterations: 24000 of 500000 (1256.25 iter/sec) [active/total species 11/19, rxn classes 10, active/total reactant classes 4/4]
Iterations: 25000 of 500000 (1217.52 iter/sec) [active/total species 11/19, rxn classes 10, active/total reactant classes 4/4]
Iterations: 26000 of 500000 (1238.54 iter/sec) [active/total species 11/19, rxn classes 10, active/total reactant classes 4/4]
Iterations: 27000 of 500000 (1239.71 iter/sec) [active/total species 11/19, rxn classes 10, active/total reactant classes 4/4]
Iterations: 28000 of 500000 (1215.25 iter/sec) [active/total species 11/19, rxn classes 10, active/total reactant classes 4/4]
Iterations: 29000 of 500000 (1169.14 iter/sec) [active/total species 11/19, rxn classes 10, active/total reactant classes 4/4]
Iterations: 30000 of 500000 (1157.98 iter/sec) [active/total species 11/19, rxn classes 10, active/total reactant classes 4/4]
Iterations: 31000 of 500000 (1137.21 iter/sec) [active/total species 11/19, rxn classes 10, active/total reactant classes 4/4]
Iterations: 32000 of 500000 (1118.05 iter/sec) [active/total species 11/19, rxn classes 10, active/total reactant classes 4/4]
Iterations: 33000 of 500000 (1117.87 iter/sec) [active/total species 11/19, rxn classes 10, active/total reactant classes 4/4]
Iterations: 34000 of 500000 (1168.18 iter/sec) [active/total species 11/19, rxn classes 10, active/total reactant classes 4/4]
Iterations: 35000 of 500000 (1226.15 iter/sec) [active/total species 11/19, rxn classes 10, active/total reactant classes 4/4]
Iterations: 36000 of 500000 (1285.23 iter/sec) [active/total species 11/19, rxn classes 10, active/total reactant classes 4/4]
Iterations: 37000 of 500000 (1320.08 iter/sec) [active/total species 11/19, rxn classes 10, active/total reactant classes 4/4]
Iterations: 38000 of 500000 (1351.73 iter/sec) [active/total species 11/19, rxn classes 10, active/total reactant classes 4/4]
Iterations: 39000 of 500000 (1391.45 iter/sec) [active/total species 11/19, rxn classes 10, active/total reactant classes 4/4]
Iterations: 40000 of 500000 (1409.7 iter/sec) [active/total species 11/19, rxn classes 10, active/total reactant classes 4/4]
Iterations: 41000 of 500000 (1373.79 iter/sec) [active/total species 11/19, rxn classes 10, active/total reactant classes 4/4]
Iterations: 42000 of 500000 (1417.47 iter/sec) [active/total species 11/19, rxn classes 10, active/total reactant classes 4/4]
Iterations: 43000 of 500000 (1461.9 iter/sec) [active/total species 11/19, rxn classes 10, active/total reactant classes 4/4]
Iterations: 44000 of 500000 (1445.56 iter/sec) [active/total species 11/19, rxn classes 10, active/total reactant classes 4/4]
Iterations: 45000 of 500000 (1399.55 iter/sec) [active/total species 11/19, rxn classes 10, active/total reactant classes 4/4]
Iterations: 46000 of 500000 (1426.62 iter/sec) [active/total species 11/19, rxn classes 10, active/total reactant classes 4/4]
Iterations: 47000 of 500000 (1437.8 iter/sec) [active/total species 11/19, rxn classes 10, active/total reactant classes 4/4]
Iterations: 48000 of 500000 (1466.85 iter/sec) [active/total species 11/19, rxn classes 10, active/total reactant classes 4/4]
Iterations: 49000 of 500000 (1541.14 iter/sec) [active/total species 11/19, rxn classes 10, active/total reactant classes 4/4]
Iterations: 50000 of 500000 (1603.33 iter/sec) [active/total species 11/19, rxn classes 10, active/total reactant classes 4/4]
Iterations: 51000 of 500000 (1637.6 iter/sec) [active/total species 11/19, rxn classes 10, active/total reactant classes 4/4]
Iterations: 52000 of 500000 (1765.36 iter/sec) [active/total species 11/19, rxn classes 10, active/total reactant classes 4/4]
Iterations: 53000 of 500000 (1815.38 iter/sec) [active/total species 11/19, rxn classes 10, active/total reactant classes 4/4]
Iterations: 54000 of 500000 (1936.1 iter/sec) [active/total species 11/19, rxn classes 10, active/total reactant classes 4/4]
Iterations: 55000 of 500000 (2026.7 iter/sec) [active/total species 11/19, rxn classes 10, active/total reactant classes 4/4]
Iterations: 56000 of 500000 (2211.66 iter/sec) [active/total species 11/19, rxn classes 10, active/total reactant classes 4/4]
Iterations: 57000 of 500000 (2446.35 iter/sec) [active/total species 11/19, rxn classes 10, active/total reactant classes 4/4]
Iterations: 58000 of 500000 (2747.23 iter/sec) [active/total species 11/19, rxn classes 10, active/total reactant classes 4/4]
Iterations: 59000 of 500000 (3026.77 iter/sec) [active/total species 11/19, rxn classes 10, active/total reactant classes 4/4]
Iterations: 60000 of 500000 (3290.78 iter/sec) [active/total species 11/19, rxn classes 10, active/total reactant classes 4/4]
Iterations: 61000 of 500000 (3647.21 iter/sec) [active/total species 11/19, rxn classes 10, active/total reactant classes 4/4]
Iterations: 62000 of 500000 (4055.92 iter/sec) [active/total species 11/19, rxn classes 10, active/total reactant classes 4/4]
Iterations: 63000 of 500000 (4411.06 iter/sec) [active/total species 11/19, rxn classes 10, active/total reactant classes 4/4]
Iterations: 64000 of 500000 (4731.82 iter/sec) [active/total species 11/19, rxn classes 10, active/total reactant classes 4/4]
Iterations: 65000 of 500000 (5097.1 iter/sec) [active/total species 11/19, rxn classes 10, active/total reactant classes 4/4]
Iterations: 66000 of 500000 (5665.98 iter/sec) [active/total species 11/19, rxn classes 10, active/total reactant classes 4/4]
Iterations: 67000 of 500000 (6213.03 iter/sec) [active/total species 11/19, rxn classes 10, active/total reactant classes 4/4]
Iterations: 68000 of 500000 (6677.93 iter/sec) [active/total species 11/19, rxn classes 10, active/total reactant classes 4/4]
Iterations: 69000 of 500000 (7196.47 iter/sec) [active/total species 11/19, rxn classes 10, active/total reactant classes 4/4]
Iterations: 70000 of 500000 (7418.78 iter/sec) [active/total species 11/19, rxn classes 10, active/total reactant classes 4/4]
Iterations: 71000 of 500000 (7453.56 iter/sec) [active/total species 11/19, rxn classes 10, active/total reactant classes 4/4]
Iterations: 72000 of 500000 (7765.9 iter/sec) [active/total species 11/19, rxn classes 10, active/total reactant classes 4/4]
Iterations: 73000 of 500000 (7791.07 iter/sec) [active/total species 11/19, rxn classes 10, active/total reactant classes 4/4]
Iterations: 74000 of 500000 (7762.35 iter/sec) [active/total species 11/19, rxn classes 10, active/total reactant classes 4/4]
Iterations: 75000 of 500000 (7758.67 iter/sec) [active/total species 11/19, rxn classes 10, active/total reactant classes 4/4]
Iterations: 76000 of 500000 (8325.7 iter/sec) [active/total species 11/19, rxn classes 10, active/total reactant classes 4/4]
Iterations: 77000 of 500000 (9097.03 iter/sec) [active/total species 11/19, rxn classes 10, active/total reactant classes 4/4]
Iterations: 78000 of 500000 (9533.98 iter/sec) [active/total species 11/19, rxn classes 10, active/total reactant classes 4/4]
Iterations: 79000 of 500000 (10040 iter/sec) [active/total species 11/19, rxn classes 10, active/total reactant classes 4/4]
Iterations: 80000 of 500000 (10719.8 iter/sec) [active/total species 11/19, rxn classes 10, active/total reactant classes 4/4]
Iterations: 81000 of 500000 (11107.5 iter/sec) [active/total species 11/19, rxn classes 10, active/total reactant classes 4/4]
Iterations: 82000 of 500000 (11567.5 iter/sec) [active/total species 11/19, rxn classes 10, active/total reactant classes 4/4]
Iterations: 83000 of 500000 (12444.9 iter/sec) [active/total species 11/19, rxn classes 10, active/total reactant classes 4/4]
Iterations: 84000 of 500000 (13610.4 iter/sec) [active/total species 11/19, rxn classes 10, active/total reactant classes 4/4]
Iterations: 85000 of 500000 (14878.3 iter/sec) [active/total species 11/19, rxn classes 10, active/total reactant classes 4/4]
Iterations: 86000 of 500000 (15312.8 iter/sec) [active/total species 11/19, rxn classes 10, active/total reactant classes 4/4]
Iterations: 87000 of 500000 (15114.4 iter/sec) [active/total species 11/19, rxn classes 10, active/total reactant classes 4/4]
Iterations: 88000 of 500000 (14817 iter/sec) [active/total species 11/19, rxn classes 10, active/total reactant classes 4/4]
Iterations: 89000 of 500000 (15487.3 iter/sec) [active/total species 11/19, rxn classes 10, active/total reactant classes 4/4]
Iterations: 90000 of 500000 (14497.8 iter/sec) [active/total species 11/19, rxn classes 10, active/total reactant classes 4/4]
Iterations: 91000 of 500000 (13942.7 iter/sec) [active/total species 11/19, rxn classes 10, active/total reactant classes 4/4]
Iterations: 92000 of 500000 (15243.7 iter/sec) [active/total species 11/19, rxn classes 10, active/total reactant classes 4/4]
Iterations: 93000 of 500000 (15932.2 iter/sec) [active/total species 11/19, rxn classes 10, active/total reactant classes 4/4]
Iterations: 94000 of 500000 (14543.6 iter/sec) [active/total species 11/19, rxn classes 10, active/total reactant classes 4/4]
Iterations: 95000 of 500000 (13750.4 iter/sec) [active/total species 11/19, rxn classes 10, active/total reactant classes 4/4]
Iterations: 96000 of 500000 (12969 iter/sec) [active/total species 11/19, rxn classes 10, active/total reactant classes 4/4]
Iterations: 97000 of 500000 (12458.4 iter/sec) [active/total species 11/19, rxn classes 10, active/total reactant classes 4/4]
Iterations: 98000 of 500000 (12435.3 iter/sec) [active/total species 11/19, rxn classes 10, active/total reactant classes 4/4]
Iterations: 99000 of 500000 (13210.4 iter/sec) [active/total species 11/19, rxn classes 10, active/total reactant classes 4/4]
Iterations: 100000 of 500000 (13520.8 iter/sec) [active/total species 11/19, rxn classes 10, active/total reactant classes 4/4]
Iterations: 101000 of 500000 (14028.8 iter/sec) [active/total species 11/19, rxn classes 10, active/total reactant classes 4/4]
Iterations: 102000 of 500000 (13758.2 iter/sec) [active/total species 11/19, rxn classes 10, active/total reactant classes 4/4]
Iterations: 103000 of 500000 (14735.1 iter/sec) [active/total species 11/19, rxn classes 10, active/total reactant classes 4/4]
Iterations: 104000 of 500000 (14606 iter/sec) [active/total species 11/19, rxn classes 10, active/total reactant classes 4/4]
Iterations: 105000 of 500000 (14627.8 iter/sec) [active/total species 11/19, rxn classes 10, active/total reactant classes 4/4]
Iterations: 106000 of 500000 (14518.4 iter/sec) [active/total species 11/19, rxn classes 10, active/total reactant classes 4/4]
Iterations: 107000 of 500000 (15087.1 iter/sec) [active/total species 11/19, rxn classes 10, active/total reactant classes 4/4]
Iterations: 108000 of 500000 (15565.9 iter/sec) [active/total species 11/19, rxn classes 10, active/total reactant classes 4/4]
Iterations: 109000 of 500000 (16210.3 iter/sec) [active/total species 11/19, rxn classes 10, active/total reactant classes 4/4]
Iterations: 110000 of 500000 (17428.9 iter/sec) [active/total species 11/19, rxn classes 10, active/total reactant classes 4/4]
Iterations: 111000 of 500000 (18316.4 iter/sec) [active/total species 11/19, rxn classes 10, active/total reactant classes 4/4]
Iterations: 112000 of 500000 (18564.6 iter/sec) [active/total species 11/19, rxn classes 10, active/total reactant classes 4/4]
Iterations: 113000 of 500000 (18084.5 iter/sec) [active/total species 11/19, rxn classes 10, active/total reactant classes 4/4]
Iterations: 114000 of 500000 (18348 iter/sec) [active/total species 11/19, rxn classes 10, active/total reactant classes 4/4]
Iterations: 115000 of 500000 (19361.5 iter/sec) [active/total species 11/19, rxn classes 10, active/total reactant classes 4/4]
Iterations: 116000 of 500000 (19475.3 iter/sec) [active/total species 11/19, rxn classes 10, active/total reactant classes 4/4]
Iterations: 117000 of 500000 (19363.7 iter/sec) [active/total species 11/19, rxn classes 10, active/total reactant classes 4/4]
Iterations: 118000 of 500000 (16841.5 iter/sec) [active/total species 11/19, rxn classes 10, active/total reactant classes 4/4]
Iterations: 119000 of 500000 (15028.3 iter/sec) [active/total species 11/19, rxn classes 10, active/total reactant classes 4/4]
Iterations: 120000 of 500000 (14154.7 iter/sec) [active/total species 11/19, rxn classes 10, active/total reactant classes 4/4]
Iterations: 121000 of 500000 (13676.9 iter/sec) [active/total species 11/19, rxn classes 10, active/total reactant classes 4/4]
Iterations: 122000 of 500000 (13826.9 iter/sec) [active/total species 11/19, rxn classes 10, active/total reactant classes 4/4]
Iterations: 123000 of 500000 (14399.3 iter/sec) [active/total species 11/19, rxn classes 10, active/total reactant classes 4/4]
Iterations: 124000 of 500000 (14763.4 iter/sec) [active/total species 11/19, rxn classes 10, active/total reactant classes 4/4]
Iterations: 125000 of 500000 (14785 iter/sec) [active/total species 11/19, rxn classes 10, active/total reactant classes 4/4]
Iterations: 126000 of 500000 (15387.2 iter/sec) [active/total species 11/19, rxn classes 10, active/total reactant classes 4/4]
Iterations: 127000 of 500000 (15522.4 iter/sec) [active/total species 11/19, rxn classes 10, active/total reactant classes 4/4]
Iterations: 128000 of 500000 (14562 iter/sec) [active/total species 11/19, rxn classes 10, active/total reactant classes 4/4]
Iterations: 129000 of 500000 (14871 iter/sec) [active/total species 11/19, rxn classes 10, active/total reactant classes 4/4]
Iterations: 130000 of 500000 (12425.1 iter/sec) [active/total species 11/19, rxn classes 10, active/total reactant classes 4/4]
Iterations: 131000 of 500000 (10690.2 iter/sec) [active/total species 11/19, rxn classes 10, active/total reactant classes 4/4]
Iterations: 132000 of 500000 (10774.9 iter/sec) [active/total species 11/19, rxn classes 10, active/total reactant classes 4/4]
Iterations: 133000 of 500000 (11226.6 iter/sec) [active/total species 11/19, rxn classes 10, active/total reactant classes 4/4]
Iterations: 134000 of 500000 (11416.6 iter/sec) [active/total species 11/19, rxn classes 10, active/total reactant classes 4/4]
Iterations: 135000 of 500000 (11992.4 iter/sec) [active/total species 11/19, rxn classes 10, active/total reactant classes 4/4]
Iterations: 136000 of 500000 (12784.6 iter/sec) [active/total species 11/19, rxn classes 10, active/total reactant classes 4/4]
Iterations: 137000 of 500000 (13017.1 iter/sec) [active/total species 11/19, rxn classes 10, active/total reactant classes 4/4]
Iterations: 138000 of 500000 (13121.5 iter/sec) [active/total species 11/19, rxn classes 10, active/total reactant classes 4/4]
Iterations: 139000 of 500000 (14096.8 iter/sec) [active/total species 11/19, rxn classes 10, active/total reactant classes 4/4]
Iterations: 140000 of 500000 (13854.6 iter/sec) [active/total species 11/19, rxn classes 10, active/total reactant classes 4/4]
Iterations: 141000 of 500000 (14034.9 iter/sec) [active/total species 11/19, rxn classes 10, active/total reactant classes 4/4]
Iterations: 142000 of 500000 (13456.4 iter/sec) [active/total species 11/19, rxn classes 10, active/total reactant classes 4/4]
Iterations: 143000 of 500000 (13291.3 iter/sec) [active/total species 11/19, rxn classes 10, active/total reactant classes 4/4]
Iterations: 144000 of 500000 (13087.5 iter/sec) [active/total species 11/19, rxn classes 10, active/total reactant classes 4/4]
Iterations: 145000 of 500000 (13194.7 iter/sec) [active/total species 11/19, rxn classes 10, active/total reactant classes 4/4]
Iterations: 146000 of 500000 (13457 iter/sec) [active/total species 11/19, rxn classes 10, active/total reactant classes 4/4]
Iterations: 147000 of 500000 (14039 iter/sec) [active/total species 11/19, rxn classes 10, active/total reactant classes 4/4]
Iterations: 148000 of 500000 (14699.8 iter/sec) [active/total species 11/19, rxn classes 10, active/total reactant classes 4/4]
Iterations: 149000 of 500000 (14003.6 iter/sec) [active/total species 11/19, rxn classes 10, active/total reactant classes 4/4]
Iterations: 150000 of 500000 (13888.7 iter/sec) [active/total species 11/19, rxn classes 10, active/total reactant classes 4/4]
Iterations: 151000 of 500000 (14632.3 iter/sec) [active/total species 11/19, rxn classes 10, active/total reactant classes 4/4]
Iterations: 152000 of 500000 (14558.2 iter/sec) [active/total species 11/19, rxn classes 10, active/total reactant classes 4/4]
Iterations: 153000 of 500000 (14208.6 iter/sec) [active/total species 11/19, rxn classes 10, active/total reactant classes 4/4]
Iterations: 154000 of 500000 (13609.1 iter/sec) [active/total species 11/19, rxn classes 10, active/total reactant classes 4/4]
Iterations: 155000 of 500000 (12953 iter/sec) [active/total species 11/19, rxn classes 10, active/total reactant classes 4/4]
Iterations: 156000 of 500000 (13275.3 iter/sec) [active/total species 11/19, rxn classes 10, active/total reactant classes 4/4]
Iterations: 157000 of 500000 (13909.6 iter/sec) [active/total species 11/19, rxn classes 10, active/total reactant classes 4/4]
Iterations: 158000 of 500000 (14261.1 iter/sec) [active/total species 11/19, rxn classes 10, active/total reactant classes 4/4]
Iterations: 159000 of 500000 (14272.9 iter/sec) [active/total species 11/19, rxn classes 10, active/total reactant classes 4/4]
Iterations: 160000 of 500000 (14591.9 iter/sec) [active/total species 11/19, rxn classes 10, active/total reactant classes 4/4]
Iterations: 161000 of 500000 (14157.3 iter/sec) [active/total species 11/19, rxn classes 10, active/total reactant classes 4/4]
Iterations: 162000 of 500000 (13941.2 iter/sec) [active/total species 11/19, rxn classes 10, active/total reactant classes 4/4]
Iterations: 163000 of 500000 (14095.8 iter/sec) [active/total species 11/19, rxn classes 10, active/total reactant classes 4/4]
Iterations: 164000 of 500000 (13559.5 iter/sec) [active/total species 11/19, rxn classes 10, active/total reactant classes 4/4]
Iterations: 165000 of 500000 (13095.2 iter/sec) [active/total species 11/19, rxn classes 10, active/total reactant classes 4/4]
Iterations: 166000 of 500000 (12779.6 iter/sec) [active/total species 11/19, rxn classes 10, active/total reactant classes 4/4]
Iterations: 167000 of 500000 (12437 iter/sec) [active/total species 11/19, rxn classes 10, active/total reactant classes 4/4]
Iterations: 168000 of 500000 (13317.2 iter/sec) [active/total species 11/19, rxn classes 10, active/total reactant classes 4/4]
Iterations: 169000 of 500000 (13754.6 iter/sec) [active/total species 11/19, rxn classes 10, active/total reactant classes 4/4]
Iterations: 170000 of 500000 (14748.6 iter/sec) [active/total species 11/19, rxn classes 10, active/total reactant classes 4/4]
Iterations: 171000 of 500000 (15443.1 iter/sec) [active/total species 11/19, rxn classes 10, active/total reactant classes 4/4]
Iterations: 172000 of 500000 (16236.9 iter/sec) [active/total species 11/19, rxn classes 10, active/total reactant classes 4/4]
Iterations: 173000 of 500000 (17928.2 iter/sec) [active/total species 11/19, rxn classes 10, active/total reactant classes 4/4]
Iterations: 174000 of 500000 (19010.7 iter/sec) [active/total species 11/19, rxn classes 10, active/total reactant classes 4/4]
Iterations: 175000 of 500000 (16259.6 iter/sec) [active/total species 11/19, rxn classes 10, active/total reactant classes 4/4]
Iterations: 176000 of 500000 (14888.3 iter/sec) [active/total species 11/19, rxn classes 10, active/total reactant classes 4/4]
Iterations: 177000 of 500000 (14297.4 iter/sec) [active/total species 11/19, rxn classes 10, active/total reactant classes 4/4]
Iterations: 178000 of 500000 (14957.5 iter/sec) [active/total species 11/19, rxn classes 10, active/total reactant classes 4/4]
Iterations: 179000 of 500000 (15494.7 iter/sec) [active/total species 11/19, rxn classes 10, active/total reactant classes 4/4]
Iterations: 180000 of 500000 (14980.6 iter/sec) [active/total species 11/19, rxn classes 10, active/total reactant classes 4/4]
Iterations: 181000 of 500000 (14273.1 iter/sec) [active/total species 11/19, rxn classes 10, active/total reactant classes 4/4]
Iterations: 182000 of 500000 (13998 iter/sec) [active/total species 11/19, rxn classes 10, active/total reactant classes 4/4]
Iterations: 183000 of 500000 (14236.1 iter/sec) [active/total species 11/19, rxn classes 10, active/total reactant classes 4/4]
Iterations: 184000 of 500000 (15552.6 iter/sec) [active/total species 11/19, rxn classes 10, active/total reactant classes 4/4]
Iterations: 185000 of 500000 (15969.8 iter/sec) [active/total species 11/19, rxn classes 10, active/total reactant classes 4/4]
Iterations: 186000 of 500000 (15792.5 iter/sec) [active/total species 11/19, rxn classes 10, active/total reactant classes 4/4]
Iterations: 187000 of 500000 (16461.2 iter/sec) [active/total species 11/19, rxn classes 10, active/total reactant classes 4/4]
Iterations: 188000 of 500000 (16960.9 iter/sec) [active/total species 11/19, rxn classes 10, active/total reactant classes 4/4]
Iterations: 189000 of 500000 (17835.5 iter/sec) [active/total species 11/19, rxn classes 10, active/total reactant classes 4/4]
Iterations: 190000 of 500000 (19500.8 iter/sec) [active/total species 11/19, rxn classes 10, active/total reactant classes 4/4]
Iterations: 191000 of 500000 (20836.4 iter/sec) [active/total species 11/19, rxn classes 10, active/total reactant classes 4/4]
Iterations: 192000 of 500000 (20591 iter/sec) [active/total species 11/19, rxn classes 10, active/total reactant classes 4/4]
Iterations: 193000 of 500000 (20488 iter/sec) [active/total species 11/19, rxn classes 10, active/total reactant classes 4/4]
Iterations: 194000 of 500000 (19866.1 iter/sec) [active/total species 11/19, rxn classes 10, active/total reactant classes 4/4]
Iterations: 195000 of 500000 (18540.1 iter/sec) [active/total species 11/19, rxn classes 10, active/total reactant classes 4/4]
Iterations: 196000 of 500000 (18054.5 iter/sec) [active/total species 11/19, rxn classes 10, active/total reactant classes 4/4]
Iterations: 197000 of 500000 (17608.7 iter/sec) [active/total species 11/19, rxn classes 10, active/total reactant classes 4/4]
Iterations: 198000 of 500000 (16292 iter/sec) [active/total species 11/19, rxn classes 10, active/total reactant classes 4/4]
Iterations: 199000 of 500000 (17550 iter/sec) [active/total species 11/19, rxn classes 10, active/total reactant classes 4/4]
Iterations: 200000 of 500000 (17670.3 iter/sec) [active/total species 11/19, rxn classes 10, active/total reactant classes 4/4]
Iterations: 201000 of 500000 (17738.7 iter/sec) [active/total species 11/19, rxn classes 10, active/total reactant classes 4/4]
Iterations: 202000 of 500000 (15690.2 iter/sec) [active/total species 11/19, rxn classes 10, active/total reactant classes 4/4]
Iterations: 203000 of 500000 (14945.2 iter/sec) [active/total species 11/19, rxn classes 10, active/total reactant classes 4/4]
Iterations: 204000 of 500000 (13756.1 iter/sec) [active/total species 11/19, rxn classes 10, active/total reactant classes 4/4]
Iterations: 205000 of 500000 (13912.7 iter/sec) [active/total species 11/19, rxn classes 10, active/total reactant classes 4/4]
Iterations: 206000 of 500000 (14092.2 iter/sec) [active/total species 11/19, rxn classes 10, active/total reactant classes 4/4]
Iterations: 207000 of 500000 (14538.7 iter/sec) [active/total species 11/19, rxn classes 10, active/total reactant classes 4/4]
Iterations: 208000 of 500000 (15365.9 iter/sec) [active/total species 11/19, rxn classes 10, active/total reactant classes 4/4]
Iterations: 209000 of 500000 (16907.6 iter/sec) [active/total species 11/19, rxn classes 10, active/total reactant classes 4/4]
Iterations: 210000 of 500000 (16343.1 iter/sec) [active/total species 11/19, rxn classes 10, active/total reactant classes 4/4]
Iterations: 211000 of 500000 (16030 iter/sec) [active/total species 11/19, rxn classes 10, active/total reactant classes 4/4]
Iterations: 212000 of 500000 (14223.3 iter/sec) [active/total species 11/19, rxn classes 10, active/total reactant classes 4/4]
Iterations: 213000 of 500000 (9730.28 iter/sec) [active/total species 11/19, rxn classes 10, active/total reactant classes 4/4]
Iterations: 214000 of 500000 (5858.51 iter/sec) [active/total species 11/19, rxn classes 10, active/total reactant classes 4/4]
Iterations: 215000 of 500000 (3849.29 iter/sec) [active/total species 11/19, rxn classes 10, active/total reactant classes 4/4]
Iterations: 216000 of 500000 (2915.96 iter/sec) [active/total species 11/19, rxn classes 10, active/total reactant classes 4/4]
Iterations: 217000 of 500000 (2447.91 iter/sec) [active/total species 11/19, rxn classes 10, active/total reactant classes 4/4]
Iterations: 218000 of 500000 (2331.28 iter/sec) [active/total species 11/19, rxn classes 10, active/total reactant classes 4/4]
Iterations: 219000 of 500000 (2240.97 iter/sec) [active/total species 11/19, rxn classes 10, active/total reactant classes 4/4]
Iterations: 220000 of 500000 (2049.85 iter/sec) [active/total species 11/19, rxn classes 10, active/total reactant classes 4/4]
Iterations: 221000 of 500000 (1783.28 iter/sec) [active/total species 11/19, rxn classes 10, active/total reactant classes 4/4]
Iterations: 222000 of 500000 (1606.04 iter/sec) [active/total species 11/19, rxn classes 10, active/total reactant classes 4/4]
Iterations: 223000 of 500000 (1475.98 iter/sec) [active/total species 11/19, rxn classes 10, active/total reactant classes 4/4]
Iterations: 224000 of 500000 (1448.93 iter/sec) [active/total species 11/19, rxn classes 10, active/total reactant classes 4/4]
Iterations: 225000 of 500000 (1445.43 iter/sec) [active/total species 11/19, rxn classes 10, active/total reactant classes 4/4]
Iterations: 226000 of 500000 (1471.51 iter/sec) [active/total species 11/19, rxn classes 10, active/total reactant classes 4/4]
Iterations: 227000 of 500000 (1478.03 iter/sec) [active/total species 11/19, rxn classes 10, active/total reactant classes 4/4]
Iterations: 228000 of 500000 (1464.88 iter/sec) [active/total species 11/19, rxn classes 10, active/total reactant classes 4/4]
Iterations: 229000 of 500000 (1486.94 iter/sec) [active/total species 11/19, rxn classes 10, active/total reactant classes 4/4]
Iterations: 230000 of 500000 (1484.57 iter/sec) [active/total species 11/19, rxn classes 10, active/total reactant classes 4/4]
Iterations: 231000 of 500000 (1418.05 iter/sec) [active/total species 11/19, rxn classes 10, active/total reactant classes 4/4]
Iterations: 232000 of 500000 (1364.76 iter/sec) [active/total species 11/19, rxn classes 10, active/total reactant classes 4/4]
Iterations: 233000 of 500000 (1324.19 iter/sec) [active/total species 11/19, rxn classes 10, active/total reactant classes 4/4]
Iterations: 234000 of 500000 (1295.76 iter/sec) [active/total species 11/19, rxn classes 10, active/total reactant classes 4/4]
Iterations: 235000 of 500000 (1240.27 iter/sec) [active/total species 11/19, rxn classes 10, active/total reactant classes 4/4]
Iterations: 236000 of 500000 (1203.4 iter/sec) [active/total species 11/19, rxn classes 10, active/total reactant classes 4/4]
Iterations: 237000 of 500000 (1212.95 iter/sec) [active/total species 11/19, rxn classes 10, active/total reactant classes 4/4]
Iterations: 238000 of 500000 (1214.82 iter/sec) [active/total species 11/19, rxn classes 10, active/total reactant classes 4/4]
Iterations: 239000 of 500000 (1199.24 iter/sec) [active/total species 11/19, rxn classes 10, active/total reactant classes 4/4]
Iterations: 240000 of 500000 (1183.95 iter/sec) [active/total species 11/19, rxn classes 10, active/total reactant classes 4/4]
Iterations: 241000 of 500000 (1196.69 iter/sec) [active/total species 11/19, rxn classes 10, active/total reactant classes 4/4]
Iterations: 242000 of 500000 (1234.16 iter/sec) [active/total species 11/19, rxn classes 10, active/total reactant classes 4/4]
Iterations: 243000 of 500000 (1293.51 iter/sec) [active/total species 11/19, rxn classes 10, active/total reactant classes 4/4]
Iterations: 244000 of 500000 (1321.21 iter/sec) [active/total species 11/19, rxn classes 10, active/total reactant classes 4/4]
Iterations: 245000 of 500000 (1377.74 iter/sec) [active/total species 11/19, rxn classes 10, active/total reactant classes 4/4]
Iterations: 246000 of 500000 (1466.15 iter/sec) [active/total species 11/19, rxn classes 10, active/total reactant classes 4/4]
Iterations: 247000 of 500000 (1483.84 iter/sec) [active/total species 11/19, rxn classes 10, active/total reactant classes 4/4]
Iterations: 248000 of 500000 (1421.76 iter/sec) [active/total species 11/19, rxn classes 10, active/total reactant classes 4/4]
Iterations: 249000 of 500000 (1379.52 iter/sec) [active/total species 11/19, rxn classes 10, active/total reactant classes 4/4]
Iterations: 250000 of 500000 (1415.25 iter/sec) [active/total species 11/19, rxn classes 10, active/total reactant classes 4/4]
Iterations: 251000 of 500000 (1433.81 iter/sec) [active/total species 11/19, rxn classes 10, active/total reactant classes 4/4]
Iterations: 252000 of 500000 (1513.04 iter/sec) [active/total species 11/19, rxn classes 10, active/total reactant classes 4/4]
Iterations: 253000 of 500000 (1591.99 iter/sec) [active/total species 11/19, rxn classes 10, active/total reactant classes 4/4]
Iterations: 254000 of 500000 (1574.63 iter/sec) [active/total species 11/19, rxn classes 10, active/total reactant classes 4/4]
Iterations: 255000 of 500000 (1583.85 iter/sec) [active/total species 11/19, rxn classes 10, active/total reactant classes 4/4]
Iterations: 256000 of 500000 (1591.82 iter/sec) [active/total species 11/19, rxn classes 10, active/total reactant classes 4/4]
Iterations: 257000 of 500000 (1664.51 iter/sec) [active/total species 11/19, rxn classes 10, active/total reactant classes 4/4]
Iterations: 258000 of 500000 (1687.68 iter/sec) [active/total species 11/19, rxn classes 10, active/total reactant classes 4/4]
Iterations: 259000 of 500000 (1746.76 iter/sec) [active/total species 11/19, rxn classes 10, active/total reactant classes 4/4]
Iterations: 260000 of 500000 (1761.56 iter/sec) [active/total species 11/19, rxn classes 10, active/total reactant classes 4/4]
Iterations: 261000 of 500000 (1671.19 iter/sec) [active/total species 11/19, rxn classes 10, active/total reactant classes 4/4]
Iterations: 262000 of 500000 (1729.37 iter/sec) [active/total species 11/19, rxn classes 10, active/total reactant classes 4/4]
Iterations: 263000 of 500000 (1843 iter/sec) [active/total species 11/19, rxn classes 10, active/total reactant classes 4/4]
Iterations: 264000 of 500000 (1966.72 iter/sec) [active/total species 11/19, rxn classes 10, active/total reactant classes 4/4]
Iterations: 265000 of 500000 (2050.37 iter/sec) [active/total species 11/19, rxn classes 10, active/total reactant classes 4/4]
Iterations: 266000 of 500000 (2360.82 iter/sec) [active/total species 11/19, rxn classes 10, active/total reactant classes 4/4]
Iterations: 267000 of 500000 (2674.66 iter/sec) [active/total species 11/19, rxn classes 10, active/total reactant classes 4/4]
Iterations: 268000 of 500000 (2988.41 iter/sec) [active/total species 11/19, rxn classes 10, active/total reactant classes 4/4]
Iterations: 269000 of 500000 (3308.29 iter/sec) [active/total species 11/19, rxn classes 10, active/total reactant classes 4/4]
Iterations: 270000 of 500000 (3707.31 iter/sec) [active/total species 11/19, rxn classes 10, active/total reactant classes 4/4]
Iterations: 271000 of 500000 (4170.61 iter/sec) [active/total species 11/19, rxn classes 10, active/total reactant classes 4/4]
Iterations: 272000 of 500000 (4589.77 iter/sec) [active/total species 11/19, rxn classes 10, active/total reactant classes 4/4]
Iterations: 273000 of 500000 (5033.85 iter/sec) [active/total species 11/19, rxn classes 10, active/total reactant classes 4/4]
Iterations: 274000 of 500000 (5537.16 iter/sec) [active/total species 11/19, rxn classes 10, active/total reactant classes 4/4]
Iterations: 275000 of 500000 (6088.39 iter/sec) [active/total species 11/19, rxn classes 10, active/total reactant classes 4/4]
Iterations: 276000 of 500000 (6586.53 iter/sec) [active/total species 11/19, rxn classes 10, active/total reactant classes 4/4]
Iterations: 277000 of 500000 (7174.68 iter/sec) [active/total species 11/19, rxn classes 10, active/total reactant classes 4/4]
Iterations: 278000 of 500000 (7936.13 iter/sec) [active/total species 11/19, rxn classes 10, active/total reactant classes 4/4]
Iterations: 279000 of 500000 (8536.21 iter/sec) [active/total species 11/19, rxn classes 10, active/total reactant classes 4/4]
Iterations: 280000 of 500000 (8796.47 iter/sec) [active/total species 11/19, rxn classes 10, active/total reactant classes 4/4]
Iterations: 281000 of 500000 (9073.59 iter/sec) [active/total species 11/19, rxn classes 10, active/total reactant classes 4/4]
Iterations: 282000 of 500000 (9417.53 iter/sec) [active/total species 11/19, rxn classes 10, active/total reactant classes 4/4]
Iterations: 283000 of 500000 (10315.1 iter/sec) [active/total species 11/19, rxn classes 10, active/total reactant classes 4/4]
Iterations: 284000 of 500000 (11133 iter/sec) [active/total species 11/19, rxn classes 10, active/total reactant classes 4/4]
Iterations: 285000 of 500000 (11866.2 iter/sec) [active/total species 11/19, rxn classes 10, active/total reactant classes 4/4]
Iterations: 286000 of 500000 (12337.9 iter/sec) [active/total species 11/19, rxn classes 10, active/total reactant classes 4/4]
Iterations: 287000 of 500000 (12539.5 iter/sec) [active/total species 11/19, rxn classes 10, active/total reactant classes 4/4]
Iterations: 288000 of 500000 (13209.9 iter/sec) [active/total species 11/19, rxn classes 10, active/total reactant classes 4/4]
Iterations: 289000 of 500000 (14529.4 iter/sec) [active/total species 11/19, rxn classes 10, active/total reactant classes 4/4]
Iterations: 290000 of 500000 (15101.4 iter/sec) [active/total species 11/19, rxn classes 10, active/total reactant classes 4/4]
Iterations: 291000 of 500000 (14996.1 iter/sec) [active/total species 11/19, rxn classes 10, active/total reactant classes 4/4]
Iterations: 292000 of 500000 (15180.3 iter/sec) [active/total species 11/19, rxn classes 10, active/total reactant classes 4/4]
Iterations: 293000 of 500000 (14906.2 iter/sec) [active/total species 11/19, rxn classes 10, active/total reactant classes 4/4]
Iterations: 294000 of 500000 (14874.3 iter/sec) [active/total species 11/19, rxn classes 10, active/total reactant classes 4/4]
Iterations: 295000 of 500000 (15333 iter/sec) [active/total species 11/19, rxn classes 10, active/total reactant classes 4/4]
Iterations: 296000 of 500000 (14980.6 iter/sec) [active/total species 11/19, rxn classes 10, active/total reactant classes 4/4]
Iterations: 297000 of 500000 (15659 iter/sec) [active/total species 11/19, rxn classes 10, active/total reactant classes 4/4]
Iterations: 298000 of 500000 (15745.8 iter/sec) [active/total species 11/19, rxn classes 10, active/total reactant classes 4/4]
Iterations: 299000 of 500000 (16434.1 iter/sec) [active/total species 11/19, rxn classes 10, active/total reactant classes 4/4]
Iterations: 300000 of 500000 (16413.9 iter/sec) [active/total species 11/19, rxn classes 10, active/total reactant classes 4/4]
Iterations: 301000 of 500000 (15702 iter/sec) [active/total species 11/19, rxn classes 10, active/total reactant classes 4/4]
Iterations: 302000 of 500000 (16038.7 iter/sec) [active/total species 11/19, rxn classes 10, active/total reactant classes 4/4]
Iterations: 303000 of 500000 (16844.4 iter/sec) [active/total species 11/19, rxn classes 10, active/total reactant classes 4/4]
Iterations: 304000 of 500000 (17777.1 iter/sec) [active/total species 11/19, rxn classes 10, active/total reactant classes 4/4]
Iterations: 305000 of 500000 (17160 iter/sec) [active/total species 11/19, rxn classes 10, active/total reactant classes 4/4]
Iterations: 306000 of 500000 (17182.4 iter/sec) [active/total species 11/19, rxn classes 10, active/total reactant classes 4/4]
Iterations: 307000 of 500000 (17191.6 iter/sec) [active/total species 11/19, rxn classes 10, active/total reactant classes 4/4]
Iterations: 308000 of 500000 (16492.1 iter/sec) [active/total species 11/19, rxn classes 10, active/total reactant classes 4/4]
Iterations: 309000 of 500000 (16374.9 iter/sec) [active/total species 11/19, rxn classes 10, active/total reactant classes 4/4]
Iterations: 310000 of 500000 (15898.3 iter/sec) [active/total species 11/19, rxn classes 10, active/total reactant classes 4/4]
Iterations: 311000 of 500000 (15440.7 iter/sec) [active/total species 11/19, rxn classes 10, active/total reactant classes 4/4]
Iterations: 312000 of 500000 (14697.5 iter/sec) [active/total species 11/19, rxn classes 10, active/total reactant classes 4/4]
Iterations: 313000 of 500000 (15087.3 iter/sec) [active/total species 11/19, rxn classes 10, active/total reactant classes 4/4]
Iterations: 314000 of 500000 (15852.6 iter/sec) [active/total species 11/19, rxn classes 10, active/total reactant classes 4/4]
Iterations: 315000 of 500000 (16336.1 iter/sec) [active/total species 11/19, rxn classes 10, active/total reactant classes 4/4]
Iterations: 316000 of 500000 (16339.3 iter/sec) [active/total species 11/19, rxn classes 10, active/total reactant classes 4/4]
Iterations: 317000 of 500000 (15028.6 iter/sec) [active/total species 11/19, rxn classes 10, active/total reactant classes 4/4]
Iterations: 318000 of 500000 (14084.5 iter/sec) [active/total species 11/19, rxn classes 10, active/total reactant classes 4/4]
Iterations: 319000 of 500000 (13469.8 iter/sec) [active/total species 11/19, rxn classes 10, active/total reactant classes 4/4]
Iterations: 320000 of 500000 (14581.9 iter/sec) [active/total species 11/19, rxn classes 10, active/total reactant classes 4/4]
Iterations: 321000 of 500000 (16080.3 iter/sec) [active/total species 11/19, rxn classes 10, active/total reactant classes 4/4]
Iterations: 322000 of 500000 (17078 iter/sec) [active/total species 11/19, rxn classes 10, active/total reactant classes 4/4]
Iterations: 323000 of 500000 (17391.3 iter/sec) [active/total species 11/19, rxn classes 10, active/total reactant classes 4/4]
Iterations: 324000 of 500000 (17307 iter/sec) [active/total species 11/19, rxn classes 10, active/total reactant classes 4/4]
Iterations: 325000 of 500000 (16617.4 iter/sec) [active/total species 11/19, rxn classes 10, active/total reactant classes 4/4]
Iterations: 326000 of 500000 (16819.2 iter/sec) [active/total species 11/19, rxn classes 10, active/total reactant classes 4/4]
Iterations: 327000 of 500000 (17065.4 iter/sec) [active/total species 11/19, rxn classes 10, active/total reactant classes 4/4]
Iterations: 328000 of 500000 (17151.5 iter/sec) [active/total species 11/19, rxn classes 10, active/total reactant classes 4/4]
Iterations: 329000 of 500000 (17692.2 iter/sec) [active/total species 11/19, rxn classes 10, active/total reactant classes 4/4]
Iterations: 330000 of 500000 (17719.8 iter/sec) [active/total species 11/19, rxn classes 10, active/total reactant classes 4/4]
Iterations: 331000 of 500000 (18373.9 iter/sec) [active/total species 11/19, rxn classes 10, active/total reactant classes 4/4]
Iterations: 332000 of 500000 (19426.5 iter/sec) [active/total species 11/19, rxn classes 10, active/total reactant classes 4/4]
Iterations: 333000 of 500000 (20630.5 iter/sec) [active/total species 11/19, rxn classes 10, active/total reactant classes 4/4]
Iterations: 334000 of 500000 (20456.2 iter/sec) [active/total species 11/19, rxn classes 10, active/total reactant classes 4/4]
Iterations: 335000 of 500000 (21391.3 iter/sec) [active/total species 11/19, rxn classes 10, active/total reactant classes 4/4]
Iterations: 336000 of 500000 (22005.6 iter/sec) [active/total species 11/19, rxn classes 10, active/total reactant classes 4/4]
Iterations: 337000 of 500000 (21979 iter/sec) [active/total species 11/19, rxn classes 10, active/total reactant classes 4/4]
Iterations: 338000 of 500000 (24491.2 iter/sec) [active/total species 11/19, rxn classes 10, active/total reactant classes 4/4]
Iterations: 339000 of 500000 (26509 iter/sec) [active/total species 11/19, rxn classes 10, active/total reactant classes 4/4]
Iterations: 340000 of 500000 (25652.9 iter/sec) [active/total species 11/19, rxn classes 10, active/total reactant classes 4/4]
Iterations: 341000 of 500000 (24003.8 iter/sec) [active/total species 11/19, rxn classes 10, active/total reactant classes 4/4]
Iterations: 342000 of 500000 (22848.8 iter/sec) [active/total species 11/19, rxn classes 10, active/total reactant classes 4/4]
Iterations: 343000 of 500000 (23515 iter/sec) [active/total species 11/19, rxn classes 10, active/total reactant classes 4/4]
Iterations: 344000 of 500000 (23420.3 iter/sec) [active/total species 11/19, rxn classes 10, active/total reactant classes 4/4]
Iterations: 345000 of 500000 (21622.6 iter/sec) [active/total species 11/19, rxn classes 10, active/total reactant classes 4/4]
Iterations: 346000 of 500000 (20501 iter/sec) [active/total species 11/19, rxn classes 10, active/total reactant classes 4/4]
Iterations: 347000 of 500000 (19194.6 iter/sec) [active/total species 11/19, rxn classes 10, active/total reactant classes 4/4]
Iterations: 348000 of 500000 (18764.5 iter/sec) [active/total species 11/19, rxn classes 10, active/total reactant classes 4/4]
Iterations: 349000 of 500000 (19580.6 iter/sec) [active/total species 11/19, rxn classes 10, active/total reactant classes 4/4]
Iterations: 350000 of 500000 (18310.3 iter/sec) [active/total species 11/19, rxn classes 10, active/total reactant classes 4/4]
Iterations: 351000 of 500000 (16698.7 iter/sec) [active/total species 11/19, rxn classes 10, active/total reactant classes 4/4]
Iterations: 352000 of 500000 (15700.3 iter/sec) [active/total species 11/19, rxn classes 10, active/total reactant classes 4/4]
Iterations: 353000 of 500000 (14052.4 iter/sec) [active/total species 11/19, rxn classes 10, active/total reactant classes 4/4]
Iterations: 354000 of 500000 (13563.9 iter/sec) [active/total species 11/19, rxn classes 10, active/total reactant classes 4/4]
Iterations: 355000 of 500000 (11570.3 iter/sec) [active/total species 11/19, rxn classes 10, active/total reactant classes 4/4]
Iterations: 356000 of 500000 (7845.84 iter/sec) [active/total species 11/19, rxn classes 10, active/total reactant classes 4/4]
Iterations: 357000 of 500000 (7276.01 iter/sec) [active/total species 11/19, rxn classes 10, active/total reactant classes 4/4]
Iterations: 358000 of 500000 (6037.66 iter/sec) [active/total species 11/19, rxn classes 10, active/total reactant classes 4/4]
Iterations: 359000 of 500000 (5399.51 iter/sec) [active/total species 11/19, rxn classes 10, active/total reactant classes 4/4]
Iterations: 360000 of 500000 (5061.42 iter/sec) [active/total species 11/19, rxn classes 10, active/total reactant classes 4/4]
Iterations: 361000 of 500000 (4225.4 iter/sec) [active/total species 11/19, rxn classes 10, active/total reactant classes 4/4]
Iterations: 362000 of 500000 (3325.24 iter/sec) [active/total species 11/19, rxn classes 10, active/total reactant classes 4/4]
Iterations: 363000 of 500000 (2677.02 iter/sec) [active/total species 11/19, rxn classes 10, active/total reactant classes 4/4]
Iterations: 364000 of 500000 (2525.67 iter/sec) [active/total species 11/19, rxn classes 10, active/total reactant classes 4/4]
Iterations: 365000 of 500000 (2117.78 iter/sec) [active/total species 11/19, rxn classes 10, active/total reactant classes 4/4]
Iterations: 366000 of 500000 (1874.57 iter/sec) [active/total species 11/19, rxn classes 10, active/total reactant classes 4/4]
Iterations: 367000 of 500000 (1755.37 iter/sec) [active/total species 11/19, rxn classes 10, active/total reactant classes 4/4]
Iterations: 368000 of 500000 (1605.29 iter/sec) [active/total species 11/19, rxn classes 10, active/total reactant classes 4/4]
Iterations: 369000 of 500000 (1510.82 iter/sec) [active/total species 11/19, rxn classes 10, active/total reactant classes 4/4]
Iterations: 370000 of 500000 (1441.23 iter/sec) [active/total species 11/19, rxn classes 10, active/total reactant classes 4/4]
Iterations: 371000 of 500000 (1330.98 iter/sec) [active/total species 11/19, rxn classes 10, active/total reactant classes 4/4]
Iterations: 372000 of 500000 (1295.16 iter/sec) [active/total species 11/19, rxn classes 10, active/total reactant classes 4/4]
Iterations: 373000 of 500000 (1285.35 iter/sec) [active/total species 11/19, rxn classes 10, active/total reactant classes 4/4]
Iterations: 374000 of 500000 (1300.33 iter/sec) [active/total species 11/19, rxn classes 10, active/total reactant classes 4/4]
Iterations: 375000 of 500000 (1298.59 iter/sec) [active/total species 11/19, rxn classes 10, active/total reactant classes 4/4]
Iterations: 376000 of 500000 (1297.4 iter/sec) [active/total species 11/19, rxn classes 10, active/total reactant classes 4/4]
Iterations: 377000 of 500000 (1311.76 iter/sec) [active/total species 11/19, rxn classes 10, active/total reactant classes 4/4]
Iterations: 378000 of 500000 (1295.35 iter/sec) [active/total species 11/19, rxn classes 10, active/total reactant classes 4/4]
Iterations: 379000 of 500000 (1326.88 iter/sec) [active/total species 11/19, rxn classes 10, active/total reactant classes 4/4]
Iterations: 380000 of 500000 (1283.11 iter/sec) [active/total species 11/19, rxn classes 10, active/total reactant classes 4/4]
Iterations: 381000 of 500000 (1223.41 iter/sec) [active/total species 11/19, rxn classes 10, active/total reactant classes 4/4]
Iterations: 382000 of 500000 (1250.84 iter/sec) [active/total species 11/19, rxn classes 10, active/total reactant classes 4/4]
Iterations: 383000 of 500000 (1275.95 iter/sec) [active/total species 11/19, rxn classes 10, active/total reactant classes 4/4]
Iterations: 384000 of 500000 (1279.51 iter/sec) [active/total species 11/19, rxn classes 10, active/total reactant classes 4/4]
Iterations: 385000 of 500000 (1323.78 iter/sec) [active/total species 11/19, rxn classes 10, active/total reactant classes 4/4]
Iterations: 386000 of 500000 (1374.63 iter/sec) [active/total species 11/19, rxn classes 10, active/total reactant classes 4/4]
Iterations: 387000 of 500000 (1367.22 iter/sec) [active/total species 11/19, rxn classes 10, active/total reactant classes 4/4]
Iterations: 388000 of 500000 (1382.28 iter/sec) [active/total species 11/19, rxn classes 10, active/total reactant classes 4/4]
Iterations: 389000 of 500000 (1442.41 iter/sec) [active/total species 11/19, rxn classes 10, active/total reactant classes 4/4]
Iterations: 390000 of 500000 (1408.82 iter/sec) [active/total species 11/19, rxn classes 10, active/total reactant classes 4/4]
Iterations: 391000 of 500000 (1308.9 iter/sec) [active/total species 11/19, rxn classes 10, active/total reactant classes 4/4]
Iterations: 392000 of 500000 (1282.34 iter/sec) [active/total species 11/19, rxn classes 10, active/total reactant classes 4/4]
Iterations: 393000 of 500000 (1312.59 iter/sec) [active/total species 11/19, rxn classes 10, active/total reactant classes 4/4]
Iterations: 394000 of 500000 (1332.46 iter/sec) [active/total species 11/19, rxn classes 10, active/total reactant classes 4/4]
Iterations: 395000 of 500000 (1316.25 iter/sec) [active/total species 11/19, rxn classes 10, active/total reactant classes 4/4]
Iterations: 396000 of 500000 (1318.32 iter/sec) [active/total species 11/19, rxn classes 10, active/total reactant classes 4/4]
Iterations: 397000 of 500000 (1338.59 iter/sec) [active/total species 11/19, rxn classes 10, active/total reactant classes 4/4]
Iterations: 398000 of 500000 (1439.24 iter/sec) [active/total species 11/19, rxn classes 10, active/total reactant classes 4/4]
Iterations: 399000 of 500000 (1557.73 iter/sec) [active/total species 11/19, rxn classes 10, active/total reactant classes 4/4]
Iterations: 400000 of 500000 (1597.11 iter/sec) [active/total species 11/19, rxn classes 10, active/total reactant classes 4/4]
Iterations: 401000 of 500000 (1640.35 iter/sec) [active/total species 11/19, rxn classes 10, active/total reactant classes 4/4]
Iterations: 402000 of 500000 (1741.53 iter/sec) [active/total species 11/19, rxn classes 10, active/total reactant classes 4/4]
Iterations: 403000 of 500000 (1930.14 iter/sec) [active/total species 11/19, rxn classes 10, active/total reactant classes 4/4]
Iterations: 404000 of 500000 (2122.79 iter/sec) [active/total species 11/19, rxn classes 10, active/total reactant classes 4/4]
Iterations: 405000 of 500000 (2438.03 iter/sec) [active/total species 11/19, rxn classes 10, active/total reactant classes 4/4]
Iterations: 406000 of 500000 (2764.71 iter/sec) [active/total species 11/19, rxn classes 10, active/total reactant classes 4/4]
Iterations: 407000 of 500000 (3108.89 iter/sec) [active/total species 11/19, rxn classes 10, active/total reactant classes 4/4]
Iterations: 408000 of 500000 (3443.28 iter/sec) [active/total species 11/19, rxn classes 10, active/total reactant classes 4/4]
Iterations: 409000 of 500000 (3904.39 iter/sec) [active/total species 11/19, rxn classes 10, active/total reactant classes 4/4]
Iterations: 410000 of 500000 (4428.54 iter/sec) [active/total species 11/19, rxn classes 10, active/total reactant classes 4/4]
Iterations: 411000 of 500000 (4815.19 iter/sec) [active/total species 11/19, rxn classes 10, active/total reactant classes 4/4]
Iterations: 412000 of 500000 (5216.84 iter/sec) [active/total species 11/19, rxn classes 10, active/total reactant classes 4/4]
Iterations: 413000 of 500000 (5720.27 iter/sec) [active/total species 11/19, rxn classes 10, active/total reactant classes 4/4]
Iterations: 414000 of 500000 (6212.41 iter/sec) [active/total species 11/19, rxn classes 10, active/total reactant classes 4/4]
Iterations: 415000 of 500000 (6754.2 iter/sec) [active/total species 11/19, rxn classes 10, active/total reactant classes 4/4]
Iterations: 416000 of 500000 (7162.09 iter/sec) [active/total species 11/19, rxn classes 10, active/total reactant classes 4/4]
Iterations: 417000 of 500000 (7722.19 iter/sec) [active/total species 11/19, rxn classes 10, active/total reactant classes 4/4]
Iterations: 418000 of 500000 (8352.68 iter/sec) [active/total species 11/19, rxn classes 10, active/total reactant classes 4/4]
Iterations: 419000 of 500000 (9243.51 iter/sec) [active/total species 11/19, rxn classes 10, active/total reactant classes 4/4]
Iterations: 420000 of 500000 (9777.85 iter/sec) [active/total species 11/19, rxn classes 10, active/total reactant classes 4/4]
Iterations: 421000 of 500000 (10328.8 iter/sec) [active/total species 11/19, rxn classes 10, active/total reactant classes 4/4]
Iterations: 422000 of 500000 (10156.5 iter/sec) [active/total species 11/19, rxn classes 10, active/total reactant classes 4/4]
Iterations: 423000 of 500000 (10286.3 iter/sec) [active/total species 11/19, rxn classes 10, active/total reactant classes 4/4]
Iterations: 424000 of 500000 (10560 iter/sec) [active/total species 11/19, rxn classes 10, active/total reactant classes 4/4]
Iterations: 425000 of 500000 (11278.7 iter/sec) [active/total species 11/19, rxn classes 10, active/total reactant classes 4/4]
Iterations: 426000 of 500000 (12009.8 iter/sec) [active/total species 11/19, rxn classes 10, active/total reactant classes 4/4]
Iterations: 427000 of 500000 (12535.3 iter/sec) [active/total species 11/19, rxn classes 10, active/total reactant classes 4/4]
Iterations: 428000 of 500000 (12154.4 iter/sec) [active/total species 11/19, rxn classes 10, active/total reactant classes 4/4]
Iterations: 429000 of 500000 (11457.9 iter/sec) [active/total species 11/19, rxn classes 10, active/total reactant classes 4/4]
Iterations: 430000 of 500000 (11300.3 iter/sec) [active/total species 11/19, rxn classes 10, active/total reactant classes 4/4]
Iterations: 431000 of 500000 (12167.2 iter/sec) [active/total species 11/19, rxn classes 10, active/total reactant classes 4/4]
Iterations: 432000 of 500000 (13666.2 iter/sec) [active/total species 11/19, rxn classes 10, active/total reactant classes 4/4]
Iterations: 433000 of 500000 (14683.9 iter/sec) [active/total species 11/19, rxn classes 10, active/total reactant classes 4/4]
Iterations: 434000 of 500000 (16112.7 iter/sec) [active/total species 11/19, rxn classes 10, active/total reactant classes 4/4]
Iterations: 435000 of 500000 (17552.5 iter/sec) [active/total species 11/19, rxn classes 10, active/total reactant classes 4/4]
Iterations: 436000 of 500000 (17149.7 iter/sec) [active/total species 11/19, rxn classes 10, active/total reactant classes 4/4]
Iterations: 437000 of 500000 (17790.7 iter/sec) [active/total species 11/19, rxn classes 10, active/total reactant classes 4/4]
Iterations: 438000 of 500000 (17963.6 iter/sec) [active/total species 11/19, rxn classes 10, active/total reactant classes 4/4]
Iterations: 439000 of 500000 (18401.3 iter/sec) [active/total species 11/19, rxn classes 10, active/total reactant classes 4/4]
Iterations: 440000 of 500000 (17627.7 iter/sec) [active/total species 11/19, rxn classes 10, active/total reactant classes 4/4]
Iterations: 441000 of 500000 (17309.1 iter/sec) [active/total species 11/19, rxn classes 10, active/total reactant classes 4/4]
Iterations: 442000 of 500000 (17418.9 iter/sec) [active/total species 11/19, rxn classes 10, active/total reactant classes 4/4]
Iterations: 443000 of 500000 (18887.5 iter/sec) [active/total species 11/19, rxn classes 10, active/total reactant classes 4/4]
Iterations: 444000 of 500000 (20220 iter/sec) [active/total species 11/19, rxn classes 10, active/total reactant classes 4/4]
Iterations: 445000 of 500000 (21791.7 iter/sec) [active/total species 11/19, rxn classes 10, active/total reactant classes 4/4]
Iterations: 446000 of 500000 (23443.9 iter/sec) [active/total species 11/19, rxn classes 10, active/total reactant classes 4/4]
Iterations: 447000 of 500000 (23884 iter/sec) [active/total species 11/19, rxn classes 10, active/total reactant classes 4/4]
Iterations: 448000 of 500000 (22812.8 iter/sec) [active/total species 11/19, rxn classes 10, active/total reactant classes 4/4]
Iterations: 449000 of 500000 (21070.4 iter/sec) [active/total species 11/19, rxn classes 10, active/total reactant classes 4/4]
Iterations: 450000 of 500000 (20132.1 iter/sec) [active/total species 11/19, rxn classes 10, active/total reactant classes 4/4]
Iterations: 451000 of 500000 (19339.4 iter/sec) [active/total species 11/19, rxn classes 10, active/total reactant classes 4/4]
Iterations: 452000 of 500000 (18668.9 iter/sec) [active/total species 11/19, rxn classes 10, active/total reactant classes 4/4]
Iterations: 453000 of 500000 (18217.3 iter/sec) [active/total species 11/19, rxn classes 10, active/total reactant classes 4/4]
Iterations: 454000 of 500000 (18923.6 iter/sec) [active/total species 11/19, rxn classes 10, active/total reactant classes 4/4]
Iterations: 455000 of 500000 (20023.2 iter/sec) [active/total species 11/19, rxn classes 10, active/total reactant classes 4/4]
Iterations: 456000 of 500000 (21400 iter/sec) [active/total species 11/19, rxn classes 10, active/total reactant classes 4/4]
Iterations: 457000 of 500000 (22414 iter/sec) [active/total species 11/19, rxn classes 10, active/total reactant classes 4/4]
Iterations: 458000 of 500000 (21593.1 iter/sec) [active/total species 11/19, rxn classes 10, active/total reactant classes 4/4]
Iterations: 459000 of 500000 (19939.8 iter/sec) [active/total species 11/19, rxn classes 10, active/total reactant classes 4/4]
Iterations: 460000 of 500000 (18467.2 iter/sec) [active/total species 11/19, rxn classes 10, active/total reactant classes 4/4]
Iterations: 461000 of 500000 (17806.6 iter/sec) [active/total species 11/19, rxn classes 10, active/total reactant classes 4/4]
Iterations: 462000 of 500000 (17300.4 iter/sec) [active/total species 11/19, rxn classes 10, active/total reactant classes 4/4]
Iterations: 463000 of 500000 (17926.6 iter/sec) [active/total species 11/19, rxn classes 10, active/total reactant classes 4/4]
Iterations: 464000 of 500000 (17849.2 iter/sec) [active/total species 11/19, rxn classes 10, active/total reactant classes 4/4]
Iterations: 465000 of 500000 (17053.8 iter/sec) [active/total species 11/19, rxn classes 10, active/total reactant classes 4/4]
Iterations: 466000 of 500000 (18832.7 iter/sec) [active/total species 11/19, rxn classes 10, active/total reactant classes 4/4]
Iterations: 467000 of 500000 (20766.3 iter/sec) [active/total species 11/19, rxn classes 10, active/total reactant classes 4/4]
Iterations: 468000 of 500000 (22169 iter/sec) [active/total species 11/19, rxn classes 10, active/total reactant classes 4/4]
Iterations: 469000 of 500000 (23822 iter/sec) [active/total species 11/19, rxn classes 10, active/total reactant classes 4/4]
Iterations: 470000 of 500000 (23029.8 iter/sec) [active/total species 11/19, rxn classes 10, active/total reactant classes 4/4]
Iterations: 471000 of 500000 (22374.4 iter/sec) [active/total species 11/19, rxn classes 10, active/total reactant classes 4/4]
Iterations: 472000 of 500000 (22664.9 iter/sec) [active/total species 11/19, rxn classes 10, active/total reactant classes 4/4]
Iterations: 473000 of 500000 (21594.5 iter/sec) [active/total species 11/19, rxn classes 10, active/total reactant classes 4/4]
Iterations: 474000 of 500000 (20014.8 iter/sec) [active/total species 11/19, rxn classes 10, active/total reactant classes 4/4]
Iterations: 475000 of 500000 (19011 iter/sec) [active/total species 11/19, rxn classes 10, active/total reactant classes 4/4]
Iterations: 476000 of 500000 (17434.1 iter/sec) [active/total species 11/19, rxn classes 10, active/total reactant classes 4/4]
Iterations: 477000 of 500000 (17917.6 iter/sec) [active/total species 11/19, rxn classes 10, active/total reactant classes 4/4]
Iterations: 478000 of 500000 (18299.9 iter/sec) [active/total species 11/19, rxn classes 10, active/total reactant classes 4/4]
Iterations: 479000 of 500000 (19063.6 iter/sec) [active/total species 11/19, rxn classes 10, active/total reactant classes 4/4]
Iterations: 480000 of 500000 (20423.6 iter/sec) [active/total species 11/19, rxn classes 10, active/total reactant classes 4/4]
Iterations: 481000 of 500000 (21201.3 iter/sec) [active/total species 11/19, rxn classes 10, active/total reactant classes 4/4]
Iterations: 482000 of 500000 (20639 iter/sec) [active/total species 11/19, rxn classes 10, active/total reactant classes 4/4]
Iterations: 483000 of 500000 (20243.7 iter/sec) [active/total species 11/19, rxn classes 10, active/total reactant classes 4/4]
Iterations: 484000 of 500000 (18901.1 iter/sec) [active/total species 11/19, rxn classes 10, active/total reactant classes 4/4]
Iterations: 485000 of 500000 (16382.4 iter/sec) [active/total species 11/19, rxn classes 10, active/total reactant classes 4/4]
Iterations: 486000 of 500000 (15876.3 iter/sec) [active/total species 11/19, rxn classes 10, active/total reactant classes 4/4]
Iterations: 487000 of 500000 (16653.3 iter/sec) [active/total species 11/19, rxn classes 10, active/total reactant classes 4/4]
Iterations: 488000 of 500000 (16353.5 iter/sec) [active/total species 11/19, rxn classes 10, active/total reactant classes 4/4]
Iterations: 489000 of 500000 (16047.2 iter/sec) [active/total species 11/19, rxn classes 10, active/total reactant classes 4/4]
Iterations: 490000 of 500000 (15955.1 iter/sec) [active/total species 11/19, rxn classes 10, active/total reactant classes 4/4]
Iterations: 491000 of 500000 (16754.1 iter/sec) [active/total species 11/19, rxn classes 10, active/total reactant classes 4/4]
Iterations: 492000 of 500000 (17159.1 iter/sec) [active/total species 11/19, rxn classes 10, active/total reactant classes 4/4]
Iterations: 493000 of 500000 (16264.9 iter/sec) [active/total species 11/19, rxn classes 10, active/total reactant classes 4/4]
Iterations: 494000 of 500000 (15398.8 iter/sec) [active/total species 11/19, rxn classes 10, active/total reactant classes 4/4]
Iterations: 495000 of 500000 (16195.1 iter/sec) [active/total species 11/19, rxn classes 10, active/total reactant classes 4/4]
Iterations: 496000 of 500000 (16521 iter/sec) [active/total species 11/19, rxn classes 10, active/total reactant classes 4/4]
Iterations: 497000 of 500000 (16812.9 iter/sec) [active/total species 11/19, rxn classes 10, active/total reactant classes 4/4]
Iterations: 498000 of 500000 (16842.7 iter/sec) [active/total species 11/19, rxn classes 10, active/total reactant classes 4/4]
Iterations: 499000 of 500000 (17592.3 iter/sec) [active/total species 11/19, rxn classes 10, active/total reactant classes 4/4]
Iterations: 500000 of 500000 (17247.9 iter/sec) [active/total species 11/19, rxn classes 10, active/total reactant classes 4/4]
Seting diffusion constants to variant D1000_all
Iteration 500000, simulation finished successfully
Total number of ray-subvolume intersection tests (number of ray_trace calls): 554050206
Total number of ray-polygon intersection tests: 3956687274
Total number of ray-polygon intersections: 141260029
Total number of mol reflections from a wall: 128704238
Total number of vol mol vol mol collisions: 44689
Total number of molecule moves between walls: 0
Total number of usages of waypoints for counted volumes: 0
Total number of counted volume recomputations: 107550
Total number of diffuse 3d calls: 425345968
Average diffusion jump was: 0.999596 timesteps  (4.25174e+08/425345968)
Simulation CPU time = 127.662 (user) and 0.003999 (system)
Simulation CPU time without iteration 0 = 127.662 (user) and 0.003999 (system)
