DIR:/nadata/cnl/home/ahusar/article/mcell_tests/examples/mcell4/hybrid_circadian_clock/mcell4_hybrid/D1000_all
CMD:/nadata/cnl/home/ahusar/tools/anaconda/envs/default/bin/python ../model.py -seed 557 D1000_all
Initializing 64 waypoints... 
Partition contains 4^3 subpartitions, subpartition size is 0.5 microns.
Copyright (C) 2006-2021 by
  The National Center for Multiscale Modeling of Biological Systems,
  The Salk Institute for Biological Studies, and
  Pittsburgh Supercomputing Center, Carnegie Mellon University,

**********************************************************************
MCell development is supported by the NIGMS-funded (P41GM103712)
National Center for Multiscale Modeling of Biological Systems (MMBioS).
Please acknowledge MCell in your publications.
**********************************************************************

Iterations: 0 of 500000
Released 1 PrmA@Cube from "Release of PrmA@Cube at Cube" at iteration 0.
Released 1 PrmR@Cube from "Release of PrmR@Cube at Cube" at iteration 0.
Iterations: 1000 of 500000 (58678.6 iter/sec) [active/total species 7/15, rxn classes 6, active/total reactant classes 4/4]
Iterations: 2000 of 500000 (41353.1 iter/sec) [active/total species 8/16, rxn classes 7, active/total reactant classes 4/4]
Iterations: 3000 of 500000 (19893 iter/sec) [active/total species 10/18, rxn classes 9, active/total reactant classes 4/4]
Iterations: 4000 of 500000 (8254.71 iter/sec) [active/total species 11/19, rxn classes 10, active/total reactant classes 4/4]
Iterations: 5000 of 500000 (5443.36 iter/sec) [active/total species 11/19, rxn classes 10, active/total reactant classes 4/4]
Iterations: 6000 of 500000 (4069.13 iter/sec) [active/total species 11/19, rxn classes 10, active/total reactant classes 4/4]
Iterations: 7000 of 500000 (3276.11 iter/sec) [active/total species 11/19, rxn classes 10, active/total reactant classes 4/4]
Iterations: 8000 of 500000 (2685.86 iter/sec) [active/total species 11/19, rxn classes 10, active/total reactant classes 4/4]
Iterations: 9000 of 500000 (2190.82 iter/sec) [active/total species 11/19, rxn classes 10, active/total reactant classes 4/4]
Iterations: 10000 of 500000 (1890.82 iter/sec) [active/total species 11/19, rxn classes 10, active/total reactant classes 4/4]
Iterations: 11000 of 500000 (1656.6 iter/sec) [active/total species 11/19, rxn classes 10, active/total reactant classes 4/4]
Iterations: 12000 of 500000 (1513.17 iter/sec) [active/total species 11/19, rxn classes 10, active/total reactant classes 4/4]
Iterations: 13000 of 500000 (1423.74 iter/sec) [active/total species 11/19, rxn classes 10, active/total reactant classes 4/4]
Iterations: 14000 of 500000 (1306.17 iter/sec) [active/total species 11/19, rxn classes 10, active/total reactant classes 4/4]
Iterations: 15000 of 500000 (1208.45 iter/sec) [active/total species 11/19, rxn classes 10, active/total reactant classes 4/4]
Iterations: 16000 of 500000 (1188.45 iter/sec) [active/total species 11/19, rxn classes 10, active/total reactant classes 4/4]
Iterations: 17000 of 500000 (1176.15 iter/sec) [active/total species 11/19, rxn classes 10, active/total reactant classes 4/4]
Iterations: 18000 of 500000 (1179.33 iter/sec) [active/total species 11/19, rxn classes 10, active/total reactant classes 4/4]
Iterations: 19000 of 500000 (1206.64 iter/sec) [active/total species 11/19, rxn classes 10, active/total reactant classes 4/4]
Iterations: 20000 of 500000 (1230.18 iter/sec) [active/total species 11/19, rxn classes 10, active/total reactant classes 4/4]
Iterations: 21000 of 500000 (1180.03 iter/sec) [active/total species 11/19, rxn classes 10, active/total reactant classes 4/4]
Iterations: 22000 of 500000 (1165.21 iter/sec) [active/total species 11/19, rxn classes 10, active/total reactant classes 4/4]
Iterations: 23000 of 500000 (1184.53 iter/sec) [active/total species 11/19, rxn classes 10, active/total reactant classes 4/4]
Iterations: 24000 of 500000 (1160.05 iter/sec) [active/total species 11/19, rxn classes 10, active/total reactant classes 4/4]
Iterations: 25000 of 500000 (1115.82 iter/sec) [active/total species 11/19, rxn classes 10, active/total reactant classes 4/4]
Iterations: 26000 of 500000 (1092.27 iter/sec) [active/total species 11/19, rxn classes 10, active/total reactant classes 4/4]
Iterations: 27000 of 500000 (1113.19 iter/sec) [active/total species 11/19, rxn classes 10, active/total reactant classes 4/4]
Iterations: 28000 of 500000 (1112.78 iter/sec) [active/total species 11/19, rxn classes 10, active/total reactant classes 4/4]
Iterations: 29000 of 500000 (1134.9 iter/sec) [active/total species 11/19, rxn classes 10, active/total reactant classes 4/4]
Iterations: 30000 of 500000 (1158.79 iter/sec) [active/total species 11/19, rxn classes 10, active/total reactant classes 4/4]
Iterations: 31000 of 500000 (1150.76 iter/sec) [active/total species 11/19, rxn classes 10, active/total reactant classes 4/4]
Iterations: 32000 of 500000 (1187.21 iter/sec) [active/total species 11/19, rxn classes 10, active/total reactant classes 4/4]
Iterations: 33000 of 500000 (1215.63 iter/sec) [active/total species 11/19, rxn classes 10, active/total reactant classes 4/4]
Iterations: 34000 of 500000 (1216.59 iter/sec) [active/total species 11/19, rxn classes 10, active/total reactant classes 4/4]
Iterations: 35000 of 500000 (1233.03 iter/sec) [active/total species 11/19, rxn classes 10, active/total reactant classes 4/4]
Iterations: 36000 of 500000 (1272.02 iter/sec) [active/total species 11/19, rxn classes 10, active/total reactant classes 4/4]
Iterations: 37000 of 500000 (1329.77 iter/sec) [active/total species 11/19, rxn classes 10, active/total reactant classes 4/4]
Iterations: 38000 of 500000 (1372.27 iter/sec) [active/total species 11/19, rxn classes 10, active/total reactant classes 4/4]
Iterations: 39000 of 500000 (1377.74 iter/sec) [active/total species 11/19, rxn classes 10, active/total reactant classes 4/4]
Iterations: 40000 of 500000 (1361.7 iter/sec) [active/total species 11/19, rxn classes 10, active/total reactant classes 4/4]
Iterations: 41000 of 500000 (1318.77 iter/sec) [active/total species 11/19, rxn classes 10, active/total reactant classes 4/4]
Iterations: 42000 of 500000 (1337.37 iter/sec) [active/total species 11/19, rxn classes 10, active/total reactant classes 4/4]
Iterations: 43000 of 500000 (1346.8 iter/sec) [active/total species 11/19, rxn classes 10, active/total reactant classes 4/4]
Iterations: 44000 of 500000 (1399.85 iter/sec) [active/total species 11/19, rxn classes 10, active/total reactant classes 4/4]
Iterations: 45000 of 500000 (1490.36 iter/sec) [active/total species 11/19, rxn classes 10, active/total reactant classes 4/4]
Iterations: 46000 of 500000 (1581.2 iter/sec) [active/total species 11/19, rxn classes 10, active/total reactant classes 4/4]
Iterations: 47000 of 500000 (1630.19 iter/sec) [active/total species 11/19, rxn classes 10, active/total reactant classes 4/4]
Iterations: 48000 of 500000 (1674.68 iter/sec) [active/total species 11/19, rxn classes 10, active/total reactant classes 4/4]
Iterations: 49000 of 500000 (1726.43 iter/sec) [active/total species 11/19, rxn classes 10, active/total reactant classes 4/4]
Iterations: 50000 of 500000 (1875.73 iter/sec) [active/total species 11/19, rxn classes 10, active/total reactant classes 4/4]
Iterations: 51000 of 500000 (1975.3 iter/sec) [active/total species 11/19, rxn classes 10, active/total reactant classes 4/4]
Iterations: 52000 of 500000 (2183.41 iter/sec) [active/total species 11/19, rxn classes 10, active/total reactant classes 4/4]
Iterations: 53000 of 500000 (2486.96 iter/sec) [active/total species 11/19, rxn classes 10, active/total reactant classes 4/4]
Iterations: 54000 of 500000 (2785.62 iter/sec) [active/total species 11/19, rxn classes 10, active/total reactant classes 4/4]
Iterations: 55000 of 500000 (3031.72 iter/sec) [active/total species 11/19, rxn classes 10, active/total reactant classes 4/4]
Iterations: 56000 of 500000 (3360.98 iter/sec) [active/total species 11/19, rxn classes 10, active/total reactant classes 4/4]
Iterations: 57000 of 500000 (3678.11 iter/sec) [active/total species 11/19, rxn classes 10, active/total reactant classes 4/4]
Iterations: 58000 of 500000 (4046.37 iter/sec) [active/total species 11/19, rxn classes 10, active/total reactant classes 4/4]
Iterations: 59000 of 500000 (4386.27 iter/sec) [active/total species 11/19, rxn classes 10, active/total reactant classes 4/4]
Iterations: 60000 of 500000 (4760.02 iter/sec) [active/total species 11/19, rxn classes 10, active/total reactant classes 4/4]
Iterations: 61000 of 500000 (5129.94 iter/sec) [active/total species 11/19, rxn classes 10, active/total reactant classes 4/4]
Iterations: 62000 of 500000 (5715.2 iter/sec) [active/total species 11/19, rxn classes 10, active/total reactant classes 4/4]
Iterations: 63000 of 500000 (6325.15 iter/sec) [active/total species 11/19, rxn classes 10, active/total reactant classes 4/4]
Iterations: 64000 of 500000 (6877.44 iter/sec) [active/total species 11/19, rxn classes 10, active/total reactant classes 4/4]
Iterations: 65000 of 500000 (7303.75 iter/sec) [active/total species 11/19, rxn classes 10, active/total reactant classes 4/4]
Iterations: 66000 of 500000 (7885.44 iter/sec) [active/total species 11/19, rxn classes 10, active/total reactant classes 4/4]
Iterations: 67000 of 500000 (8313.66 iter/sec) [active/total species 11/19, rxn classes 10, active/total reactant classes 4/4]
Iterations: 68000 of 500000 (8944.62 iter/sec) [active/total species 11/19, rxn classes 10, active/total reactant classes 4/4]
Iterations: 69000 of 500000 (9244.71 iter/sec) [active/total species 11/19, rxn classes 10, active/total reactant classes 4/4]
Iterations: 70000 of 500000 (10087.9 iter/sec) [active/total species 11/19, rxn classes 10, active/total reactant classes 4/4]
Iterations: 71000 of 500000 (10810.3 iter/sec) [active/total species 11/19, rxn classes 10, active/total reactant classes 4/4]
Iterations: 72000 of 500000 (12134.6 iter/sec) [active/total species 11/19, rxn classes 10, active/total reactant classes 4/4]
Iterations: 73000 of 500000 (12780 iter/sec) [active/total species 11/19, rxn classes 10, active/total reactant classes 4/4]
Iterations: 74000 of 500000 (12763.2 iter/sec) [active/total species 11/19, rxn classes 10, active/total reactant classes 4/4]
Iterations: 75000 of 500000 (12152 iter/sec) [active/total species 11/19, rxn classes 10, active/total reactant classes 4/4]
Iterations: 76000 of 500000 (12296 iter/sec) [active/total species 11/19, rxn classes 10, active/total reactant classes 4/4]
Iterations: 77000 of 500000 (12513.9 iter/sec) [active/total species 11/19, rxn classes 10, active/total reactant classes 4/4]
Iterations: 78000 of 500000 (12797.2 iter/sec) [active/total species 11/19, rxn classes 10, active/total reactant classes 4/4]
Iterations: 79000 of 500000 (13100 iter/sec) [active/total species 11/19, rxn classes 10, active/total reactant classes 4/4]
Iterations: 80000 of 500000 (13163.8 iter/sec) [active/total species 11/19, rxn classes 10, active/total reactant classes 4/4]
Iterations: 81000 of 500000 (13171.1 iter/sec) [active/total species 11/19, rxn classes 10, active/total reactant classes 4/4]
Iterations: 82000 of 500000 (13927 iter/sec) [active/total species 11/19, rxn classes 10, active/total reactant classes 4/4]
Iterations: 83000 of 500000 (14768.2 iter/sec) [active/total species 11/19, rxn classes 10, active/total reactant classes 4/4]
Iterations: 84000 of 500000 (16014.1 iter/sec) [active/total species 11/19, rxn classes 10, active/total reactant classes 4/4]
Iterations: 85000 of 500000 (17164.1 iter/sec) [active/total species 11/19, rxn classes 10, active/total reactant classes 4/4]
Iterations: 86000 of 500000 (17896.8 iter/sec) [active/total species 11/19, rxn classes 10, active/total reactant classes 4/4]
Iterations: 87000 of 500000 (18079.6 iter/sec) [active/total species 11/19, rxn classes 10, active/total reactant classes 4/4]
Iterations: 88000 of 500000 (17642 iter/sec) [active/total species 11/19, rxn classes 10, active/total reactant classes 4/4]
Iterations: 89000 of 500000 (17229.5 iter/sec) [active/total species 11/19, rxn classes 10, active/total reactant classes 4/4]
Iterations: 90000 of 500000 (15450.7 iter/sec) [active/total species 11/19, rxn classes 10, active/total reactant classes 4/4]
Iterations: 91000 of 500000 (15439.2 iter/sec) [active/total species 11/19, rxn classes 10, active/total reactant classes 4/4]
Iterations: 92000 of 500000 (16642.8 iter/sec) [active/total species 11/19, rxn classes 10, active/total reactant classes 4/4]
Iterations: 93000 of 500000 (16981.1 iter/sec) [active/total species 11/19, rxn classes 10, active/total reactant classes 4/4]
Iterations: 94000 of 500000 (17403.1 iter/sec) [active/total species 11/19, rxn classes 10, active/total reactant classes 4/4]
Iterations: 95000 of 500000 (18279.5 iter/sec) [active/total species 11/19, rxn classes 10, active/total reactant classes 4/4]
Iterations: 96000 of 500000 (19558 iter/sec) [active/total species 11/19, rxn classes 10, active/total reactant classes 4/4]
Iterations: 97000 of 500000 (20169 iter/sec) [active/total species 11/19, rxn classes 10, active/total reactant classes 4/4]
Iterations: 98000 of 500000 (21173.9 iter/sec) [active/total species 11/19, rxn classes 10, active/total reactant classes 4/4]
Iterations: 99000 of 500000 (20649.6 iter/sec) [active/total species 11/19, rxn classes 10, active/total reactant classes 4/4]
Iterations: 100000 of 500000 (20529.2 iter/sec) [active/total species 11/19, rxn classes 10, active/total reactant classes 4/4]
Iterations: 101000 of 500000 (19410.7 iter/sec) [active/total species 11/19, rxn classes 10, active/total reactant classes 4/4]
Iterations: 102000 of 500000 (19412.6 iter/sec) [active/total species 11/19, rxn classes 10, active/total reactant classes 4/4]
Iterations: 103000 of 500000 (19542.3 iter/sec) [active/total species 11/19, rxn classes 10, active/total reactant classes 4/4]
Iterations: 104000 of 500000 (18161.7 iter/sec) [active/total species 11/19, rxn classes 10, active/total reactant classes 4/4]
Iterations: 105000 of 500000 (17821.2 iter/sec) [active/total species 11/19, rxn classes 10, active/total reactant classes 4/4]
Iterations: 106000 of 500000 (18023.2 iter/sec) [active/total species 11/19, rxn classes 10, active/total reactant classes 4/4]
Iterations: 107000 of 500000 (17687.8 iter/sec) [active/total species 11/19, rxn classes 10, active/total reactant classes 4/4]
Iterations: 108000 of 500000 (16532.5 iter/sec) [active/total species 11/19, rxn classes 10, active/total reactant classes 4/4]
Iterations: 109000 of 500000 (15989.5 iter/sec) [active/total species 11/19, rxn classes 10, active/total reactant classes 4/4]
Iterations: 110000 of 500000 (15665.1 iter/sec) [active/total species 11/19, rxn classes 10, active/total reactant classes 4/4]
Iterations: 111000 of 500000 (15749.3 iter/sec) [active/total species 11/19, rxn classes 10, active/total reactant classes 4/4]
Iterations: 112000 of 500000 (15490.2 iter/sec) [active/total species 11/19, rxn classes 10, active/total reactant classes 4/4]
Iterations: 113000 of 500000 (13593.4 iter/sec) [active/total species 11/19, rxn classes 10, active/total reactant classes 4/4]
Iterations: 114000 of 500000 (12493.1 iter/sec) [active/total species 11/19, rxn classes 10, active/total reactant classes 4/4]
Iterations: 115000 of 500000 (11891.6 iter/sec) [active/total species 11/19, rxn classes 10, active/total reactant classes 4/4]
Iterations: 116000 of 500000 (11267.4 iter/sec) [active/total species 11/19, rxn classes 10, active/total reactant classes 4/4]
Iterations: 117000 of 500000 (11791.9 iter/sec) [active/total species 11/19, rxn classes 10, active/total reactant classes 4/4]
Iterations: 118000 of 500000 (12641.4 iter/sec) [active/total species 11/19, rxn classes 10, active/total reactant classes 4/4]
Iterations: 119000 of 500000 (13146 iter/sec) [active/total species 11/19, rxn classes 10, active/total reactant classes 4/4]
Iterations: 120000 of 500000 (13726.3 iter/sec) [active/total species 11/19, rxn classes 10, active/total reactant classes 4/4]
Iterations: 121000 of 500000 (13368.1 iter/sec) [active/total species 11/19, rxn classes 10, active/total reactant classes 4/4]
Iterations: 122000 of 500000 (14923.4 iter/sec) [active/total species 11/19, rxn classes 10, active/total reactant classes 4/4]
Iterations: 123000 of 500000 (16311.1 iter/sec) [active/total species 11/19, rxn classes 10, active/total reactant classes 4/4]
Iterations: 124000 of 500000 (16873.1 iter/sec) [active/total species 11/19, rxn classes 10, active/total reactant classes 4/4]
Iterations: 125000 of 500000 (16457.7 iter/sec) [active/total species 11/19, rxn classes 10, active/total reactant classes 4/4]
Iterations: 126000 of 500000 (16933.9 iter/sec) [active/total species 11/19, rxn classes 10, active/total reactant classes 4/4]
Iterations: 127000 of 500000 (16401.8 iter/sec) [active/total species 11/19, rxn classes 10, active/total reactant classes 4/4]
Iterations: 128000 of 500000 (15638.2 iter/sec) [active/total species 11/19, rxn classes 10, active/total reactant classes 4/4]
Iterations: 129000 of 500000 (15115.3 iter/sec) [active/total species 11/19, rxn classes 10, active/total reactant classes 4/4]
Iterations: 130000 of 500000 (15706 iter/sec) [active/total species 11/19, rxn classes 10, active/total reactant classes 4/4]
Iterations: 131000 of 500000 (15443.1 iter/sec) [active/total species 11/19, rxn classes 10, active/total reactant classes 4/4]
Iterations: 132000 of 500000 (14904.2 iter/sec) [active/total species 11/19, rxn classes 10, active/total reactant classes 4/4]
Iterations: 133000 of 500000 (15756.2 iter/sec) [active/total species 11/19, rxn classes 10, active/total reactant classes 4/4]
Iterations: 134000 of 500000 (16931.1 iter/sec) [active/total species 11/19, rxn classes 10, active/total reactant classes 4/4]
Iterations: 135000 of 500000 (17787.9 iter/sec) [active/total species 11/19, rxn classes 10, active/total reactant classes 4/4]
Iterations: 136000 of 500000 (18238.2 iter/sec) [active/total species 11/19, rxn classes 10, active/total reactant classes 4/4]
Iterations: 137000 of 500000 (18739.6 iter/sec) [active/total species 11/19, rxn classes 10, active/total reactant classes 4/4]
Iterations: 138000 of 500000 (17247.9 iter/sec) [active/total species 11/19, rxn classes 10, active/total reactant classes 4/4]
Iterations: 139000 of 500000 (14443.8 iter/sec) [active/total species 11/19, rxn classes 10, active/total reactant classes 4/4]
Iterations: 140000 of 500000 (13632.9 iter/sec) [active/total species 11/19, rxn classes 10, active/total reactant classes 4/4]
Iterations: 141000 of 500000 (14349.5 iter/sec) [active/total species 11/19, rxn classes 10, active/total reactant classes 4/4]
Iterations: 142000 of 500000 (15592.4 iter/sec) [active/total species 11/19, rxn classes 10, active/total reactant classes 4/4]
Iterations: 143000 of 500000 (15199.9 iter/sec) [active/total species 11/19, rxn classes 10, active/total reactant classes 4/4]
Iterations: 144000 of 500000 (15061.4 iter/sec) [active/total species 11/19, rxn classes 10, active/total reactant classes 4/4]
Iterations: 145000 of 500000 (14313.7 iter/sec) [active/total species 11/19, rxn classes 10, active/total reactant classes 4/4]
Iterations: 146000 of 500000 (14848.7 iter/sec) [active/total species 11/19, rxn classes 10, active/total reactant classes 4/4]
Iterations: 147000 of 500000 (15000.6 iter/sec) [active/total species 11/19, rxn classes 10, active/total reactant classes 4/4]
Iterations: 148000 of 500000 (15734.2 iter/sec) [active/total species 11/19, rxn classes 10, active/total reactant classes 4/4]
Iterations: 149000 of 500000 (15658.3 iter/sec) [active/total species 11/19, rxn classes 10, active/total reactant classes 4/4]
Iterations: 150000 of 500000 (15574.4 iter/sec) [active/total species 11/19, rxn classes 10, active/total reactant classes 4/4]
Iterations: 151000 of 500000 (15230 iter/sec) [active/total species 11/19, rxn classes 10, active/total reactant classes 4/4]
Iterations: 152000 of 500000 (13786.4 iter/sec) [active/total species 11/19, rxn classes 10, active/total reactant classes 4/4]
Iterations: 153000 of 500000 (13339.2 iter/sec) [active/total species 11/19, rxn classes 10, active/total reactant classes 4/4]
Iterations: 154000 of 500000 (13591.4 iter/sec) [active/total species 11/19, rxn classes 10, active/total reactant classes 4/4]
Iterations: 155000 of 500000 (13679 iter/sec) [active/total species 11/19, rxn classes 10, active/total reactant classes 4/4]
Iterations: 156000 of 500000 (13307.8 iter/sec) [active/total species 11/19, rxn classes 10, active/total reactant classes 4/4]
Iterations: 157000 of 500000 (12583.7 iter/sec) [active/total species 11/19, rxn classes 10, active/total reactant classes 4/4]
Iterations: 158000 of 500000 (12360.9 iter/sec) [active/total species 11/19, rxn classes 10, active/total reactant classes 4/4]
Iterations: 159000 of 500000 (13320.9 iter/sec) [active/total species 11/19, rxn classes 10, active/total reactant classes 4/4]
Iterations: 160000 of 500000 (14246.6 iter/sec) [active/total species 11/19, rxn classes 10, active/total reactant classes 4/4]
Iterations: 161000 of 500000 (14662.8 iter/sec) [active/total species 11/19, rxn classes 10, active/total reactant classes 4/4]
Iterations: 162000 of 500000 (13488.2 iter/sec) [active/total species 11/19, rxn classes 10, active/total reactant classes 4/4]
Iterations: 163000 of 500000 (12058.1 iter/sec) [active/total species 11/19, rxn classes 10, active/total reactant classes 4/4]
Iterations: 164000 of 500000 (10263.1 iter/sec) [active/total species 11/19, rxn classes 10, active/total reactant classes 4/4]
Iterations: 165000 of 500000 (6777.96 iter/sec) [active/total species 11/19, rxn classes 10, active/total reactant classes 4/4]
Iterations: 166000 of 500000 (4832.81 iter/sec) [active/total species 11/19, rxn classes 10, active/total reactant classes 4/4]
Iterations: 167000 of 500000 (3872.44 iter/sec) [active/total species 11/19, rxn classes 10, active/total reactant classes 4/4]
Iterations: 168000 of 500000 (3125.83 iter/sec) [active/total species 11/19, rxn classes 10, active/total reactant classes 4/4]
Iterations: 169000 of 500000 (2588.11 iter/sec) [active/total species 11/19, rxn classes 10, active/total reactant classes 4/4]
Iterations: 170000 of 500000 (2182.88 iter/sec) [active/total species 11/19, rxn classes 10, active/total reactant classes 4/4]
Iterations: 171000 of 500000 (1914.1 iter/sec) [active/total species 11/19, rxn classes 10, active/total reactant classes 4/4]
Iterations: 172000 of 500000 (1783.9 iter/sec) [active/total species 11/19, rxn classes 10, active/total reactant classes 4/4]
Iterations: 173000 of 500000 (1656.48 iter/sec) [active/total species 11/19, rxn classes 10, active/total reactant classes 4/4]
Iterations: 174000 of 500000 (1605.18 iter/sec) [active/total species 11/19, rxn classes 10, active/total reactant classes 4/4]
Iterations: 175000 of 500000 (1532.48 iter/sec) [active/total species 11/19, rxn classes 10, active/total reactant classes 4/4]
Iterations: 176000 of 500000 (1502.06 iter/sec) [active/total species 11/19, rxn classes 10, active/total reactant classes 4/4]
Iterations: 177000 of 500000 (1460.42 iter/sec) [active/total species 11/19, rxn classes 10, active/total reactant classes 4/4]
Iterations: 178000 of 500000 (1454 iter/sec) [active/total species 11/19, rxn classes 10, active/total reactant classes 4/4]
Iterations: 179000 of 500000 (1494.64 iter/sec) [active/total species 11/19, rxn classes 10, active/total reactant classes 4/4]
Iterations: 180000 of 500000 (1486.03 iter/sec) [active/total species 11/19, rxn classes 10, active/total reactant classes 4/4]
Iterations: 181000 of 500000 (1371.51 iter/sec) [active/total species 11/19, rxn classes 10, active/total reactant classes 4/4]
Iterations: 182000 of 500000 (1306 iter/sec) [active/total species 11/19, rxn classes 10, active/total reactant classes 4/4]
Iterations: 183000 of 500000 (1317.31 iter/sec) [active/total species 11/19, rxn classes 10, active/total reactant classes 4/4]
Iterations: 184000 of 500000 (1309.63 iter/sec) [active/total species 11/19, rxn classes 10, active/total reactant classes 4/4]
Iterations: 185000 of 500000 (1296.89 iter/sec) [active/total species 11/19, rxn classes 10, active/total reactant classes 4/4]
Iterations: 186000 of 500000 (1334.94 iter/sec) [active/total species 11/19, rxn classes 10, active/total reactant classes 4/4]
Iterations: 187000 of 500000 (1377.25 iter/sec) [active/total species 11/19, rxn classes 10, active/total reactant classes 4/4]
Iterations: 188000 of 500000 (1375.4 iter/sec) [active/total species 11/19, rxn classes 10, active/total reactant classes 4/4]
Iterations: 189000 of 500000 (1445.16 iter/sec) [active/total species 11/19, rxn classes 10, active/total reactant classes 4/4]
Iterations: 190000 of 500000 (1500.09 iter/sec) [active/total species 11/19, rxn classes 10, active/total reactant classes 4/4]
Iterations: 191000 of 500000 (1480.49 iter/sec) [active/total species 11/19, rxn classes 10, active/total reactant classes 4/4]
Iterations: 192000 of 500000 (1481.52 iter/sec) [active/total species 11/19, rxn classes 10, active/total reactant classes 4/4]
Iterations: 193000 of 500000 (1548.25 iter/sec) [active/total species 11/19, rxn classes 10, active/total reactant classes 4/4]
Iterations: 194000 of 500000 (1669.65 iter/sec) [active/total species 11/19, rxn classes 10, active/total reactant classes 4/4]
Iterations: 195000 of 500000 (1749.18 iter/sec) [active/total species 11/19, rxn classes 10, active/total reactant classes 4/4]
Iterations: 196000 of 500000 (1923.79 iter/sec) [active/total species 11/19, rxn classes 10, active/total reactant classes 4/4]
Iterations: 197000 of 500000 (2012.34 iter/sec) [active/total species 11/19, rxn classes 10, active/total reactant classes 4/4]
Iterations: 198000 of 500000 (2279.37 iter/sec) [active/total species 11/19, rxn classes 10, active/total reactant classes 4/4]
Iterations: 199000 of 500000 (2693.34 iter/sec) [active/total species 11/19, rxn classes 10, active/total reactant classes 4/4]
Iterations: 200000 of 500000 (3106.56 iter/sec) [active/total species 11/19, rxn classes 10, active/total reactant classes 4/4]
Iterations: 201000 of 500000 (3301.13 iter/sec) [active/total species 11/19, rxn classes 10, active/total reactant classes 4/4]
Iterations: 202000 of 500000 (3614.41 iter/sec) [active/total species 11/19, rxn classes 10, active/total reactant classes 4/4]
Iterations: 203000 of 500000 (4039.88 iter/sec) [active/total species 11/19, rxn classes 10, active/total reactant classes 4/4]
Iterations: 204000 of 500000 (4415.17 iter/sec) [active/total species 11/19, rxn classes 10, active/total reactant classes 4/4]
Iterations: 205000 of 500000 (4812.04 iter/sec) [active/total species 11/19, rxn classes 10, active/total reactant classes 4/4]
Iterations: 206000 of 500000 (5382.31 iter/sec) [active/total species 11/19, rxn classes 10, active/total reactant classes 4/4]
Iterations: 207000 of 500000 (5824.69 iter/sec) [active/total species 11/19, rxn classes 10, active/total reactant classes 4/4]
Iterations: 208000 of 500000 (6188.5 iter/sec) [active/total species 11/19, rxn classes 10, active/total reactant classes 4/4]
Iterations: 209000 of 500000 (6564.57 iter/sec) [active/total species 11/19, rxn classes 10, active/total reactant classes 4/4]
Iterations: 210000 of 500000 (6898.12 iter/sec) [active/total species 11/19, rxn classes 10, active/total reactant classes 4/4]
Iterations: 211000 of 500000 (7281.57 iter/sec) [active/total species 11/19, rxn classes 10, active/total reactant classes 4/4]
Iterations: 212000 of 500000 (7631.2 iter/sec) [active/total species 11/19, rxn classes 10, active/total reactant classes 4/4]
Iterations: 213000 of 500000 (7886.68 iter/sec) [active/total species 11/19, rxn classes 10, active/total reactant classes 4/4]
Iterations: 214000 of 500000 (8559.23 iter/sec) [active/total species 11/19, rxn classes 10, active/total reactant classes 4/4]
Iterations: 215000 of 500000 (9604.86 iter/sec) [active/total species 11/19, rxn classes 10, active/total reactant classes 4/4]
Iterations: 216000 of 500000 (9754.38 iter/sec) [active/total species 11/19, rxn classes 10, active/total reactant classes 4/4]
Iterations: 217000 of 500000 (10131.2 iter/sec) [active/total species 11/19, rxn classes 10, active/total reactant classes 4/4]
Iterations: 218000 of 500000 (10773.5 iter/sec) [active/total species 11/19, rxn classes 10, active/total reactant classes 4/4]
Iterations: 219000 of 500000 (10755.9 iter/sec) [active/total species 11/19, rxn classes 10, active/total reactant classes 4/4]
Iterations: 220000 of 500000 (10546.4 iter/sec) [active/total species 11/19, rxn classes 10, active/total reactant classes 4/4]
Iterations: 221000 of 500000 (10932.9 iter/sec) [active/total species 11/19, rxn classes 10, active/total reactant classes 4/4]
Iterations: 222000 of 500000 (11451.9 iter/sec) [active/total species 11/19, rxn classes 10, active/total reactant classes 4/4]
Iterations: 223000 of 500000 (11191.2 iter/sec) [active/total species 11/19, rxn classes 10, active/total reactant classes 4/4]
Iterations: 224000 of 500000 (11269.4 iter/sec) [active/total species 11/19, rxn classes 10, active/total reactant classes 4/4]
Iterations: 225000 of 500000 (11448.6 iter/sec) [active/total species 11/19, rxn classes 10, active/total reactant classes 4/4]
Iterations: 226000 of 500000 (12142.6 iter/sec) [active/total species 11/19, rxn classes 10, active/total reactant classes 4/4]
Iterations: 227000 of 500000 (12408.8 iter/sec) [active/total species 11/19, rxn classes 10, active/total reactant classes 4/4]
Iterations: 228000 of 500000 (13680.3 iter/sec) [active/total species 11/19, rxn classes 10, active/total reactant classes 4/4]
Iterations: 229000 of 500000 (14552.2 iter/sec) [active/total species 11/19, rxn classes 10, active/total reactant classes 4/4]
Iterations: 230000 of 500000 (15601.8 iter/sec) [active/total species 11/19, rxn classes 10, active/total reactant classes 4/4]
Iterations: 231000 of 500000 (15873 iter/sec) [active/total species 11/19, rxn classes 10, active/total reactant classes 4/4]
Iterations: 232000 of 500000 (15540.7 iter/sec) [active/total species 11/19, rxn classes 10, active/total reactant classes 4/4]
Iterations: 233000 of 500000 (14808.7 iter/sec) [active/total species 11/19, rxn classes 10, active/total reactant classes 4/4]
Iterations: 234000 of 500000 (14997.5 iter/sec) [active/total species 11/19, rxn classes 10, active/total reactant classes 4/4]
Iterations: 235000 of 500000 (15925.1 iter/sec) [active/total species 11/19, rxn classes 10, active/total reactant classes 4/4]
Iterations: 236000 of 500000 (16227.2 iter/sec) [active/total species 11/19, rxn classes 10, active/total reactant classes 4/4]
Iterations: 237000 of 500000 (15766.2 iter/sec) [active/total species 11/19, rxn classes 10, active/total reactant classes 4/4]
Iterations: 238000 of 500000 (16688.4 iter/sec) [active/total species 11/19, rxn classes 10, active/total reactant classes 4/4]
Iterations: 239000 of 500000 (17431.3 iter/sec) [active/total species 11/19, rxn classes 10, active/total reactant classes 4/4]
Iterations: 240000 of 500000 (18506.2 iter/sec) [active/total species 11/19, rxn classes 10, active/total reactant classes 4/4]
Iterations: 241000 of 500000 (18576 iter/sec) [active/total species 11/19, rxn classes 10, active/total reactant classes 4/4]
Iterations: 242000 of 500000 (19953.7 iter/sec) [active/total species 11/19, rxn classes 10, active/total reactant classes 4/4]
Iterations: 243000 of 500000 (20140.2 iter/sec) [active/total species 11/19, rxn classes 10, active/total reactant classes 4/4]
Iterations: 244000 of 500000 (20326.9 iter/sec) [active/total species 11/19, rxn classes 10, active/total reactant classes 4/4]
Iterations: 245000 of 500000 (20540.2 iter/sec) [active/total species 11/19, rxn classes 10, active/total reactant classes 4/4]
Iterations: 246000 of 500000 (19528.2 iter/sec) [active/total species 11/19, rxn classes 10, active/total reactant classes 4/4]
Iterations: 247000 of 500000 (18169.6 iter/sec) [active/total species 11/19, rxn classes 10, active/total reactant classes 4/4]
Iterations: 248000 of 500000 (18853 iter/sec) [active/total species 11/19, rxn classes 10, active/total reactant classes 4/4]
Iterations: 249000 of 500000 (19294.2 iter/sec) [active/total species 11/19, rxn classes 10, active/total reactant classes 4/4]
Iterations: 250000 of 500000 (20565.1 iter/sec) [active/total species 11/19, rxn classes 10, active/total reactant classes 4/4]
Iterations: 251000 of 500000 (20004.4 iter/sec) [active/total species 11/19, rxn classes 10, active/total reactant classes 4/4]
Iterations: 252000 of 500000 (19558.8 iter/sec) [active/total species 11/19, rxn classes 10, active/total reactant classes 4/4]
Iterations: 253000 of 500000 (20691.9 iter/sec) [active/total species 11/19, rxn classes 10, active/total reactant classes 4/4]
Iterations: 254000 of 500000 (20744.7 iter/sec) [active/total species 11/19, rxn classes 10, active/total reactant classes 4/4]
Iterations: 255000 of 500000 (20853.8 iter/sec) [active/total species 11/19, rxn classes 10, active/total reactant classes 4/4]
Iterations: 256000 of 500000 (20283.2 iter/sec) [active/total species 11/19, rxn classes 10, active/total reactant classes 4/4]
Iterations: 257000 of 500000 (19098.5 iter/sec) [active/total species 11/19, rxn classes 10, active/total reactant classes 4/4]
Iterations: 258000 of 500000 (18679 iter/sec) [active/total species 11/19, rxn classes 10, active/total reactant classes 4/4]
Iterations: 259000 of 500000 (18806.2 iter/sec) [active/total species 11/19, rxn classes 10, active/total reactant classes 4/4]
Iterations: 260000 of 500000 (18936.2 iter/sec) [active/total species 11/19, rxn classes 10, active/total reactant classes 4/4]
Iterations: 261000 of 500000 (17784.1 iter/sec) [active/total species 11/19, rxn classes 10, active/total reactant classes 4/4]
Iterations: 262000 of 500000 (17558 iter/sec) [active/total species 11/19, rxn classes 10, active/total reactant classes 4/4]
Iterations: 263000 of 500000 (16816 iter/sec) [active/total species 11/19, rxn classes 10, active/total reactant classes 4/4]
Iterations: 264000 of 500000 (16050.8 iter/sec) [active/total species 11/19, rxn classes 10, active/total reactant classes 4/4]
Iterations: 265000 of 500000 (15902 iter/sec) [active/total species 11/19, rxn classes 10, active/total reactant classes 4/4]
Iterations: 266000 of 500000 (16353 iter/sec) [active/total species 11/19, rxn classes 10, active/total reactant classes 4/4]
Iterations: 267000 of 500000 (16754.3 iter/sec) [active/total species 11/19, rxn classes 10, active/total reactant classes 4/4]
Iterations: 268000 of 500000 (17039.8 iter/sec) [active/total species 11/19, rxn classes 10, active/total reactant classes 4/4]
Iterations: 269000 of 500000 (16801.4 iter/sec) [active/total species 11/19, rxn classes 10, active/total reactant classes 4/4]
Iterations: 270000 of 500000 (16635.6 iter/sec) [active/total species 11/19, rxn classes 10, active/total reactant classes 4/4]
Iterations: 271000 of 500000 (17468.2 iter/sec) [active/total species 11/19, rxn classes 10, active/total reactant classes 4/4]
Iterations: 272000 of 500000 (16992.1 iter/sec) [active/total species 11/19, rxn classes 10, active/total reactant classes 4/4]
Iterations: 273000 of 500000 (17723.9 iter/sec) [active/total species 11/19, rxn classes 10, active/total reactant classes 4/4]
Iterations: 274000 of 500000 (17097.8 iter/sec) [active/total species 11/19, rxn classes 10, active/total reactant classes 4/4]
Iterations: 275000 of 500000 (17265.2 iter/sec) [active/total species 11/19, rxn classes 10, active/total reactant classes 4/4]
Iterations: 276000 of 500000 (18012.8 iter/sec) [active/total species 11/19, rxn classes 10, active/total reactant classes 4/4]
Iterations: 277000 of 500000 (18754.3 iter/sec) [active/total species 11/19, rxn classes 10, active/total reactant classes 4/4]
Iterations: 278000 of 500000 (17845.4 iter/sec) [active/total species 11/19, rxn classes 10, active/total reactant classes 4/4]
Iterations: 279000 of 500000 (17189.2 iter/sec) [active/total species 11/19, rxn classes 10, active/total reactant classes 4/4]
Iterations: 280000 of 500000 (16441.4 iter/sec) [active/total species 11/19, rxn classes 10, active/total reactant classes 4/4]
Iterations: 281000 of 500000 (17453.2 iter/sec) [active/total species 11/19, rxn classes 10, active/total reactant classes 4/4]
Iterations: 282000 of 500000 (17614 iter/sec) [active/total species 11/19, rxn classes 10, active/total reactant classes 4/4]
Iterations: 283000 of 500000 (16924.2 iter/sec) [active/total species 11/19, rxn classes 10, active/total reactant classes 4/4]
Iterations: 284000 of 500000 (17585.5 iter/sec) [active/total species 11/19, rxn classes 10, active/total reactant classes 4/4]
Iterations: 285000 of 500000 (16988.3 iter/sec) [active/total species 11/19, rxn classes 10, active/total reactant classes 4/4]
Iterations: 286000 of 500000 (16388.6 iter/sec) [active/total species 11/19, rxn classes 10, active/total reactant classes 4/4]
Iterations: 287000 of 500000 (15587.2 iter/sec) [active/total species 11/19, rxn classes 10, active/total reactant classes 4/4]
Iterations: 288000 of 500000 (15929.1 iter/sec) [active/total species 11/19, rxn classes 10, active/total reactant classes 4/4]
Iterations: 289000 of 500000 (16086.2 iter/sec) [active/total species 11/19, rxn classes 10, active/total reactant classes 4/4]
Iterations: 290000 of 500000 (16791.8 iter/sec) [active/total species 11/19, rxn classes 10, active/total reactant classes 4/4]
Iterations: 291000 of 500000 (15715.1 iter/sec) [active/total species 11/19, rxn classes 10, active/total reactant classes 4/4]
Iterations: 292000 of 500000 (15263.4 iter/sec) [active/total species 11/19, rxn classes 10, active/total reactant classes 4/4]
Iterations: 293000 of 500000 (15678.2 iter/sec) [active/total species 11/19, rxn classes 10, active/total reactant classes 4/4]
Iterations: 294000 of 500000 (16893.6 iter/sec) [active/total species 11/19, rxn classes 10, active/total reactant classes 4/4]
Iterations: 295000 of 500000 (17562.3 iter/sec) [active/total species 11/19, rxn classes 10, active/total reactant classes 4/4]
Iterations: 296000 of 500000 (16606.3 iter/sec) [active/total species 11/19, rxn classes 10, active/total reactant classes 4/4]
Iterations: 297000 of 500000 (17487.7 iter/sec) [active/total species 11/19, rxn classes 10, active/total reactant classes 4/4]
Iterations: 298000 of 500000 (18685 iter/sec) [active/total species 11/19, rxn classes 10, active/total reactant classes 4/4]
Iterations: 299000 of 500000 (18502.4 iter/sec) [active/total species 11/19, rxn classes 10, active/total reactant classes 4/4]
Iterations: 300000 of 500000 (17718.9 iter/sec) [active/total species 11/19, rxn classes 10, active/total reactant classes 4/4]
Iterations: 301000 of 500000 (18209.6 iter/sec) [active/total species 11/19, rxn classes 10, active/total reactant classes 4/4]
Iterations: 302000 of 500000 (18158.7 iter/sec) [active/total species 11/19, rxn classes 10, active/total reactant classes 4/4]
Iterations: 303000 of 500000 (17331 iter/sec) [active/total species 11/19, rxn classes 10, active/total reactant classes 4/4]
Iterations: 304000 of 500000 (17352.4 iter/sec) [active/total species 11/19, rxn classes 10, active/total reactant classes 4/4]
Iterations: 305000 of 500000 (16839.8 iter/sec) [active/total species 11/19, rxn classes 10, active/total reactant classes 4/4]
Iterations: 306000 of 500000 (16591.7 iter/sec) [active/total species 11/19, rxn classes 10, active/total reactant classes 4/4]
Iterations: 307000 of 500000 (16015.4 iter/sec) [active/total species 11/19, rxn classes 10, active/total reactant classes 4/4]
Iterations: 308000 of 500000 (16914.7 iter/sec) [active/total species 11/19, rxn classes 10, active/total reactant classes 4/4]
Iterations: 309000 of 500000 (15889.9 iter/sec) [active/total species 11/19, rxn classes 10, active/total reactant classes 4/4]
Iterations: 310000 of 500000 (14742.3 iter/sec) [active/total species 11/19, rxn classes 10, active/total reactant classes 4/4]
Iterations: 311000 of 500000 (15695.1 iter/sec) [active/total species 11/19, rxn classes 10, active/total reactant classes 4/4]
Iterations: 312000 of 500000 (16311.9 iter/sec) [active/total species 11/19, rxn classes 10, active/total reactant classes 4/4]
Iterations: 313000 of 500000 (16104.6 iter/sec) [active/total species 11/19, rxn classes 10, active/total reactant classes 4/4]
Iterations: 314000 of 500000 (15405.9 iter/sec) [active/total species 11/19, rxn classes 10, active/total reactant classes 4/4]
Iterations: 315000 of 500000 (15397.4 iter/sec) [active/total species 11/19, rxn classes 10, active/total reactant classes 4/4]
Iterations: 316000 of 500000 (15668.6 iter/sec) [active/total species 11/19, rxn classes 10, active/total reactant classes 4/4]
Iterations: 317000 of 500000 (16139.2 iter/sec) [active/total species 11/19, rxn classes 10, active/total reactant classes 4/4]
Iterations: 318000 of 500000 (16310.3 iter/sec) [active/total species 11/19, rxn classes 10, active/total reactant classes 4/4]
Iterations: 319000 of 500000 (15831.3 iter/sec) [active/total species 11/19, rxn classes 10, active/total reactant classes 4/4]
Iterations: 320000 of 500000 (15398.8 iter/sec) [active/total species 11/19, rxn classes 10, active/total reactant classes 4/4]
Iterations: 321000 of 500000 (14968.3 iter/sec) [active/total species 11/19, rxn classes 10, active/total reactant classes 4/4]
Iterations: 322000 of 500000 (13965.3 iter/sec) [active/total species 11/19, rxn classes 10, active/total reactant classes 4/4]
Iterations: 323000 of 500000 (15024 iter/sec) [active/total species 11/19, rxn classes 10, active/total reactant classes 4/4]
Iterations: 324000 of 500000 (16679.2 iter/sec) [active/total species 11/19, rxn classes 10, active/total reactant classes 4/4]
Iterations: 325000 of 500000 (16815.8 iter/sec) [active/total species 11/19, rxn classes 10, active/total reactant classes 4/4]
Iterations: 326000 of 500000 (18161 iter/sec) [active/total species 11/19, rxn classes 10, active/total reactant classes 4/4]
Iterations: 327000 of 500000 (17685.7 iter/sec) [active/total species 11/19, rxn classes 10, active/total reactant classes 4/4]
Iterations: 328000 of 500000 (18148.2 iter/sec) [active/total species 11/19, rxn classes 10, active/total reactant classes 4/4]
Iterations: 329000 of 500000 (17039.5 iter/sec) [active/total species 11/19, rxn classes 10, active/total reactant classes 4/4]
Iterations: 330000 of 500000 (15087.1 iter/sec) [active/total species 11/19, rxn classes 10, active/total reactant classes 4/4]
Iterations: 331000 of 500000 (14274.3 iter/sec) [active/total species 11/19, rxn classes 10, active/total reactant classes 4/4]
Iterations: 332000 of 500000 (13762.4 iter/sec) [active/total species 11/19, rxn classes 10, active/total reactant classes 4/4]
Iterations: 333000 of 500000 (13358.1 iter/sec) [active/total species 11/19, rxn classes 10, active/total reactant classes 4/4]
Iterations: 334000 of 500000 (13411.1 iter/sec) [active/total species 11/19, rxn classes 10, active/total reactant classes 4/4]
Iterations: 335000 of 500000 (14088.5 iter/sec) [active/total species 11/19, rxn classes 10, active/total reactant classes 4/4]
Iterations: 336000 of 500000 (15436.1 iter/sec) [active/total species 11/19, rxn classes 10, active/total reactant classes 4/4]
Iterations: 337000 of 500000 (17528.5 iter/sec) [active/total species 11/19, rxn classes 10, active/total reactant classes 4/4]
Iterations: 338000 of 500000 (18538.8 iter/sec) [active/total species 11/19, rxn classes 10, active/total reactant classes 4/4]
Iterations: 339000 of 500000 (19263.7 iter/sec) [active/total species 11/19, rxn classes 10, active/total reactant classes 4/4]
Iterations: 340000 of 500000 (19904.9 iter/sec) [active/total species 11/19, rxn classes 10, active/total reactant classes 4/4]
Iterations: 341000 of 500000 (18841.3 iter/sec) [active/total species 11/19, rxn classes 10, active/total reactant classes 4/4]
Iterations: 342000 of 500000 (17948.8 iter/sec) [active/total species 11/19, rxn classes 10, active/total reactant classes 4/4]
Iterations: 343000 of 500000 (11987 iter/sec) [active/total species 11/19, rxn classes 10, active/total reactant classes 4/4]
Iterations: 344000 of 500000 (9460.92 iter/sec) [active/total species 11/19, rxn classes 10, active/total reactant classes 4/4]
Iterations: 345000 of 500000 (6703.27 iter/sec) [active/total species 11/19, rxn classes 10, active/total reactant classes 4/4]
Iterations: 346000 of 500000 (5463.08 iter/sec) [active/total species 11/19, rxn classes 10, active/total reactant classes 4/4]
Iterations: 347000 of 500000 (5208.98 iter/sec) [active/total species 11/19, rxn classes 10, active/total reactant classes 4/4]
Iterations: 348000 of 500000 (4562.19 iter/sec) [active/total species 11/19, rxn classes 10, active/total reactant classes 4/4]
Iterations: 349000 of 500000 (3871.47 iter/sec) [active/total species 11/19, rxn classes 10, active/total reactant classes 4/4]
Iterations: 350000 of 500000 (3460.17 iter/sec) [active/total species 11/19, rxn classes 10, active/total reactant classes 4/4]
Iterations: 351000 of 500000 (3187.46 iter/sec) [active/total species 11/19, rxn classes 10, active/total reactant classes 4/4]
Iterations: 352000 of 500000 (2911 iter/sec) [active/total species 11/19, rxn classes 10, active/total reactant classes 4/4]
Iterations: 353000 of 500000 (2607.75 iter/sec) [active/total species 11/19, rxn classes 10, active/total reactant classes 4/4]
Iterations: 354000 of 500000 (2262.3 iter/sec) [active/total species 11/19, rxn classes 10, active/total reactant classes 4/4]
Iterations: 355000 of 500000 (2098.26 iter/sec) [active/total species 11/19, rxn classes 10, active/total reactant classes 4/4]
Iterations: 356000 of 500000 (1877.21 iter/sec) [active/total species 11/19, rxn classes 10, active/total reactant classes 4/4]
Iterations: 357000 of 500000 (1723.5 iter/sec) [active/total species 11/19, rxn classes 10, active/total reactant classes 4/4]
Iterations: 358000 of 500000 (1618.04 iter/sec) [active/total species 11/19, rxn classes 10, active/total reactant classes 4/4]
Iterations: 359000 of 500000 (1613.09 iter/sec) [active/total species 11/19, rxn classes 10, active/total reactant classes 4/4]
Iterations: 360000 of 500000 (1557.11 iter/sec) [active/total species 11/19, rxn classes 10, active/total reactant classes 4/4]
Iterations: 361000 of 500000 (1531.85 iter/sec) [active/total species 11/19, rxn classes 10, active/total reactant classes 4/4]
Iterations: 362000 of 500000 (1560.84 iter/sec) [active/total species 11/19, rxn classes 10, active/total reactant classes 4/4]
Iterations: 363000 of 500000 (1564.7 iter/sec) [active/total species 11/19, rxn classes 10, active/total reactant classes 4/4]
Iterations: 364000 of 500000 (1598.69 iter/sec) [active/total species 11/19, rxn classes 10, active/total reactant classes 4/4]
Iterations: 365000 of 500000 (1638.79 iter/sec) [active/total species 11/19, rxn classes 10, active/total reactant classes 4/4]
Iterations: 366000 of 500000 (1683.14 iter/sec) [active/total species 11/19, rxn classes 10, active/total reactant classes 4/4]
Iterations: 367000 of 500000 (1629.21 iter/sec) [active/total species 11/19, rxn classes 10, active/total reactant classes 4/4]
Iterations: 368000 of 500000 (1546.89 iter/sec) [active/total species 11/19, rxn classes 10, active/total reactant classes 4/4]
Iterations: 369000 of 500000 (1501.46 iter/sec) [active/total species 11/19, rxn classes 10, active/total reactant classes 4/4]
Iterations: 370000 of 500000 (1501.51 iter/sec) [active/total species 11/19, rxn classes 10, active/total reactant classes 4/4]
Iterations: 371000 of 500000 (1494.52 iter/sec) [active/total species 11/19, rxn classes 10, active/total reactant classes 4/4]
Iterations: 372000 of 500000 (1568.09 iter/sec) [active/total species 11/19, rxn classes 10, active/total reactant classes 4/4]
Iterations: 373000 of 500000 (1620.77 iter/sec) [active/total species 11/19, rxn classes 10, active/total reactant classes 4/4]
Iterations: 374000 of 500000 (1694.1 iter/sec) [active/total species 11/19, rxn classes 10, active/total reactant classes 4/4]
Iterations: 375000 of 500000 (1647.5 iter/sec) [active/total species 11/19, rxn classes 10, active/total reactant classes 4/4]
Iterations: 376000 of 500000 (1620.92 iter/sec) [active/total species 11/19, rxn classes 10, active/total reactant classes 4/4]
Iterations: 377000 of 500000 (1601.01 iter/sec) [active/total species 11/19, rxn classes 10, active/total reactant classes 4/4]
Iterations: 378000 of 500000 (1630.25 iter/sec) [active/total species 11/19, rxn classes 10, active/total reactant classes 4/4]
Iterations: 379000 of 500000 (1635.73 iter/sec) [active/total species 11/19, rxn classes 10, active/total reactant classes 4/4]
Iterations: 380000 of 500000 (1721.51 iter/sec) [active/total species 11/19, rxn classes 10, active/total reactant classes 4/4]
Iterations: 381000 of 500000 (1758.74 iter/sec) [active/total species 11/19, rxn classes 10, active/total reactant classes 4/4]
Iterations: 382000 of 500000 (1800.81 iter/sec) [active/total species 11/19, rxn classes 10, active/total reactant classes 4/4]
Iterations: 383000 of 500000 (1821.71 iter/sec) [active/total species 11/19, rxn classes 10, active/total reactant classes 4/4]
Iterations: 384000 of 500000 (1918.55 iter/sec) [active/total species 11/19, rxn classes 10, active/total reactant classes 4/4]
Iterations: 385000 of 500000 (2047.51 iter/sec) [active/total species 11/19, rxn classes 10, active/total reactant classes 4/4]
Iterations: 386000 of 500000 (2029.52 iter/sec) [active/total species 11/19, rxn classes 10, active/total reactant classes 4/4]
Iterations: 387000 of 500000 (2105.56 iter/sec) [active/total species 11/19, rxn classes 10, active/total reactant classes 4/4]
Iterations: 388000 of 500000 (2158.55 iter/sec) [active/total species 11/19, rxn classes 10, active/total reactant classes 4/4]
Iterations: 389000 of 500000 (2256.41 iter/sec) [active/total species 11/19, rxn classes 10, active/total reactant classes 4/4]
Iterations: 390000 of 500000 (2217.21 iter/sec) [active/total species 11/19, rxn classes 10, active/total reactant classes 4/4]
Iterations: 391000 of 500000 (2278.83 iter/sec) [active/total species 11/19, rxn classes 10, active/total reactant classes 4/4]
Iterations: 392000 of 500000 (2462.36 iter/sec) [active/total species 11/19, rxn classes 10, active/total reactant classes 4/4]
Iterations: 393000 of 500000 (2772.17 iter/sec) [active/total species 11/19, rxn classes 10, active/total reactant classes 4/4]
Iterations: 394000 of 500000 (3094.91 iter/sec) [active/total species 11/19, rxn classes 10, active/total reactant classes 4/4]
Iterations: 395000 of 500000 (3464.15 iter/sec) [active/total species 11/19, rxn classes 10, active/total reactant classes 4/4]
Iterations: 396000 of 500000 (3834.37 iter/sec) [active/total species 11/19, rxn classes 10, active/total reactant classes 4/4]
Iterations: 397000 of 500000 (4281.68 iter/sec) [active/total species 11/19, rxn classes 10, active/total reactant classes 4/4]
Iterations: 398000 of 500000 (4642.78 iter/sec) [active/total species 11/19, rxn classes 10, active/total reactant classes 4/4]
Iterations: 399000 of 500000 (4864.03 iter/sec) [active/total species 11/19, rxn classes 10, active/total reactant classes 4/4]
Iterations: 400000 of 500000 (5269.68 iter/sec) [active/total species 11/19, rxn classes 10, active/total reactant classes 4/4]
Iterations: 401000 of 500000 (5716.87 iter/sec) [active/total species 11/19, rxn classes 10, active/total reactant classes 4/4]
Iterations: 402000 of 500000 (6257.86 iter/sec) [active/total species 11/19, rxn classes 10, active/total reactant classes 4/4]
Iterations: 403000 of 500000 (6612.27 iter/sec) [active/total species 11/19, rxn classes 10, active/total reactant classes 4/4]
Iterations: 404000 of 500000 (6934.62 iter/sec) [active/total species 11/19, rxn classes 10, active/total reactant classes 4/4]
Iterations: 405000 of 500000 (7516.71 iter/sec) [active/total species 11/19, rxn classes 10, active/total reactant classes 4/4]
Iterations: 406000 of 500000 (7923.11 iter/sec) [active/total species 11/19, rxn classes 10, active/total reactant classes 4/4]
Iterations: 407000 of 500000 (8253.69 iter/sec) [active/total species 11/19, rxn classes 10, active/total reactant classes 4/4]
Iterations: 408000 of 500000 (8988.2 iter/sec) [active/total species 11/19, rxn classes 10, active/total reactant classes 4/4]
Iterations: 409000 of 500000 (9412.21 iter/sec) [active/total species 11/19, rxn classes 10, active/total reactant classes 4/4]
Iterations: 410000 of 500000 (9560.5 iter/sec) [active/total species 11/19, rxn classes 10, active/total reactant classes 4/4]
Iterations: 411000 of 500000 (9705.44 iter/sec) [active/total species 11/19, rxn classes 10, active/total reactant classes 4/4]
Iterations: 412000 of 500000 (10144.9 iter/sec) [active/total species 11/19, rxn classes 10, active/total reactant classes 4/4]
Iterations: 413000 of 500000 (11040.1 iter/sec) [active/total species 11/19, rxn classes 10, active/total reactant classes 4/4]
Iterations: 414000 of 500000 (11436 iter/sec) [active/total species 11/19, rxn classes 10, active/total reactant classes 4/4]
Iterations: 415000 of 500000 (12312.1 iter/sec) [active/total species 11/19, rxn classes 10, active/total reactant classes 4/4]
Iterations: 416000 of 500000 (12738.2 iter/sec) [active/total species 11/19, rxn classes 10, active/total reactant classes 4/4]
Iterations: 417000 of 500000 (12721 iter/sec) [active/total species 11/19, rxn classes 10, active/total reactant classes 4/4]
Iterations: 418000 of 500000 (13558.4 iter/sec) [active/total species 11/19, rxn classes 10, active/total reactant classes 4/4]
Iterations: 419000 of 500000 (13877.5 iter/sec) [active/total species 11/19, rxn classes 10, active/total reactant classes 4/4]
Iterations: 420000 of 500000 (14169.1 iter/sec) [active/total species 11/19, rxn classes 10, active/total reactant classes 4/4]
Iterations: 421000 of 500000 (14627.4 iter/sec) [active/total species 11/19, rxn classes 10, active/total reactant classes 4/4]
Iterations: 422000 of 500000 (14264.5 iter/sec) [active/total species 11/19, rxn classes 10, active/total reactant classes 4/4]
Iterations: 423000 of 500000 (15122 iter/sec) [active/total species 11/19, rxn classes 10, active/total reactant classes 4/4]
Iterations: 424000 of 500000 (15374.2 iter/sec) [active/total species 11/19, rxn classes 10, active/total reactant classes 4/4]
Iterations: 425000 of 500000 (15914.2 iter/sec) [active/total species 11/19, rxn classes 10, active/total reactant classes 4/4]
Iterations: 426000 of 500000 (16341.7 iter/sec) [active/total species 11/19, rxn classes 10, active/total reactant classes 4/4]
Iterations: 427000 of 500000 (16941.7 iter/sec) [active/total species 11/19, rxn classes 10, active/total reactant classes 4/4]
Iterations: 428000 of 500000 (17034.6 iter/sec) [active/total species 11/19, rxn classes 10, active/total reactant classes 4/4]
Iterations: 429000 of 500000 (17112.4 iter/sec) [active/total species 11/19, rxn classes 10, active/total reactant classes 4/4]
Iterations: 430000 of 500000 (18069.5 iter/sec) [active/total species 11/19, rxn classes 10, active/total reactant classes 4/4]
Iterations: 431000 of 500000 (19120.1 iter/sec) [active/total species 11/19, rxn classes 10, active/total reactant classes 4/4]
Iterations: 432000 of 500000 (19494.3 iter/sec) [active/total species 11/19, rxn classes 10, active/total reactant classes 4/4]
Iterations: 433000 of 500000 (20504 iter/sec) [active/total species 11/19, rxn classes 10, active/total reactant classes 4/4]
Iterations: 434000 of 500000 (19279.3 iter/sec) [active/total species 11/19, rxn classes 10, active/total reactant classes 4/4]
Iterations: 435000 of 500000 (18615.4 iter/sec) [active/total species 11/19, rxn classes 10, active/total reactant classes 4/4]
Iterations: 436000 of 500000 (15763.7 iter/sec) [active/total species 11/19, rxn classes 10, active/total reactant classes 4/4]
Iterations: 437000 of 500000 (15258.6 iter/sec) [active/total species 11/19, rxn classes 10, active/total reactant classes 4/4]
Iterations: 438000 of 500000 (15181.2 iter/sec) [active/total species 11/19, rxn classes 10, active/total reactant classes 4/4]
Iterations: 439000 of 500000 (15567.8 iter/sec) [active/total species 11/19, rxn classes 10, active/total reactant classes 4/4]
Iterations: 440000 of 500000 (15382.5 iter/sec) [active/total species 11/19, rxn classes 10, active/total reactant classes 4/4]
Iterations: 441000 of 500000 (16453.3 iter/sec) [active/total species 11/19, rxn classes 10, active/total reactant classes 4/4]
Iterations: 442000 of 500000 (16811.8 iter/sec) [active/total species 11/19, rxn classes 10, active/total reactant classes 4/4]
Iterations: 443000 of 500000 (15299.4 iter/sec) [active/total species 11/19, rxn classes 10, active/total reactant classes 4/4]
Iterations: 444000 of 500000 (14754.7 iter/sec) [active/total species 11/19, rxn classes 10, active/total reactant classes 4/4]
Iterations: 445000 of 500000 (14545.5 iter/sec) [active/total species 11/19, rxn classes 10, active/total reactant classes 4/4]
Iterations: 446000 of 500000 (14945.7 iter/sec) [active/total species 11/19, rxn classes 10, active/total reactant classes 4/4]
Iterations: 447000 of 500000 (14709.3 iter/sec) [active/total species 11/19, rxn classes 10, active/total reactant classes 4/4]
Iterations: 448000 of 500000 (15088.4 iter/sec) [active/total species 11/19, rxn classes 10, active/total reactant classes 4/4]
Iterations: 449000 of 500000 (14657.6 iter/sec) [active/total species 11/19, rxn classes 10, active/total reactant classes 4/4]
Iterations: 450000 of 500000 (13996.4 iter/sec) [active/total species 11/19, rxn classes 10, active/total reactant classes 4/4]
Iterations: 451000 of 500000 (14572.2 iter/sec) [active/total species 11/19, rxn classes 10, active/total reactant classes 4/4]
Iterations: 452000 of 500000 (13876.9 iter/sec) [active/total species 11/19, rxn classes 10, active/total reactant classes 4/4]
Iterations: 453000 of 500000 (13292.9 iter/sec) [active/total species 11/19, rxn classes 10, active/total reactant classes 4/4]
Iterations: 454000 of 500000 (12980.4 iter/sec) [active/total species 11/19, rxn classes 10, active/total reactant classes 4/4]
Iterations: 455000 of 500000 (14144.7 iter/sec) [active/total species 11/19, rxn classes 10, active/total reactant classes 4/4]
Iterations: 456000 of 500000 (15080.9 iter/sec) [active/total species 11/19, rxn classes 10, active/total reactant classes 4/4]
Iterations: 457000 of 500000 (14825.8 iter/sec) [active/total species 11/19, rxn classes 10, active/total reactant classes 4/4]
Iterations: 458000 of 500000 (14405.3 iter/sec) [active/total species 11/19, rxn classes 10, active/total reactant classes 4/4]
Iterations: 459000 of 500000 (13700.9 iter/sec) [active/total species 11/19, rxn classes 10, active/total reactant classes 4/4]
Iterations: 460000 of 500000 (14306.2 iter/sec) [active/total species 11/19, rxn classes 10, active/total reactant classes 4/4]
Iterations: 461000 of 500000 (15047.3 iter/sec) [active/total species 11/19, rxn classes 10, active/total reactant classes 4/4]
Iterations: 462000 of 500000 (16167.4 iter/sec) [active/total species 11/19, rxn classes 10, active/total reactant classes 4/4]
Iterations: 463000 of 500000 (15866 iter/sec) [active/total species 11/19, rxn classes 10, active/total reactant classes 4/4]
Iterations: 464000 of 500000 (14523.7 iter/sec) [active/total species 11/19, rxn classes 10, active/total reactant classes 4/4]
Iterations: 465000 of 500000 (13874.2 iter/sec) [active/total species 11/19, rxn classes 10, active/total reactant classes 4/4]
Iterations: 466000 of 500000 (14178.2 iter/sec) [active/total species 11/19, rxn classes 10, active/total reactant classes 4/4]
Iterations: 467000 of 500000 (13936.5 iter/sec) [active/total species 11/19, rxn classes 10, active/total reactant classes 4/4]
Iterations: 468000 of 500000 (14800.1 iter/sec) [active/total species 11/19, rxn classes 10, active/total reactant classes 4/4]
Iterations: 469000 of 500000 (16387 iter/sec) [active/total species 11/19, rxn classes 10, active/total reactant classes 4/4]
Iterations: 470000 of 500000 (16529.5 iter/sec) [active/total species 11/19, rxn classes 10, active/total reactant classes 4/4]
Iterations: 471000 of 500000 (16340.1 iter/sec) [active/total species 11/19, rxn classes 10, active/total reactant classes 4/4]
Iterations: 472000 of 500000 (16373.6 iter/sec) [active/total species 11/19, rxn classes 10, active/total reactant classes 4/4]
Iterations: 473000 of 500000 (16392.1 iter/sec) [active/total species 11/19, rxn classes 10, active/total reactant classes 4/4]
Iterations: 474000 of 500000 (16479.4 iter/sec) [active/total species 11/19, rxn classes 10, active/total reactant classes 4/4]
Iterations: 475000 of 500000 (15440.9 iter/sec) [active/total species 11/19, rxn classes 10, active/total reactant classes 4/4]
Iterations: 476000 of 500000 (14579.6 iter/sec) [active/total species 11/19, rxn classes 10, active/total reactant classes 4/4]
Iterations: 477000 of 500000 (14125.9 iter/sec) [active/total species 11/19, rxn classes 10, active/total reactant classes 4/4]
Iterations: 478000 of 500000 (13994.6 iter/sec) [active/total species 11/19, rxn classes 10, active/total reactant classes 4/4]
Iterations: 479000 of 500000 (13825.3 iter/sec) [active/total species 11/19, rxn classes 10, active/total reactant classes 4/4]
Iterations: 480000 of 500000 (12908.2 iter/sec) [active/total species 11/19, rxn classes 10, active/total reactant classes 4/4]
Iterations: 481000 of 500000 (12346.7 iter/sec) [active/total species 11/19, rxn classes 10, active/total reactant classes 4/4]
Iterations: 482000 of 500000 (12308 iter/sec) [active/total species 11/19, rxn classes 10, active/total reactant classes 4/4]
Iterations: 483000 of 500000 (12223 iter/sec) [active/total species 11/19, rxn classes 10, active/total reactant classes 4/4]
Iterations: 484000 of 500000 (12737.9 iter/sec) [active/total species 11/19, rxn classes 10, active/total reactant classes 4/4]
Iterations: 485000 of 500000 (12877.6 iter/sec) [active/total species 11/19, rxn classes 10, active/total reactant classes 4/4]
Iterations: 486000 of 500000 (12774.8 iter/sec) [active/total species 11/19, rxn classes 10, active/total reactant classes 4/4]
Iterations: 487000 of 500000 (13169.5 iter/sec) [active/total species 11/19, rxn classes 10, active/total reactant classes 4/4]
Iterations: 488000 of 500000 (14249.1 iter/sec) [active/total species 11/19, rxn classes 10, active/total reactant classes 4/4]
Iterations: 489000 of 500000 (14820.3 iter/sec) [active/total species 11/19, rxn classes 10, active/total reactant classes 4/4]
Iterations: 490000 of 500000 (15190.4 iter/sec) [active/total species 11/19, rxn classes 10, active/total reactant classes 4/4]
Iterations: 491000 of 500000 (15313.7 iter/sec) [active/total species 11/19, rxn classes 10, active/total reactant classes 4/4]
Iterations: 492000 of 500000 (15429.2 iter/sec) [active/total species 11/19, rxn classes 10, active/total reactant classes 4/4]
Iterations: 493000 of 500000 (15457.1 iter/sec) [active/total species 11/19, rxn classes 10, active/total reactant classes 4/4]
Iterations: 494000 of 500000 (15542.4 iter/sec) [active/total species 11/19, rxn classes 10, active/total reactant classes 4/4]
Iterations: 495000 of 500000 (16123.3 iter/sec) [active/total species 11/19, rxn classes 10, active/total reactant classes 4/4]
Iterations: 496000 of 500000 (16617.1 iter/sec) [active/total species 11/19, rxn classes 10, active/total reactant classes 4/4]
Iterations: 497000 of 500000 (17428.6 iter/sec) [active/total species 11/19, rxn classes 10, active/total reactant classes 4/4]
Iterations: 498000 of 500000 (17791.1 iter/sec) [active/total species 11/19, rxn classes 10, active/total reactant classes 4/4]
Iterations: 499000 of 500000 (18402.3 iter/sec) [active/total species 11/19, rxn classes 10, active/total reactant classes 4/4]
Iterations: 500000 of 500000 (18750.8 iter/sec) [active/total species 11/19, rxn classes 10, active/total reactant classes 4/4]
Seting diffusion constants to variant D1000_all
Iteration 500000, simulation finished successfully
Total number of ray-subvolume intersection tests (number of ray_trace calls): 485880232
Total number of ray-polygon intersection tests: 3469416494
Total number of ray-polygon intersections: 123923016
Total number of mol reflections from a wall: 112913135
Total number of vol mol vol mol collisions: 37562
Total number of molecule moves between walls: 0
Total number of usages of waypoints for counted volumes: 0
Total number of counted volume recomputations: 95505
Total number of diffuse 3d calls: 372967097
Average diffusion jump was: 0.999593 timesteps  (3.72815e+08/372967097)
Simulation CPU time = 109.926 (user) and 0.003628 (system)
Simulation CPU time without iteration 0 = 109.926 (user) and 0.003602 (system)
