DIR:/nadata/cnl/home/ahusar/article/mcell_tests/examples/mcell4/hybrid_circadian_clock/mcell4_hybrid/D1000_all
CMD:/nadata/cnl/home/ahusar/tools/anaconda/envs/default/bin/python ../model.py -seed 612 D1000_all
Initializing 64 waypoints... 
Partition contains 4^3 subpartitions, subpartition size is 0.5 microns.
Copyright (C) 2006-2021 by
  The National Center for Multiscale Modeling of Biological Systems,
  The Salk Institute for Biological Studies, and
  Pittsburgh Supercomputing Center, Carnegie Mellon University,

**********************************************************************
MCell development is supported by the NIGMS-funded (P41GM103712)
National Center for Multiscale Modeling of Biological Systems (MMBioS).
Please acknowledge MCell in your publications.
**********************************************************************

Iterations: 0 of 500000
Released 1 PrmA@Cube from "Release of PrmA@Cube at Cube" at iteration 0.
Released 1 PrmR@Cube from "Release of PrmR@Cube at Cube" at iteration 0.
Iterations: 1000 of 500000 (91482.9 iter/sec) [active/total species 5/9, rxn classes 2, active/total reactant classes 2/2]
Iterations: 2000 of 500000 (123229 iter/sec) [active/total species 7/14, rxn classes 6, active/total reactant classes 4/4]
Iterations: 3000 of 500000 (81853.2 iter/sec) [active/total species 7/15, rxn classes 6, active/total reactant classes 4/4]
Iterations: 4000 of 500000 (46503 iter/sec) [active/total species 9/17, rxn classes 8, active/total reactant classes 4/4]
Iterations: 5000 of 500000 (21982.9 iter/sec) [active/total species 10/18, rxn classes 9, active/total reactant classes 4/4]
Iterations: 6000 of 500000 (12813.3 iter/sec) [active/total species 11/19, rxn classes 10, active/total reactant classes 4/4]
Iterations: 7000 of 500000 (7687.93 iter/sec) [active/total species 11/19, rxn classes 10, active/total reactant classes 4/4]
Iterations: 8000 of 500000 (6202.17 iter/sec) [active/total species 11/19, rxn classes 10, active/total reactant classes 4/4]
Iterations: 9000 of 500000 (5011.15 iter/sec) [active/total species 11/19, rxn classes 10, active/total reactant classes 4/4]
Iterations: 10000 of 500000 (3952.88 iter/sec) [active/total species 11/19, rxn classes 10, active/total reactant classes 4/4]
Iterations: 11000 of 500000 (3235.39 iter/sec) [active/total species 11/19, rxn classes 10, active/total reactant classes 4/4]
Iterations: 12000 of 500000 (2484.47 iter/sec) [active/total species 11/19, rxn classes 10, active/total reactant classes 4/4]
Iterations: 13000 of 500000 (2112.77 iter/sec) [active/total species 11/19, rxn classes 10, active/total reactant classes 4/4]
Iterations: 14000 of 500000 (1981.31 iter/sec) [active/total species 11/19, rxn classes 10, active/total reactant classes 4/4]
Iterations: 15000 of 500000 (1821.8 iter/sec) [active/total species 11/19, rxn classes 10, active/total reactant classes 4/4]
Iterations: 16000 of 500000 (1643.83 iter/sec) [active/total species 11/19, rxn classes 10, active/total reactant classes 4/4]
Iterations: 17000 of 500000 (1591.03 iter/sec) [active/total species 11/19, rxn classes 10, active/total reactant classes 4/4]
Iterations: 18000 of 500000 (1526.6 iter/sec) [active/total species 11/19, rxn classes 10, active/total reactant classes 4/4]
Iterations: 19000 of 500000 (1412.54 iter/sec) [active/total species 11/19, rxn classes 10, active/total reactant classes 4/4]
Iterations: 20000 of 500000 (1359.3 iter/sec) [active/total species 11/19, rxn classes 10, active/total reactant classes 4/4]
Iterations: 21000 of 500000 (1288.98 iter/sec) [active/total species 11/19, rxn classes 10, active/total reactant classes 4/4]
Iterations: 22000 of 500000 (1256.3 iter/sec) [active/total species 11/19, rxn classes 10, active/total reactant classes 4/4]
Iterations: 23000 of 500000 (1241.26 iter/sec) [active/total species 11/19, rxn classes 10, active/total reactant classes 4/4]
Iterations: 24000 of 500000 (1237.78 iter/sec) [active/total species 11/19, rxn classes 10, active/total reactant classes 4/4]
Iterations: 25000 of 500000 (1216.81 iter/sec) [active/total species 11/19, rxn classes 10, active/total reactant classes 4/4]
Iterations: 26000 of 500000 (1248.49 iter/sec) [active/total species 11/19, rxn classes 10, active/total reactant classes 4/4]
Iterations: 27000 of 500000 (1274.38 iter/sec) [active/total species 11/19, rxn classes 10, active/total reactant classes 4/4]
Iterations: 28000 of 500000 (1259.41 iter/sec) [active/total species 11/19, rxn classes 10, active/total reactant classes 4/4]
Iterations: 29000 of 500000 (1262.38 iter/sec) [active/total species 11/19, rxn classes 10, active/total reactant classes 4/4]
Iterations: 30000 of 500000 (1276.45 iter/sec) [active/total species 11/19, rxn classes 10, active/total reactant classes 4/4]
Iterations: 31000 of 500000 (1256.25 iter/sec) [active/total species 11/19, rxn classes 10, active/total reactant classes 4/4]
Iterations: 32000 of 500000 (1294.57 iter/sec) [active/total species 11/19, rxn classes 10, active/total reactant classes 4/4]
Iterations: 33000 of 500000 (1312.9 iter/sec) [active/total species 11/19, rxn classes 10, active/total reactant classes 4/4]
Iterations: 34000 of 500000 (1313.49 iter/sec) [active/total species 11/19, rxn classes 10, active/total reactant classes 4/4]
Iterations: 35000 of 500000 (1365.29 iter/sec) [active/total species 11/19, rxn classes 10, active/total reactant classes 4/4]
Iterations: 36000 of 500000 (1411.97 iter/sec) [active/total species 11/19, rxn classes 10, active/total reactant classes 4/4]
Iterations: 37000 of 500000 (1463.42 iter/sec) [active/total species 11/19, rxn classes 10, active/total reactant classes 4/4]
Iterations: 38000 of 500000 (1498.02 iter/sec) [active/total species 11/19, rxn classes 10, active/total reactant classes 4/4]
Iterations: 39000 of 500000 (1515.84 iter/sec) [active/total species 11/19, rxn classes 10, active/total reactant classes 4/4]
Iterations: 40000 of 500000 (1514.62 iter/sec) [active/total species 11/19, rxn classes 10, active/total reactant classes 4/4]
Iterations: 41000 of 500000 (1525.97 iter/sec) [active/total species 11/19, rxn classes 10, active/total reactant classes 4/4]
Iterations: 42000 of 500000 (1555.75 iter/sec) [active/total species 11/19, rxn classes 10, active/total reactant classes 4/4]
Iterations: 43000 of 500000 (1600.02 iter/sec) [active/total species 11/19, rxn classes 10, active/total reactant classes 4/4]
Iterations: 44000 of 500000 (1647.62 iter/sec) [active/total species 11/19, rxn classes 10, active/total reactant classes 4/4]
Iterations: 45000 of 500000 (1730.41 iter/sec) [active/total species 11/19, rxn classes 10, active/total reactant classes 4/4]
Iterations: 46000 of 500000 (1751.02 iter/sec) [active/total species 11/19, rxn classes 10, active/total reactant classes 4/4]
Iterations: 47000 of 500000 (1879.82 iter/sec) [active/total species 11/19, rxn classes 10, active/total reactant classes 4/4]
Iterations: 48000 of 500000 (2037.71 iter/sec) [active/total species 11/19, rxn classes 10, active/total reactant classes 4/4]
Iterations: 49000 of 500000 (2181.01 iter/sec) [active/total species 11/19, rxn classes 10, active/total reactant classes 4/4]
Iterations: 50000 of 500000 (2457.22 iter/sec) [active/total species 11/19, rxn classes 10, active/total reactant classes 4/4]
Iterations: 51000 of 500000 (2622.64 iter/sec) [active/total species 11/19, rxn classes 10, active/total reactant classes 4/4]
Iterations: 52000 of 500000 (2894.33 iter/sec) [active/total species 11/19, rxn classes 10, active/total reactant classes 4/4]
Iterations: 53000 of 500000 (3255.81 iter/sec) [active/total species 11/19, rxn classes 10, active/total reactant classes 4/4]
Iterations: 54000 of 500000 (3639.12 iter/sec) [active/total species 11/19, rxn classes 10, active/total reactant classes 4/4]
Iterations: 55000 of 500000 (4097.77 iter/sec) [active/total species 11/19, rxn classes 10, active/total reactant classes 4/4]
Iterations: 56000 of 500000 (4507.67 iter/sec) [active/total species 11/19, rxn classes 10, active/total reactant classes 4/4]
Iterations: 57000 of 500000 (4793.84 iter/sec) [active/total species 11/19, rxn classes 10, active/total reactant classes 4/4]
Iterations: 58000 of 500000 (5265.76 iter/sec) [active/total species 11/19, rxn classes 10, active/total reactant classes 4/4]
Iterations: 59000 of 500000 (5783.22 iter/sec) [active/total species 11/19, rxn classes 10, active/total reactant classes 4/4]
Iterations: 60000 of 500000 (6094.7 iter/sec) [active/total species 11/19, rxn classes 10, active/total reactant classes 4/4]
Iterations: 61000 of 500000 (6487.82 iter/sec) [active/total species 11/19, rxn classes 10, active/total reactant classes 4/4]
Iterations: 62000 of 500000 (7103.08 iter/sec) [active/total species 11/19, rxn classes 10, active/total reactant classes 4/4]
Iterations: 63000 of 500000 (7521.91 iter/sec) [active/total species 11/19, rxn classes 10, active/total reactant classes 4/4]
Iterations: 64000 of 500000 (8228.69 iter/sec) [active/total species 11/19, rxn classes 10, active/total reactant classes 4/4]
Iterations: 65000 of 500000 (9119.26 iter/sec) [active/total species 11/19, rxn classes 10, active/total reactant classes 4/4]
Iterations: 66000 of 500000 (9522.63 iter/sec) [active/total species 11/19, rxn classes 10, active/total reactant classes 4/4]
Iterations: 67000 of 500000 (9818.65 iter/sec) [active/total species 11/19, rxn classes 10, active/total reactant classes 4/4]
Iterations: 68000 of 500000 (10498.4 iter/sec) [active/total species 11/19, rxn classes 10, active/total reactant classes 4/4]
Iterations: 69000 of 500000 (10952.7 iter/sec) [active/total species 11/19, rxn classes 10, active/total reactant classes 4/4]
Iterations: 70000 of 500000 (11622 iter/sec) [active/total species 11/19, rxn classes 10, active/total reactant classes 4/4]
Iterations: 71000 of 500000 (12187.8 iter/sec) [active/total species 11/19, rxn classes 10, active/total reactant classes 4/4]
Iterations: 72000 of 500000 (12674.6 iter/sec) [active/total species 11/19, rxn classes 10, active/total reactant classes 4/4]
Iterations: 73000 of 500000 (13533.1 iter/sec) [active/total species 11/19, rxn classes 10, active/total reactant classes 4/4]
Iterations: 74000 of 500000 (13088.3 iter/sec) [active/total species 11/19, rxn classes 10, active/total reactant classes 4/4]
Iterations: 75000 of 500000 (12543 iter/sec) [active/total species 11/19, rxn classes 10, active/total reactant classes 4/4]
Iterations: 76000 of 500000 (13558.2 iter/sec) [active/total species 11/19, rxn classes 10, active/total reactant classes 4/4]
Iterations: 77000 of 500000 (14294.1 iter/sec) [active/total species 11/19, rxn classes 10, active/total reactant classes 4/4]
Iterations: 78000 of 500000 (14710.2 iter/sec) [active/total species 11/19, rxn classes 10, active/total reactant classes 4/4]
Iterations: 79000 of 500000 (13863.5 iter/sec) [active/total species 11/19, rxn classes 10, active/total reactant classes 4/4]
Iterations: 80000 of 500000 (14700.3 iter/sec) [active/total species 11/19, rxn classes 10, active/total reactant classes 4/4]
Iterations: 81000 of 500000 (16239.6 iter/sec) [active/total species 11/19, rxn classes 10, active/total reactant classes 4/4]
Iterations: 82000 of 500000 (17307.3 iter/sec) [active/total species 11/19, rxn classes 10, active/total reactant classes 4/4]
Iterations: 83000 of 500000 (17324.1 iter/sec) [active/total species 11/19, rxn classes 10, active/total reactant classes 4/4]
Iterations: 84000 of 500000 (18413.5 iter/sec) [active/total species 11/19, rxn classes 10, active/total reactant classes 4/4]
Iterations: 85000 of 500000 (18909.3 iter/sec) [active/total species 11/19, rxn classes 10, active/total reactant classes 4/4]
Iterations: 86000 of 500000 (18800.5 iter/sec) [active/total species 11/19, rxn classes 10, active/total reactant classes 4/4]
Iterations: 87000 of 500000 (18248.5 iter/sec) [active/total species 11/19, rxn classes 10, active/total reactant classes 4/4]
Iterations: 88000 of 500000 (18537.4 iter/sec) [active/total species 11/19, rxn classes 10, active/total reactant classes 4/4]
Iterations: 89000 of 500000 (17621.8 iter/sec) [active/total species 11/19, rxn classes 10, active/total reactant classes 4/4]
Iterations: 90000 of 500000 (18156.7 iter/sec) [active/total species 11/19, rxn classes 10, active/total reactant classes 4/4]
Iterations: 91000 of 500000 (14338.4 iter/sec) [active/total species 11/19, rxn classes 10, active/total reactant classes 4/4]
Iterations: 92000 of 500000 (10973.1 iter/sec) [active/total species 11/19, rxn classes 10, active/total reactant classes 4/4]
Iterations: 93000 of 500000 (10271.1 iter/sec) [active/total species 11/19, rxn classes 10, active/total reactant classes 4/4]
Iterations: 94000 of 500000 (10332.3 iter/sec) [active/total species 11/19, rxn classes 10, active/total reactant classes 4/4]
Iterations: 95000 of 500000 (10904.9 iter/sec) [active/total species 11/19, rxn classes 10, active/total reactant classes 4/4]
Iterations: 96000 of 500000 (11776.5 iter/sec) [active/total species 11/19, rxn classes 10, active/total reactant classes 4/4]
Iterations: 97000 of 500000 (13069.3 iter/sec) [active/total species 11/19, rxn classes 10, active/total reactant classes 4/4]
Iterations: 98000 of 500000 (13624.2 iter/sec) [active/total species 11/19, rxn classes 10, active/total reactant classes 4/4]
Iterations: 99000 of 500000 (13737 iter/sec) [active/total species 11/19, rxn classes 10, active/total reactant classes 4/4]
Iterations: 100000 of 500000 (13929.7 iter/sec) [active/total species 11/19, rxn classes 10, active/total reactant classes 4/4]
Iterations: 101000 of 500000 (14739.5 iter/sec) [active/total species 11/19, rxn classes 10, active/total reactant classes 4/4]
Iterations: 102000 of 500000 (14934.5 iter/sec) [active/total species 11/19, rxn classes 10, active/total reactant classes 4/4]
Iterations: 103000 of 500000 (14849.6 iter/sec) [active/total species 11/19, rxn classes 10, active/total reactant classes 4/4]
Iterations: 104000 of 500000 (15082.5 iter/sec) [active/total species 11/19, rxn classes 10, active/total reactant classes 4/4]
Iterations: 105000 of 500000 (15181.9 iter/sec) [active/total species 11/19, rxn classes 10, active/total reactant classes 4/4]
Iterations: 106000 of 500000 (15542.2 iter/sec) [active/total species 11/19, rxn classes 10, active/total reactant classes 4/4]
Iterations: 107000 of 500000 (15568.1 iter/sec) [active/total species 11/19, rxn classes 10, active/total reactant classes 4/4]
Iterations: 108000 of 500000 (15345.7 iter/sec) [active/total species 11/19, rxn classes 10, active/total reactant classes 4/4]
Iterations: 109000 of 500000 (16010.2 iter/sec) [active/total species 11/19, rxn classes 10, active/total reactant classes 4/4]
Iterations: 110000 of 500000 (16389.4 iter/sec) [active/total species 11/19, rxn classes 10, active/total reactant classes 4/4]
Iterations: 111000 of 500000 (15853.6 iter/sec) [active/total species 11/19, rxn classes 10, active/total reactant classes 4/4]
Iterations: 112000 of 500000 (14891.8 iter/sec) [active/total species 11/19, rxn classes 10, active/total reactant classes 4/4]
Iterations: 113000 of 500000 (14097 iter/sec) [active/total species 11/19, rxn classes 10, active/total reactant classes 4/4]
Iterations: 114000 of 500000 (14559.9 iter/sec) [active/total species 11/19, rxn classes 10, active/total reactant classes 4/4]
Iterations: 115000 of 500000 (15771.6 iter/sec) [active/total species 11/19, rxn classes 10, active/total reactant classes 4/4]
Iterations: 116000 of 500000 (14982.6 iter/sec) [active/total species 11/19, rxn classes 10, active/total reactant classes 4/4]
Iterations: 117000 of 500000 (15916.7 iter/sec) [active/total species 11/19, rxn classes 10, active/total reactant classes 4/4]
Iterations: 118000 of 500000 (16482.1 iter/sec) [active/total species 11/19, rxn classes 10, active/total reactant classes 4/4]
Iterations: 119000 of 500000 (16694.5 iter/sec) [active/total species 11/19, rxn classes 10, active/total reactant classes 4/4]
Iterations: 120000 of 500000 (16380 iter/sec) [active/total species 11/19, rxn classes 10, active/total reactant classes 4/4]
Iterations: 121000 of 500000 (15857.7 iter/sec) [active/total species 11/19, rxn classes 10, active/total reactant classes 4/4]
Iterations: 122000 of 500000 (16082.6 iter/sec) [active/total species 11/19, rxn classes 10, active/total reactant classes 4/4]
Iterations: 123000 of 500000 (16570.3 iter/sec) [active/total species 11/19, rxn classes 10, active/total reactant classes 4/4]
Iterations: 124000 of 500000 (16688.6 iter/sec) [active/total species 11/19, rxn classes 10, active/total reactant classes 4/4]
Iterations: 125000 of 500000 (15591.9 iter/sec) [active/total species 11/19, rxn classes 10, active/total reactant classes 4/4]
Iterations: 126000 of 500000 (14497.2 iter/sec) [active/total species 11/19, rxn classes 10, active/total reactant classes 4/4]
Iterations: 127000 of 500000 (14070.2 iter/sec) [active/total species 11/19, rxn classes 10, active/total reactant classes 4/4]
Iterations: 128000 of 500000 (13783.2 iter/sec) [active/total species 11/19, rxn classes 10, active/total reactant classes 4/4]
Iterations: 129000 of 500000 (14336.7 iter/sec) [active/total species 11/19, rxn classes 10, active/total reactant classes 4/4]
Iterations: 130000 of 500000 (14966.3 iter/sec) [active/total species 11/19, rxn classes 10, active/total reactant classes 4/4]
Iterations: 131000 of 500000 (15020 iter/sec) [active/total species 11/19, rxn classes 10, active/total reactant classes 4/4]
Iterations: 132000 of 500000 (14834.6 iter/sec) [active/total species 11/19, rxn classes 10, active/total reactant classes 4/4]
Iterations: 133000 of 500000 (14896.2 iter/sec) [active/total species 11/19, rxn classes 10, active/total reactant classes 4/4]
Iterations: 134000 of 500000 (14898.5 iter/sec) [active/total species 11/19, rxn classes 10, active/total reactant classes 4/4]
Iterations: 135000 of 500000 (14867.7 iter/sec) [active/total species 11/19, rxn classes 10, active/total reactant classes 4/4]
Iterations: 136000 of 500000 (15510.4 iter/sec) [active/total species 11/19, rxn classes 10, active/total reactant classes 4/4]
Iterations: 137000 of 500000 (17249.4 iter/sec) [active/total species 11/19, rxn classes 10, active/total reactant classes 4/4]
Iterations: 138000 of 500000 (17558 iter/sec) [active/total species 11/19, rxn classes 10, active/total reactant classes 4/4]
Iterations: 139000 of 500000 (17389.8 iter/sec) [active/total species 11/19, rxn classes 10, active/total reactant classes 4/4]
Iterations: 140000 of 500000 (18205.7 iter/sec) [active/total species 11/19, rxn classes 10, active/total reactant classes 4/4]
Iterations: 141000 of 500000 (19570.2 iter/sec) [active/total species 11/19, rxn classes 10, active/total reactant classes 4/4]
Iterations: 142000 of 500000 (18647.7 iter/sec) [active/total species 11/19, rxn classes 10, active/total reactant classes 4/4]
Iterations: 143000 of 500000 (18462.8 iter/sec) [active/total species 11/19, rxn classes 10, active/total reactant classes 4/4]
Iterations: 144000 of 500000 (18106.8 iter/sec) [active/total species 11/19, rxn classes 10, active/total reactant classes 4/4]
Iterations: 145000 of 500000 (18425 iter/sec) [active/total species 11/19, rxn classes 10, active/total reactant classes 4/4]
Iterations: 146000 of 500000 (18205 iter/sec) [active/total species 11/19, rxn classes 10, active/total reactant classes 4/4]
Iterations: 147000 of 500000 (18271.5 iter/sec) [active/total species 11/19, rxn classes 10, active/total reactant classes 4/4]
Iterations: 148000 of 500000 (18335.2 iter/sec) [active/total species 11/19, rxn classes 10, active/total reactant classes 4/4]
Iterations: 149000 of 500000 (18477.1 iter/sec) [active/total species 11/19, rxn classes 10, active/total reactant classes 4/4]
Iterations: 150000 of 500000 (17132.1 iter/sec) [active/total species 11/19, rxn classes 10, active/total reactant classes 4/4]
Iterations: 151000 of 500000 (16621.2 iter/sec) [active/total species 11/19, rxn classes 10, active/total reactant classes 4/4]
Iterations: 152000 of 500000 (16866.5 iter/sec) [active/total species 11/19, rxn classes 10, active/total reactant classes 4/4]
Iterations: 153000 of 500000 (17273.5 iter/sec) [active/total species 11/19, rxn classes 10, active/total reactant classes 4/4]
Iterations: 154000 of 500000 (15349.7 iter/sec) [active/total species 11/19, rxn classes 10, active/total reactant classes 4/4]
Iterations: 155000 of 500000 (12973.5 iter/sec) [active/total species 11/19, rxn classes 10, active/total reactant classes 4/4]
Iterations: 156000 of 500000 (10383.5 iter/sec) [active/total species 11/19, rxn classes 10, active/total reactant classes 4/4]
Iterations: 157000 of 500000 (9998 iter/sec) [active/total species 11/19, rxn classes 10, active/total reactant classes 4/4]
Iterations: 158000 of 500000 (9421.79 iter/sec) [active/total species 11/19, rxn classes 10, active/total reactant classes 4/4]
Iterations: 159000 of 500000 (8795.54 iter/sec) [active/total species 11/19, rxn classes 10, active/total reactant classes 4/4]
Iterations: 160000 of 500000 (8495.17 iter/sec) [active/total species 11/19, rxn classes 10, active/total reactant classes 4/4]
Iterations: 161000 of 500000 (9294.8 iter/sec) [active/total species 11/19, rxn classes 10, active/total reactant classes 4/4]
Iterations: 162000 of 500000 (10524.3 iter/sec) [active/total species 11/19, rxn classes 10, active/total reactant classes 4/4]
Iterations: 163000 of 500000 (11810.8 iter/sec) [active/total species 11/19, rxn classes 10, active/total reactant classes 4/4]
Iterations: 164000 of 500000 (11492.5 iter/sec) [active/total species 11/19, rxn classes 10, active/total reactant classes 4/4]
Iterations: 165000 of 500000 (7613.19 iter/sec) [active/total species 11/19, rxn classes 10, active/total reactant classes 4/4]
Iterations: 166000 of 500000 (6125.39 iter/sec) [active/total species 11/19, rxn classes 10, active/total reactant classes 4/4]
Iterations: 167000 of 500000 (5739.64 iter/sec) [active/total species 11/19, rxn classes 10, active/total reactant classes 4/4]
Iterations: 168000 of 500000 (4433.39 iter/sec) [active/total species 11/19, rxn classes 10, active/total reactant classes 4/4]
Iterations: 169000 of 500000 (3729.12 iter/sec) [active/total species 11/19, rxn classes 10, active/total reactant classes 4/4]
Iterations: 170000 of 500000 (3471.68 iter/sec) [active/total species 11/19, rxn classes 10, active/total reactant classes 4/4]
Iterations: 171000 of 500000 (3065.51 iter/sec) [active/total species 11/19, rxn classes 10, active/total reactant classes 4/4]
Iterations: 172000 of 500000 (2868.04 iter/sec) [active/total species 11/19, rxn classes 10, active/total reactant classes 4/4]
Iterations: 173000 of 500000 (2399.01 iter/sec) [active/total species 11/19, rxn classes 10, active/total reactant classes 4/4]
Iterations: 174000 of 500000 (2171.63 iter/sec) [active/total species 11/19, rxn classes 10, active/total reactant classes 4/4]
Iterations: 175000 of 500000 (1924.44 iter/sec) [active/total species 11/19, rxn classes 10, active/total reactant classes 4/4]
Iterations: 176000 of 500000 (1765.64 iter/sec) [active/total species 11/19, rxn classes 10, active/total reactant classes 4/4]
Iterations: 177000 of 500000 (1689.6 iter/sec) [active/total species 11/19, rxn classes 10, active/total reactant classes 4/4]
Iterations: 178000 of 500000 (1657.21 iter/sec) [active/total species 11/19, rxn classes 10, active/total reactant classes 4/4]
Iterations: 179000 of 500000 (1571.22 iter/sec) [active/total species 11/19, rxn classes 10, active/total reactant classes 4/4]
Iterations: 180000 of 500000 (1496.51 iter/sec) [active/total species 11/19, rxn classes 10, active/total reactant classes 4/4]
Iterations: 181000 of 500000 (1406.17 iter/sec) [active/total species 11/19, rxn classes 10, active/total reactant classes 4/4]
Iterations: 182000 of 500000 (1327.65 iter/sec) [active/total species 11/19, rxn classes 10, active/total reactant classes 4/4]
Iterations: 183000 of 500000 (1313.52 iter/sec) [active/total species 11/19, rxn classes 10, active/total reactant classes 4/4]
Iterations: 184000 of 500000 (1326.38 iter/sec) [active/total species 11/19, rxn classes 10, active/total reactant classes 4/4]
Iterations: 185000 of 500000 (1354.84 iter/sec) [active/total species 11/19, rxn classes 10, active/total reactant classes 4/4]
Iterations: 186000 of 500000 (1377.31 iter/sec) [active/total species 11/19, rxn classes 10, active/total reactant classes 4/4]
Iterations: 187000 of 500000 (1384.8 iter/sec) [active/total species 11/19, rxn classes 10, active/total reactant classes 4/4]
Iterations: 188000 of 500000 (1409.54 iter/sec) [active/total species 11/19, rxn classes 10, active/total reactant classes 4/4]
Iterations: 189000 of 500000 (1397.93 iter/sec) [active/total species 11/19, rxn classes 10, active/total reactant classes 4/4]
Iterations: 190000 of 500000 (1438.65 iter/sec) [active/total species 11/19, rxn classes 10, active/total reactant classes 4/4]
Iterations: 191000 of 500000 (1447.9 iter/sec) [active/total species 11/19, rxn classes 10, active/total reactant classes 4/4]
Iterations: 192000 of 500000 (1451.89 iter/sec) [active/total species 11/19, rxn classes 10, active/total reactant classes 4/4]
Iterations: 193000 of 500000 (1465.03 iter/sec) [active/total species 11/19, rxn classes 10, active/total reactant classes 4/4]
Iterations: 194000 of 500000 (1480.79 iter/sec) [active/total species 11/19, rxn classes 10, active/total reactant classes 4/4]
Iterations: 195000 of 500000 (1474.91 iter/sec) [active/total species 11/19, rxn classes 10, active/total reactant classes 4/4]
Iterations: 196000 of 500000 (1476.82 iter/sec) [active/total species 11/19, rxn classes 10, active/total reactant classes 4/4]
Iterations: 197000 of 500000 (1495.26 iter/sec) [active/total species 11/19, rxn classes 10, active/total reactant classes 4/4]
Iterations: 198000 of 500000 (1611.86 iter/sec) [active/total species 11/19, rxn classes 10, active/total reactant classes 4/4]
Iterations: 199000 of 500000 (1716.61 iter/sec) [active/total species 11/19, rxn classes 10, active/total reactant classes 4/4]
Iterations: 200000 of 500000 (1857.61 iter/sec) [active/total species 11/19, rxn classes 10, active/total reactant classes 4/4]
Iterations: 201000 of 500000 (1917.47 iter/sec) [active/total species 11/19, rxn classes 10, active/total reactant classes 4/4]
Iterations: 202000 of 500000 (2072.03 iter/sec) [active/total species 11/19, rxn classes 10, active/total reactant classes 4/4]
Iterations: 203000 of 500000 (2177.25 iter/sec) [active/total species 11/19, rxn classes 10, active/total reactant classes 4/4]
Iterations: 204000 of 500000 (2276.39 iter/sec) [active/total species 11/19, rxn classes 10, active/total reactant classes 4/4]
Iterations: 205000 of 500000 (2488.48 iter/sec) [active/total species 11/19, rxn classes 10, active/total reactant classes 4/4]
Iterations: 206000 of 500000 (2825.11 iter/sec) [active/total species 11/19, rxn classes 10, active/total reactant classes 4/4]
Iterations: 207000 of 500000 (3178.85 iter/sec) [active/total species 11/19, rxn classes 10, active/total reactant classes 4/4]
Iterations: 208000 of 500000 (3503.78 iter/sec) [active/total species 11/19, rxn classes 10, active/total reactant classes 4/4]
Iterations: 209000 of 500000 (3891.7 iter/sec) [active/total species 11/19, rxn classes 10, active/total reactant classes 4/4]
Iterations: 210000 of 500000 (4292.08 iter/sec) [active/total species 11/19, rxn classes 10, active/total reactant classes 4/4]
Iterations: 211000 of 500000 (4683.95 iter/sec) [active/total species 11/19, rxn classes 10, active/total reactant classes 4/4]
Iterations: 212000 of 500000 (5220.71 iter/sec) [active/total species 11/19, rxn classes 10, active/total reactant classes 4/4]
Iterations: 213000 of 500000 (5775.77 iter/sec) [active/total species 11/19, rxn classes 10, active/total reactant classes 4/4]
Iterations: 214000 of 500000 (6275.69 iter/sec) [active/total species 11/19, rxn classes 10, active/total reactant classes 4/4]
Iterations: 215000 of 500000 (6903.41 iter/sec) [active/total species 11/19, rxn classes 10, active/total reactant classes 4/4]
Iterations: 216000 of 500000 (7577.31 iter/sec) [active/total species 11/19, rxn classes 10, active/total reactant classes 4/4]
Iterations: 217000 of 500000 (8104.52 iter/sec) [active/total species 11/19, rxn classes 10, active/total reactant classes 4/4]
Iterations: 218000 of 500000 (8740.88 iter/sec) [active/total species 11/19, rxn classes 10, active/total reactant classes 4/4]
Iterations: 219000 of 500000 (9284.19 iter/sec) [active/total species 11/19, rxn classes 10, active/total reactant classes 4/4]
Iterations: 220000 of 500000 (9775.46 iter/sec) [active/total species 11/19, rxn classes 10, active/total reactant classes 4/4]
Iterations: 221000 of 500000 (9998.6 iter/sec) [active/total species 11/19, rxn classes 10, active/total reactant classes 4/4]
Iterations: 222000 of 500000 (10215.7 iter/sec) [active/total species 11/19, rxn classes 10, active/total reactant classes 4/4]
Iterations: 223000 of 500000 (10375.9 iter/sec) [active/total species 11/19, rxn classes 10, active/total reactant classes 4/4]
Iterations: 224000 of 500000 (10744.4 iter/sec) [active/total species 11/19, rxn classes 10, active/total reactant classes 4/4]
Iterations: 225000 of 500000 (11199.3 iter/sec) [active/total species 11/19, rxn classes 10, active/total reactant classes 4/4]
Iterations: 226000 of 500000 (11452.1 iter/sec) [active/total species 11/19, rxn classes 10, active/total reactant classes 4/4]
Iterations: 227000 of 500000 (11587.4 iter/sec) [active/total species 11/19, rxn classes 10, active/total reactant classes 4/4]
Iterations: 228000 of 500000 (11597 iter/sec) [active/total species 11/19, rxn classes 10, active/total reactant classes 4/4]
Iterations: 229000 of 500000 (11603.4 iter/sec) [active/total species 11/19, rxn classes 10, active/total reactant classes 4/4]
Iterations: 230000 of 500000 (11728.8 iter/sec) [active/total species 11/19, rxn classes 10, active/total reactant classes 4/4]
Iterations: 231000 of 500000 (12066.4 iter/sec) [active/total species 11/19, rxn classes 10, active/total reactant classes 4/4]
Iterations: 232000 of 500000 (12511.1 iter/sec) [active/total species 11/19, rxn classes 10, active/total reactant classes 4/4]
Iterations: 233000 of 500000 (12753.3 iter/sec) [active/total species 11/19, rxn classes 10, active/total reactant classes 4/4]
Iterations: 234000 of 500000 (13359 iter/sec) [active/total species 11/19, rxn classes 10, active/total reactant classes 4/4]
Iterations: 235000 of 500000 (14218.5 iter/sec) [active/total species 11/19, rxn classes 10, active/total reactant classes 4/4]
Iterations: 236000 of 500000 (14162.1 iter/sec) [active/total species 11/19, rxn classes 10, active/total reactant classes 4/4]
Iterations: 237000 of 500000 (13684.9 iter/sec) [active/total species 11/19, rxn classes 10, active/total reactant classes 4/4]
Iterations: 238000 of 500000 (13804.5 iter/sec) [active/total species 11/19, rxn classes 10, active/total reactant classes 4/4]
Iterations: 239000 of 500000 (13877.9 iter/sec) [active/total species 11/19, rxn classes 10, active/total reactant classes 4/4]
Iterations: 240000 of 500000 (14616.3 iter/sec) [active/total species 11/19, rxn classes 10, active/total reactant classes 4/4]
Iterations: 241000 of 500000 (15969.8 iter/sec) [active/total species 11/19, rxn classes 10, active/total reactant classes 4/4]
Iterations: 242000 of 500000 (16253.6 iter/sec) [active/total species 11/19, rxn classes 10, active/total reactant classes 4/4]
Iterations: 243000 of 500000 (16367.7 iter/sec) [active/total species 11/19, rxn classes 10, active/total reactant classes 4/4]
Iterations: 244000 of 500000 (17135.3 iter/sec) [active/total species 11/19, rxn classes 10, active/total reactant classes 4/4]
Iterations: 245000 of 500000 (16443.9 iter/sec) [active/total species 11/19, rxn classes 10, active/total reactant classes 4/4]
Iterations: 246000 of 500000 (16216.7 iter/sec) [active/total species 11/19, rxn classes 10, active/total reactant classes 4/4]
Iterations: 247000 of 500000 (16166.1 iter/sec) [active/total species 11/19, rxn classes 10, active/total reactant classes 4/4]
Iterations: 248000 of 500000 (17364.4 iter/sec) [active/total species 11/19, rxn classes 10, active/total reactant classes 4/4]
Iterations: 249000 of 500000 (17839.9 iter/sec) [active/total species 11/19, rxn classes 10, active/total reactant classes 4/4]
Iterations: 250000 of 500000 (18309 iter/sec) [active/total species 11/19, rxn classes 10, active/total reactant classes 4/4]
Iterations: 251000 of 500000 (17762.6 iter/sec) [active/total species 11/19, rxn classes 10, active/total reactant classes 4/4]
Iterations: 252000 of 500000 (17841.5 iter/sec) [active/total species 11/19, rxn classes 10, active/total reactant classes 4/4]
Iterations: 253000 of 500000 (17609.7 iter/sec) [active/total species 11/19, rxn classes 10, active/total reactant classes 4/4]
Iterations: 254000 of 500000 (16803.9 iter/sec) [active/total species 11/19, rxn classes 10, active/total reactant classes 4/4]
Iterations: 255000 of 500000 (16080 iter/sec) [active/total species 11/19, rxn classes 10, active/total reactant classes 4/4]
Iterations: 256000 of 500000 (14879 iter/sec) [active/total species 11/19, rxn classes 10, active/total reactant classes 4/4]
Iterations: 257000 of 500000 (14509.6 iter/sec) [active/total species 11/19, rxn classes 10, active/total reactant classes 4/4]
Iterations: 258000 of 500000 (14835.7 iter/sec) [active/total species 11/19, rxn classes 10, active/total reactant classes 4/4]
Iterations: 259000 of 500000 (15355.1 iter/sec) [active/total species 11/19, rxn classes 10, active/total reactant classes 4/4]
Iterations: 260000 of 500000 (16478.8 iter/sec) [active/total species 11/19, rxn classes 10, active/total reactant classes 4/4]
Iterations: 261000 of 500000 (18201.7 iter/sec) [active/total species 11/19, rxn classes 10, active/total reactant classes 4/4]
Iterations: 262000 of 500000 (18752.9 iter/sec) [active/total species 11/19, rxn classes 10, active/total reactant classes 4/4]
Iterations: 263000 of 500000 (19614.4 iter/sec) [active/total species 11/19, rxn classes 10, active/total reactant classes 4/4]
Iterations: 264000 of 500000 (20789.6 iter/sec) [active/total species 11/19, rxn classes 10, active/total reactant classes 4/4]
Iterations: 265000 of 500000 (19509.5 iter/sec) [active/total species 11/19, rxn classes 10, active/total reactant classes 4/4]
Iterations: 266000 of 500000 (18796.3 iter/sec) [active/total species 11/19, rxn classes 10, active/total reactant classes 4/4]
Iterations: 267000 of 500000 (19422.8 iter/sec) [active/total species 11/19, rxn classes 10, active/total reactant classes 4/4]
Iterations: 268000 of 500000 (18157.4 iter/sec) [active/total species 11/19, rxn classes 10, active/total reactant classes 4/4]
Iterations: 269000 of 500000 (15561.1 iter/sec) [active/total species 11/19, rxn classes 10, active/total reactant classes 4/4]
Iterations: 270000 of 500000 (13874.1 iter/sec) [active/total species 11/19, rxn classes 10, active/total reactant classes 4/4]
Iterations: 271000 of 500000 (13956.3 iter/sec) [active/total species 11/19, rxn classes 10, active/total reactant classes 4/4]
Iterations: 272000 of 500000 (13880.6 iter/sec) [active/total species 11/19, rxn classes 10, active/total reactant classes 4/4]
Iterations: 273000 of 500000 (14736.2 iter/sec) [active/total species 11/19, rxn classes 10, active/total reactant classes 4/4]
Iterations: 274000 of 500000 (15483.7 iter/sec) [active/total species 11/19, rxn classes 10, active/total reactant classes 4/4]
Iterations: 275000 of 500000 (15792.8 iter/sec) [active/total species 11/19, rxn classes 10, active/total reactant classes 4/4]
Iterations: 276000 of 500000 (16789.2 iter/sec) [active/total species 11/19, rxn classes 10, active/total reactant classes 4/4]
Iterations: 277000 of 500000 (17660 iter/sec) [active/total species 11/19, rxn classes 10, active/total reactant classes 4/4]
Iterations: 278000 of 500000 (18353 iter/sec) [active/total species 11/19, rxn classes 10, active/total reactant classes 4/4]
Iterations: 279000 of 500000 (18969.6 iter/sec) [active/total species 11/19, rxn classes 10, active/total reactant classes 4/4]
Iterations: 280000 of 500000 (18218.3 iter/sec) [active/total species 11/19, rxn classes 10, active/total reactant classes 4/4]
Iterations: 281000 of 500000 (17067.5 iter/sec) [active/total species 11/19, rxn classes 10, active/total reactant classes 4/4]
Iterations: 282000 of 500000 (16752.4 iter/sec) [active/total species 11/19, rxn classes 10, active/total reactant classes 4/4]
Iterations: 283000 of 500000 (16519.6 iter/sec) [active/total species 11/19, rxn classes 10, active/total reactant classes 4/4]
Iterations: 284000 of 500000 (16531.4 iter/sec) [active/total species 11/19, rxn classes 10, active/total reactant classes 4/4]
Iterations: 285000 of 500000 (17536.8 iter/sec) [active/total species 11/19, rxn classes 10, active/total reactant classes 4/4]
Iterations: 286000 of 500000 (17873.7 iter/sec) [active/total species 11/19, rxn classes 10, active/total reactant classes 4/4]
Iterations: 287000 of 500000 (18402.3 iter/sec) [active/total species 11/19, rxn classes 10, active/total reactant classes 4/4]
Iterations: 288000 of 500000 (19494.3 iter/sec) [active/total species 11/19, rxn classes 10, active/total reactant classes 4/4]
Iterations: 289000 of 500000 (19848 iter/sec) [active/total species 11/19, rxn classes 10, active/total reactant classes 4/4]
Iterations: 290000 of 500000 (20162.1 iter/sec) [active/total species 11/19, rxn classes 10, active/total reactant classes 4/4]
Iterations: 291000 of 500000 (19398.6 iter/sec) [active/total species 11/19, rxn classes 10, active/total reactant classes 4/4]
Iterations: 292000 of 500000 (19500 iter/sec) [active/total species 11/19, rxn classes 10, active/total reactant classes 4/4]
Iterations: 293000 of 500000 (19912.4 iter/sec) [active/total species 11/19, rxn classes 10, active/total reactant classes 4/4]
Iterations: 294000 of 500000 (20357.9 iter/sec) [active/total species 11/19, rxn classes 10, active/total reactant classes 4/4]
Iterations: 295000 of 500000 (20417.3 iter/sec) [active/total species 11/19, rxn classes 10, active/total reactant classes 4/4]
Iterations: 296000 of 500000 (21118.4 iter/sec) [active/total species 11/19, rxn classes 10, active/total reactant classes 4/4]
Iterations: 297000 of 500000 (21224.7 iter/sec) [active/total species 11/19, rxn classes 10, active/total reactant classes 4/4]
Iterations: 298000 of 500000 (21498 iter/sec) [active/total species 11/19, rxn classes 10, active/total reactant classes 4/4]
Iterations: 299000 of 500000 (19730.5 iter/sec) [active/total species 11/19, rxn classes 10, active/total reactant classes 4/4]
Iterations: 300000 of 500000 (16137.9 iter/sec) [active/total species 11/19, rxn classes 10, active/total reactant classes 4/4]
Iterations: 301000 of 500000 (14103.2 iter/sec) [active/total species 11/19, rxn classes 10, active/total reactant classes 4/4]
Iterations: 302000 of 500000 (14007.2 iter/sec) [active/total species 11/19, rxn classes 10, active/total reactant classes 4/4]
Iterations: 303000 of 500000 (13676.7 iter/sec) [active/total species 11/19, rxn classes 10, active/total reactant classes 4/4]
Iterations: 304000 of 500000 (11599.7 iter/sec) [active/total species 11/19, rxn classes 10, active/total reactant classes 4/4]
Iterations: 305000 of 500000 (11323.1 iter/sec) [active/total species 11/19, rxn classes 10, active/total reactant classes 4/4]
Iterations: 306000 of 500000 (12271.3 iter/sec) [active/total species 11/19, rxn classes 10, active/total reactant classes 4/4]
Iterations: 307000 of 500000 (12569.6 iter/sec) [active/total species 11/19, rxn classes 10, active/total reactant classes 4/4]
Iterations: 308000 of 500000 (12573.1 iter/sec) [active/total species 11/19, rxn classes 10, active/total reactant classes 4/4]
Iterations: 309000 of 500000 (13271 iter/sec) [active/total species 11/19, rxn classes 10, active/total reactant classes 4/4]
Iterations: 310000 of 500000 (14390.1 iter/sec) [active/total species 11/19, rxn classes 10, active/total reactant classes 4/4]
Iterations: 311000 of 500000 (15225.8 iter/sec) [active/total species 11/19, rxn classes 10, active/total reactant classes 4/4]
Iterations: 312000 of 500000 (15497.4 iter/sec) [active/total species 11/19, rxn classes 10, active/total reactant classes 4/4]
Iterations: 313000 of 500000 (15489.2 iter/sec) [active/total species 11/19, rxn classes 10, active/total reactant classes 4/4]
Iterations: 314000 of 500000 (15322.6 iter/sec) [active/total species 11/19, rxn classes 10, active/total reactant classes 4/4]
Iterations: 315000 of 500000 (14183.2 iter/sec) [active/total species 11/19, rxn classes 10, active/total reactant classes 4/4]
Iterations: 316000 of 500000 (13587.5 iter/sec) [active/total species 11/19, rxn classes 10, active/total reactant classes 4/4]
Iterations: 317000 of 500000 (13910.5 iter/sec) [active/total species 11/19, rxn classes 10, active/total reactant classes 4/4]
Iterations: 318000 of 500000 (15022.7 iter/sec) [active/total species 11/19, rxn classes 10, active/total reactant classes 4/4]
Iterations: 319000 of 500000 (14821.2 iter/sec) [active/total species 11/19, rxn classes 10, active/total reactant classes 4/4]
Iterations: 320000 of 500000 (15521.7 iter/sec) [active/total species 11/19, rxn classes 10, active/total reactant classes 4/4]
Iterations: 321000 of 500000 (16374.1 iter/sec) [active/total species 11/19, rxn classes 10, active/total reactant classes 4/4]
Iterations: 322000 of 500000 (16415.2 iter/sec) [active/total species 11/19, rxn classes 10, active/total reactant classes 4/4]
Iterations: 323000 of 500000 (15863.7 iter/sec) [active/total species 11/19, rxn classes 10, active/total reactant classes 4/4]
Iterations: 324000 of 500000 (15621.6 iter/sec) [active/total species 11/19, rxn classes 10, active/total reactant classes 4/4]
Iterations: 325000 of 500000 (16556.3 iter/sec) [active/total species 11/19, rxn classes 10, active/total reactant classes 4/4]
Iterations: 326000 of 500000 (16724.6 iter/sec) [active/total species 11/19, rxn classes 10, active/total reactant classes 4/4]
Iterations: 327000 of 500000 (17588 iter/sec) [active/total species 11/19, rxn classes 10, active/total reactant classes 4/4]
Iterations: 328000 of 500000 (19151.2 iter/sec) [active/total species 11/19, rxn classes 10, active/total reactant classes 4/4]
Iterations: 329000 of 500000 (19271.2 iter/sec) [active/total species 11/19, rxn classes 10, active/total reactant classes 4/4]
Iterations: 330000 of 500000 (20547 iter/sec) [active/total species 11/19, rxn classes 10, active/total reactant classes 4/4]
Iterations: 331000 of 500000 (20129.2 iter/sec) [active/total species 11/19, rxn classes 10, active/total reactant classes 4/4]
Iterations: 332000 of 500000 (17794.2 iter/sec) [active/total species 11/19, rxn classes 10, active/total reactant classes 4/4]
Iterations: 333000 of 500000 (17039.3 iter/sec) [active/total species 11/19, rxn classes 10, active/total reactant classes 4/4]
Iterations: 334000 of 500000 (16578.5 iter/sec) [active/total species 11/19, rxn classes 10, active/total reactant classes 4/4]
Iterations: 335000 of 500000 (17523 iter/sec) [active/total species 11/19, rxn classes 10, active/total reactant classes 4/4]
Iterations: 336000 of 500000 (17269.4 iter/sec) [active/total species 11/19, rxn classes 10, active/total reactant classes 4/4]
Iterations: 337000 of 500000 (17297.4 iter/sec) [active/total species 11/19, rxn classes 10, active/total reactant classes 4/4]
Iterations: 338000 of 500000 (17855.5 iter/sec) [active/total species 11/19, rxn classes 10, active/total reactant classes 4/4]
Iterations: 339000 of 500000 (17707.6 iter/sec) [active/total species 11/19, rxn classes 10, active/total reactant classes 4/4]
Iterations: 340000 of 500000 (17725.8 iter/sec) [active/total species 11/19, rxn classes 10, active/total reactant classes 4/4]
Iterations: 341000 of 500000 (16712.6 iter/sec) [active/total species 11/19, rxn classes 10, active/total reactant classes 4/4]
Iterations: 342000 of 500000 (15865.5 iter/sec) [active/total species 11/19, rxn classes 10, active/total reactant classes 4/4]
Iterations: 343000 of 500000 (14632.5 iter/sec) [active/total species 11/19, rxn classes 10, active/total reactant classes 4/4]
Iterations: 344000 of 500000 (14717.1 iter/sec) [active/total species 11/19, rxn classes 10, active/total reactant classes 4/4]
Iterations: 345000 of 500000 (15379.6 iter/sec) [active/total species 11/19, rxn classes 10, active/total reactant classes 4/4]
Iterations: 346000 of 500000 (15291.2 iter/sec) [active/total species 11/19, rxn classes 10, active/total reactant classes 4/4]
Iterations: 347000 of 500000 (15137.3 iter/sec) [active/total species 11/19, rxn classes 10, active/total reactant classes 4/4]
Iterations: 348000 of 500000 (14567.7 iter/sec) [active/total species 11/19, rxn classes 10, active/total reactant classes 4/4]
Iterations: 349000 of 500000 (14800.1 iter/sec) [active/total species 11/19, rxn classes 10, active/total reactant classes 4/4]
Iterations: 350000 of 500000 (14751.9 iter/sec) [active/total species 11/19, rxn classes 10, active/total reactant classes 4/4]
Iterations: 351000 of 500000 (15414.7 iter/sec) [active/total species 11/19, rxn classes 10, active/total reactant classes 4/4]
Iterations: 352000 of 500000 (16488 iter/sec) [active/total species 11/19, rxn classes 10, active/total reactant classes 4/4]
Iterations: 353000 of 500000 (16739.8 iter/sec) [active/total species 11/19, rxn classes 10, active/total reactant classes 4/4]
Iterations: 354000 of 500000 (17786 iter/sec) [active/total species 11/19, rxn classes 10, active/total reactant classes 4/4]
Iterations: 355000 of 500000 (19046.9 iter/sec) [active/total species 11/19, rxn classes 10, active/total reactant classes 4/4]
Iterations: 356000 of 500000 (18782.2 iter/sec) [active/total species 11/19, rxn classes 10, active/total reactant classes 4/4]
Iterations: 357000 of 500000 (19436.3 iter/sec) [active/total species 11/19, rxn classes 10, active/total reactant classes 4/4]
Iterations: 358000 of 500000 (18385.7 iter/sec) [active/total species 11/19, rxn classes 10, active/total reactant classes 4/4]
Iterations: 359000 of 500000 (18484.6 iter/sec) [active/total species 11/19, rxn classes 10, active/total reactant classes 4/4]
Iterations: 360000 of 500000 (16663.3 iter/sec) [active/total species 11/19, rxn classes 10, active/total reactant classes 4/4]
Iterations: 361000 of 500000 (15433.8 iter/sec) [active/total species 11/19, rxn classes 10, active/total reactant classes 4/4]
Iterations: 362000 of 500000 (14244 iter/sec) [active/total species 11/19, rxn classes 10, active/total reactant classes 4/4]
Iterations: 363000 of 500000 (14498.4 iter/sec) [active/total species 11/19, rxn classes 10, active/total reactant classes 4/4]
Iterations: 364000 of 500000 (14314.5 iter/sec) [active/total species 11/19, rxn classes 10, active/total reactant classes 4/4]
Iterations: 365000 of 500000 (14386.2 iter/sec) [active/total species 11/19, rxn classes 10, active/total reactant classes 4/4]
Iterations: 366000 of 500000 (14654.8 iter/sec) [active/total species 11/19, rxn classes 10, active/total reactant classes 4/4]
Iterations: 367000 of 500000 (15354.6 iter/sec) [active/total species 11/19, rxn classes 10, active/total reactant classes 4/4]
Iterations: 368000 of 500000 (16803.9 iter/sec) [active/total species 11/19, rxn classes 10, active/total reactant classes 4/4]
Iterations: 369000 of 500000 (18034.6 iter/sec) [active/total species 11/19, rxn classes 10, active/total reactant classes 4/4]
Iterations: 370000 of 500000 (19526.7 iter/sec) [active/total species 11/19, rxn classes 10, active/total reactant classes 4/4]
Iterations: 371000 of 500000 (19537.7 iter/sec) [active/total species 11/19, rxn classes 10, active/total reactant classes 4/4]
Iterations: 372000 of 500000 (19486 iter/sec) [active/total species 11/19, rxn classes 10, active/total reactant classes 4/4]
Iterations: 373000 of 500000 (19623.2 iter/sec) [active/total species 11/19, rxn classes 10, active/total reactant classes 4/4]
Iterations: 374000 of 500000 (18231.2 iter/sec) [active/total species 11/19, rxn classes 10, active/total reactant classes 4/4]
Iterations: 375000 of 500000 (18162.3 iter/sec) [active/total species 11/19, rxn classes 10, active/total reactant classes 4/4]
Iterations: 376000 of 500000 (18766.7 iter/sec) [active/total species 11/19, rxn classes 10, active/total reactant classes 4/4]
Iterations: 377000 of 500000 (19706 iter/sec) [active/total species 11/19, rxn classes 10, active/total reactant classes 4/4]
Iterations: 378000 of 500000 (20315.7 iter/sec) [active/total species 11/19, rxn classes 10, active/total reactant classes 4/4]
Iterations: 379000 of 500000 (21124.7 iter/sec) [active/total species 11/19, rxn classes 10, active/total reactant classes 4/4]
Iterations: 380000 of 500000 (21350.2 iter/sec) [active/total species 11/19, rxn classes 10, active/total reactant classes 4/4]
Iterations: 381000 of 500000 (22239 iter/sec) [active/total species 11/19, rxn classes 10, active/total reactant classes 4/4]
Iterations: 382000 of 500000 (20988.1 iter/sec) [active/total species 11/19, rxn classes 10, active/total reactant classes 4/4]
Iterations: 383000 of 500000 (19269.3 iter/sec) [active/total species 11/19, rxn classes 10, active/total reactant classes 4/4]
Iterations: 384000 of 500000 (20942 iter/sec) [active/total species 11/19, rxn classes 10, active/total reactant classes 4/4]
Iterations: 385000 of 500000 (22136.1 iter/sec) [active/total species 11/19, rxn classes 10, active/total reactant classes 4/4]
Iterations: 386000 of 500000 (21966.4 iter/sec) [active/total species 11/19, rxn classes 10, active/total reactant classes 4/4]
Iterations: 387000 of 500000 (18239.9 iter/sec) [active/total species 11/19, rxn classes 10, active/total reactant classes 4/4]
Iterations: 388000 of 500000 (15800.3 iter/sec) [active/total species 11/19, rxn classes 10, active/total reactant classes 4/4]
Iterations: 389000 of 500000 (15699.8 iter/sec) [active/total species 11/19, rxn classes 10, active/total reactant classes 4/4]
Iterations: 390000 of 500000 (16270.2 iter/sec) [active/total species 11/19, rxn classes 10, active/total reactant classes 4/4]
Iterations: 391000 of 500000 (14791.1 iter/sec) [active/total species 11/19, rxn classes 10, active/total reactant classes 4/4]
Iterations: 392000 of 500000 (14429.2 iter/sec) [active/total species 11/19, rxn classes 10, active/total reactant classes 4/4]
Iterations: 393000 of 500000 (15234.4 iter/sec) [active/total species 11/19, rxn classes 10, active/total reactant classes 4/4]
Iterations: 394000 of 500000 (16742.6 iter/sec) [active/total species 11/19, rxn classes 10, active/total reactant classes 4/4]
Iterations: 395000 of 500000 (16696.2 iter/sec) [active/total species 11/19, rxn classes 10, active/total reactant classes 4/4]
Iterations: 396000 of 500000 (15331.5 iter/sec) [active/total species 11/19, rxn classes 10, active/total reactant classes 4/4]
Iterations: 397000 of 500000 (13661.4 iter/sec) [active/total species 11/19, rxn classes 10, active/total reactant classes 4/4]
Iterations: 398000 of 500000 (13403.6 iter/sec) [active/total species 11/19, rxn classes 10, active/total reactant classes 4/4]
Iterations: 399000 of 500000 (12783.3 iter/sec) [active/total species 11/19, rxn classes 10, active/total reactant classes 4/4]
Iterations: 400000 of 500000 (11350.1 iter/sec) [active/total species 11/19, rxn classes 10, active/total reactant classes 4/4]
Iterations: 401000 of 500000 (9954.11 iter/sec) [active/total species 11/19, rxn classes 10, active/total reactant classes 4/4]
Iterations: 402000 of 500000 (7659.2 iter/sec) [active/total species 11/19, rxn classes 10, active/total reactant classes 4/4]
Iterations: 403000 of 500000 (6422.32 iter/sec) [active/total species 11/19, rxn classes 10, active/total reactant classes 4/4]
Iterations: 404000 of 500000 (5052.04 iter/sec) [active/total species 11/19, rxn classes 10, active/total reactant classes 4/4]
Iterations: 405000 of 500000 (3620.56 iter/sec) [active/total species 11/19, rxn classes 10, active/total reactant classes 4/4]
Iterations: 406000 of 500000 (2785.73 iter/sec) [active/total species 11/19, rxn classes 10, active/total reactant classes 4/4]
Iterations: 407000 of 500000 (2363.64 iter/sec) [active/total species 11/19, rxn classes 10, active/total reactant classes 4/4]
Iterations: 408000 of 500000 (2111.06 iter/sec) [active/total species 11/19, rxn classes 10, active/total reactant classes 4/4]
Iterations: 409000 of 500000 (2090.14 iter/sec) [active/total species 11/19, rxn classes 10, active/total reactant classes 4/4]
Iterations: 410000 of 500000 (2094.53 iter/sec) [active/total species 11/19, rxn classes 10, active/total reactant classes 4/4]
Iterations: 411000 of 500000 (2006.98 iter/sec) [active/total species 11/19, rxn classes 10, active/total reactant classes 4/4]
Iterations: 412000 of 500000 (1902.41 iter/sec) [active/total species 11/19, rxn classes 10, active/total reactant classes 4/4]
Iterations: 413000 of 500000 (1841.63 iter/sec) [active/total species 11/19, rxn classes 10, active/total reactant classes 4/4]
Iterations: 414000 of 500000 (1711.47 iter/sec) [active/total species 11/19, rxn classes 10, active/total reactant classes 4/4]
Iterations: 415000 of 500000 (1582.08 iter/sec) [active/total species 11/19, rxn classes 10, active/total reactant classes 4/4]
Iterations: 416000 of 500000 (1576.35 iter/sec) [active/total species 11/19, rxn classes 10, active/total reactant classes 4/4]
Iterations: 417000 of 500000 (1556.61 iter/sec) [active/total species 11/19, rxn classes 10, active/total reactant classes 4/4]
Iterations: 418000 of 500000 (1545.65 iter/sec) [active/total species 11/19, rxn classes 10, active/total reactant classes 4/4]
Iterations: 419000 of 500000 (1477.66 iter/sec) [active/total species 11/19, rxn classes 10, active/total reactant classes 4/4]
Iterations: 420000 of 500000 (1389.91 iter/sec) [active/total species 11/19, rxn classes 10, active/total reactant classes 4/4]
Iterations: 421000 of 500000 (1361.98 iter/sec) [active/total species 11/19, rxn classes 10, active/total reactant classes 4/4]
Iterations: 422000 of 500000 (1387.1 iter/sec) [active/total species 11/19, rxn classes 10, active/total reactant classes 4/4]
Iterations: 423000 of 500000 (1390.83 iter/sec) [active/total species 11/19, rxn classes 10, active/total reactant classes 4/4]
Iterations: 424000 of 500000 (1354.49 iter/sec) [active/total species 11/19, rxn classes 10, active/total reactant classes 4/4]
Iterations: 425000 of 500000 (1350.1 iter/sec) [active/total species 11/19, rxn classes 10, active/total reactant classes 4/4]
Iterations: 426000 of 500000 (1374.42 iter/sec) [active/total species 11/19, rxn classes 10, active/total reactant classes 4/4]
Iterations: 427000 of 500000 (1406.42 iter/sec) [active/total species 11/19, rxn classes 10, active/total reactant classes 4/4]
Iterations: 428000 of 500000 (1413.14 iter/sec) [active/total species 11/19, rxn classes 10, active/total reactant classes 4/4]
Iterations: 429000 of 500000 (1411.84 iter/sec) [active/total species 11/19, rxn classes 10, active/total reactant classes 4/4]
Iterations: 430000 of 500000 (1393.09 iter/sec) [active/total species 11/19, rxn classes 10, active/total reactant classes 4/4]
Iterations: 431000 of 500000 (1330.78 iter/sec) [active/total species 11/19, rxn classes 10, active/total reactant classes 4/4]
Iterations: 432000 of 500000 (1274.12 iter/sec) [active/total species 11/19, rxn classes 10, active/total reactant classes 4/4]
Iterations: 433000 of 500000 (1220.53 iter/sec) [active/total species 11/19, rxn classes 10, active/total reactant classes 4/4]
Iterations: 434000 of 500000 (1189.38 iter/sec) [active/total species 11/19, rxn classes 10, active/total reactant classes 4/4]
Iterations: 435000 of 500000 (1177.29 iter/sec) [active/total species 11/19, rxn classes 10, active/total reactant classes 4/4]
Iterations: 436000 of 500000 (1241.78 iter/sec) [active/total species 11/19, rxn classes 10, active/total reactant classes 4/4]
Iterations: 437000 of 500000 (1314.5 iter/sec) [active/total species 11/19, rxn classes 10, active/total reactant classes 4/4]
Iterations: 438000 of 500000 (1382.44 iter/sec) [active/total species 11/19, rxn classes 10, active/total reactant classes 4/4]
Iterations: 439000 of 500000 (1426.04 iter/sec) [active/total species 11/19, rxn classes 10, active/total reactant classes 4/4]
Iterations: 440000 of 500000 (1456.27 iter/sec) [active/total species 11/19, rxn classes 10, active/total reactant classes 4/4]
Iterations: 441000 of 500000 (1495.34 iter/sec) [active/total species 11/19, rxn classes 10, active/total reactant classes 4/4]
Iterations: 442000 of 500000 (1549.44 iter/sec) [active/total species 11/19, rxn classes 10, active/total reactant classes 4/4]
Iterations: 443000 of 500000 (1530.42 iter/sec) [active/total species 11/19, rxn classes 10, active/total reactant classes 4/4]
Iterations: 444000 of 500000 (1603.08 iter/sec) [active/total species 11/19, rxn classes 10, active/total reactant classes 4/4]
Iterations: 445000 of 500000 (1660.34 iter/sec) [active/total species 11/19, rxn classes 10, active/total reactant classes 4/4]
Iterations: 446000 of 500000 (1753.79 iter/sec) [active/total species 11/19, rxn classes 10, active/total reactant classes 4/4]
Iterations: 447000 of 500000 (1804.77 iter/sec) [active/total species 11/19, rxn classes 10, active/total reactant classes 4/4]
Iterations: 448000 of 500000 (1842.46 iter/sec) [active/total species 11/19, rxn classes 10, active/total reactant classes 4/4]
Iterations: 449000 of 500000 (1810.43 iter/sec) [active/total species 11/19, rxn classes 10, active/total reactant classes 4/4]
Iterations: 450000 of 500000 (1932.54 iter/sec) [active/total species 11/19, rxn classes 10, active/total reactant classes 4/4]
Iterations: 451000 of 500000 (2202.2 iter/sec) [active/total species 11/19, rxn classes 10, active/total reactant classes 4/4]
Iterations: 452000 of 500000 (2410.81 iter/sec) [active/total species 11/19, rxn classes 10, active/total reactant classes 4/4]
Iterations: 453000 of 500000 (2622.45 iter/sec) [active/total species 11/19, rxn classes 10, active/total reactant classes 4/4]
Iterations: 454000 of 500000 (2884.42 iter/sec) [active/total species 11/19, rxn classes 10, active/total reactant classes 4/4]
Iterations: 455000 of 500000 (3199.75 iter/sec) [active/total species 11/19, rxn classes 10, active/total reactant classes 4/4]
Iterations: 456000 of 500000 (3550.35 iter/sec) [active/total species 11/19, rxn classes 10, active/total reactant classes 4/4]
Iterations: 457000 of 500000 (3910.45 iter/sec) [active/total species 11/19, rxn classes 10, active/total reactant classes 4/4]
Iterations: 458000 of 500000 (4282.42 iter/sec) [active/total species 11/19, rxn classes 10, active/total reactant classes 4/4]
Iterations: 459000 of 500000 (4608.15 iter/sec) [active/total species 11/19, rxn classes 10, active/total reactant classes 4/4]
Iterations: 460000 of 500000 (5006.76 iter/sec) [active/total species 11/19, rxn classes 10, active/total reactant classes 4/4]
Iterations: 461000 of 500000 (5514.75 iter/sec) [active/total species 11/19, rxn classes 10, active/total reactant classes 4/4]
Iterations: 462000 of 500000 (6029.87 iter/sec) [active/total species 11/19, rxn classes 10, active/total reactant classes 4/4]
Iterations: 463000 of 500000 (6642.18 iter/sec) [active/total species 11/19, rxn classes 10, active/total reactant classes 4/4]
Iterations: 464000 of 500000 (6994.52 iter/sec) [active/total species 11/19, rxn classes 10, active/total reactant classes 4/4]
Iterations: 465000 of 500000 (7432.84 iter/sec) [active/total species 11/19, rxn classes 10, active/total reactant classes 4/4]
Iterations: 466000 of 500000 (7645.03 iter/sec) [active/total species 11/19, rxn classes 10, active/total reactant classes 4/4]
Iterations: 467000 of 500000 (8379.21 iter/sec) [active/total species 11/19, rxn classes 10, active/total reactant classes 4/4]
Iterations: 468000 of 500000 (9178.35 iter/sec) [active/total species 11/19, rxn classes 10, active/total reactant classes 4/4]
Iterations: 469000 of 500000 (10337.8 iter/sec) [active/total species 11/19, rxn classes 10, active/total reactant classes 4/4]
Iterations: 470000 of 500000 (10868.3 iter/sec) [active/total species 11/19, rxn classes 10, active/total reactant classes 4/4]
Iterations: 471000 of 500000 (11189.6 iter/sec) [active/total species 11/19, rxn classes 10, active/total reactant classes 4/4]
Iterations: 472000 of 500000 (12041.4 iter/sec) [active/total species 11/19, rxn classes 10, active/total reactant classes 4/4]
Iterations: 473000 of 500000 (12392.6 iter/sec) [active/total species 11/19, rxn classes 10, active/total reactant classes 4/4]
Iterations: 474000 of 500000 (13154.6 iter/sec) [active/total species 11/19, rxn classes 10, active/total reactant classes 4/4]
Iterations: 475000 of 500000 (13980.5 iter/sec) [active/total species 11/19, rxn classes 10, active/total reactant classes 4/4]
Iterations: 476000 of 500000 (13814.3 iter/sec) [active/total species 11/19, rxn classes 10, active/total reactant classes 4/4]
Iterations: 477000 of 500000 (14652.7 iter/sec) [active/total species 11/19, rxn classes 10, active/total reactant classes 4/4]
Iterations: 478000 of 500000 (15196.9 iter/sec) [active/total species 11/19, rxn classes 10, active/total reactant classes 4/4]
Iterations: 479000 of 500000 (15324.7 iter/sec) [active/total species 11/19, rxn classes 10, active/total reactant classes 4/4]
Iterations: 480000 of 500000 (13397.8 iter/sec) [active/total species 11/19, rxn classes 10, active/total reactant classes 4/4]
Iterations: 481000 of 500000 (12597.2 iter/sec) [active/total species 11/19, rxn classes 10, active/total reactant classes 4/4]
Iterations: 482000 of 500000 (13453.2 iter/sec) [active/total species 11/19, rxn classes 10, active/total reactant classes 4/4]
Iterations: 483000 of 500000 (13755.7 iter/sec) [active/total species 11/19, rxn classes 10, active/total reactant classes 4/4]
Iterations: 484000 of 500000 (15082.3 iter/sec) [active/total species 11/19, rxn classes 10, active/total reactant classes 4/4]
Iterations: 485000 of 500000 (15266.7 iter/sec) [active/total species 11/19, rxn classes 10, active/total reactant classes 4/4]
Iterations: 486000 of 500000 (15681.8 iter/sec) [active/total species 11/19, rxn classes 10, active/total reactant classes 4/4]
Iterations: 487000 of 500000 (16336.4 iter/sec) [active/total species 11/19, rxn classes 10, active/total reactant classes 4/4]
Iterations: 488000 of 500000 (16373 iter/sec) [active/total species 11/19, rxn classes 10, active/total reactant classes 4/4]
Iterations: 489000 of 500000 (16189.1 iter/sec) [active/total species 11/19, rxn classes 10, active/total reactant classes 4/4]
Iterations: 490000 of 500000 (16937.7 iter/sec) [active/total species 11/19, rxn classes 10, active/total reactant classes 4/4]
Iterations: 491000 of 500000 (16407.2 iter/sec) [active/total species 11/19, rxn classes 10, active/total reactant classes 4/4]
Iterations: 492000 of 500000 (15928.4 iter/sec) [active/total species 11/19, rxn classes 10, active/total reactant classes 4/4]
Iterations: 493000 of 500000 (15444.5 iter/sec) [active/total species 11/19, rxn classes 10, active/total reactant classes 4/4]
Iterations: 494000 of 500000 (15348.7 iter/sec) [active/total species 11/19, rxn classes 10, active/total reactant classes 4/4]
Iterations: 495000 of 500000 (15374.7 iter/sec) [active/total species 11/19, rxn classes 10, active/total reactant classes 4/4]
Iterations: 496000 of 500000 (14905.6 iter/sec) [active/total species 11/19, rxn classes 10, active/total reactant classes 4/4]
Iterations: 497000 of 500000 (14488.6 iter/sec) [active/total species 11/19, rxn classes 10, active/total reactant classes 4/4]
Iterations: 498000 of 500000 (14382.1 iter/sec) [active/total species 11/19, rxn classes 10, active/total reactant classes 4/4]
Iterations: 499000 of 500000 (13756.7 iter/sec) [active/total species 11/19, rxn classes 10, active/total reactant classes 4/4]
Iterations: 500000 of 500000 (13486.5 iter/sec) [active/total species 11/19, rxn classes 10, active/total reactant classes 4/4]
Seting diffusion constants to variant D1000_all
Iteration 500000, simulation finished successfully
Total number of ray-subvolume intersection tests (number of ray_trace calls): 487590765
Total number of ray-polygon intersection tests: 3481778515
Total number of ray-polygon intersections: 124351240
Total number of mol reflections from a wall: 113301198
Total number of vol mol vol mol collisions: 40346
Total number of molecule moves between walls: 0
Total number of usages of waypoints for counted volumes: 0
Total number of counted volume recomputations: 96587
Total number of diffuse 3d calls: 374289567
Average diffusion jump was: 0.999591 timesteps  (3.74136e+08/374289567)
Simulation CPU time = 110.574 (user) and 0.007998 (system)
Simulation CPU time without iteration 0 = 110.574 (user) and 0.007998 (system)
