DIR:/nadata/cnl/home/ahusar/article/mcell_tests/examples/mcell4/hybrid_circadian_clock/mcell4_hybrid/D10_all
CMD:/nadata/cnl/home/ahusar/tools/anaconda/envs/default/bin/python ../model.py -seed 588 D10_all
Initializing 64 waypoints... 
Partition contains 4^3 subpartitions, subpartition size is 0.5 microns.
Copyright (C) 2006-2021 by
  The National Center for Multiscale Modeling of Biological Systems,
  The Salk Institute for Biological Studies, and
  Pittsburgh Supercomputing Center, Carnegie Mellon University,

**********************************************************************
MCell development is supported by the NIGMS-funded (P41GM103712)
National Center for Multiscale Modeling of Biological Systems (MMBioS).
Please acknowledge MCell in your publications.
**********************************************************************

Iterations: 0 of 500000
Released 1 PrmA@Cube from "Release of PrmA@Cube at Cube" at iteration 0.
Released 1 PrmR@Cube from "Release of PrmR@Cube at Cube" at iteration 0.
Iterations: 1000 of 500000 (79314.7 iter/sec) [active/total species 7/13, rxn classes 6, active/total reactant classes 4/4]
Iterations: 2000 of 500000 (55623.5 iter/sec) [active/total species 7/14, rxn classes 6, active/total reactant classes 4/4]
Iterations: 3000 of 500000 (22813.9 iter/sec) [active/total species 8/15, rxn classes 7, active/total reactant classes 4/4]
Iterations: 4000 of 500000 (8230.52 iter/sec) [active/total species 10/18, rxn classes 9, active/total reactant classes 4/4]
Iterations: 5000 of 500000 (5241.17 iter/sec) [active/total species 11/19, rxn classes 10, active/total reactant classes 4/4]
Iterations: 6000 of 500000 (4324.12 iter/sec) [active/total species 11/19, rxn classes 10, active/total reactant classes 4/4]
Iterations: 7000 of 500000 (3806.2 iter/sec) [active/total species 11/19, rxn classes 10, active/total reactant classes 4/4]
Iterations: 8000 of 500000 (3408.29 iter/sec) [active/total species 11/19, rxn classes 10, active/total reactant classes 4/4]
Iterations: 9000 of 500000 (3010.47 iter/sec) [active/total species 11/19, rxn classes 10, active/total reactant classes 4/4]
Iterations: 10000 of 500000 (2678.98 iter/sec) [active/total species 11/19, rxn classes 10, active/total reactant classes 4/4]
Iterations: 11000 of 500000 (2412.73 iter/sec) [active/total species 11/19, rxn classes 10, active/total reactant classes 4/4]
Iterations: 12000 of 500000 (2268.05 iter/sec) [active/total species 11/19, rxn classes 10, active/total reactant classes 4/4]
Iterations: 13000 of 500000 (2110.06 iter/sec) [active/total species 11/19, rxn classes 10, active/total reactant classes 4/4]
Iterations: 14000 of 500000 (2006.07 iter/sec) [active/total species 11/19, rxn classes 10, active/total reactant classes 4/4]
Iterations: 15000 of 500000 (1904.73 iter/sec) [active/total species 11/19, rxn classes 10, active/total reactant classes 4/4]
Iterations: 16000 of 500000 (1842.83 iter/sec) [active/total species 11/19, rxn classes 10, active/total reactant classes 4/4]
Iterations: 17000 of 500000 (1801.96 iter/sec) [active/total species 11/19, rxn classes 10, active/total reactant classes 4/4]
Iterations: 18000 of 500000 (1819.62 iter/sec) [active/total species 11/19, rxn classes 10, active/total reactant classes 4/4]
Iterations: 19000 of 500000 (1827.86 iter/sec) [active/total species 11/19, rxn classes 10, active/total reactant classes 4/4]
Iterations: 20000 of 500000 (1788.57 iter/sec) [active/total species 11/19, rxn classes 10, active/total reactant classes 4/4]
Iterations: 21000 of 500000 (1743.67 iter/sec) [active/total species 11/19, rxn classes 10, active/total reactant classes 4/4]
Iterations: 22000 of 500000 (1707.5 iter/sec) [active/total species 11/19, rxn classes 10, active/total reactant classes 4/4]
Iterations: 23000 of 500000 (1699.18 iter/sec) [active/total species 11/19, rxn classes 10, active/total reactant classes 4/4]
Iterations: 24000 of 500000 (1689.75 iter/sec) [active/total species 11/19, rxn classes 10, active/total reactant classes 4/4]
Iterations: 25000 of 500000 (1706.75 iter/sec) [active/total species 11/19, rxn classes 10, active/total reactant classes 4/4]
Iterations: 26000 of 500000 (1750.67 iter/sec) [active/total species 11/19, rxn classes 10, active/total reactant classes 4/4]
Iterations: 27000 of 500000 (1786.86 iter/sec) [active/total species 11/19, rxn classes 10, active/total reactant classes 4/4]
Iterations: 28000 of 500000 (1817.09 iter/sec) [active/total species 11/19, rxn classes 10, active/total reactant classes 4/4]
Iterations: 29000 of 500000 (1813.14 iter/sec) [active/total species 11/19, rxn classes 10, active/total reactant classes 4/4]
Iterations: 30000 of 500000 (1854.1 iter/sec) [active/total species 11/19, rxn classes 10, active/total reactant classes 4/4]
Iterations: 31000 of 500000 (1860.64 iter/sec) [active/total species 11/19, rxn classes 10, active/total reactant classes 4/4]
Iterations: 32000 of 500000 (1813.05 iter/sec) [active/total species 11/19, rxn classes 10, active/total reactant classes 4/4]
Iterations: 33000 of 500000 (1800.9 iter/sec) [active/total species 11/19, rxn classes 10, active/total reactant classes 4/4]
Iterations: 34000 of 500000 (1797.45 iter/sec) [active/total species 11/19, rxn classes 10, active/total reactant classes 4/4]
Iterations: 35000 of 500000 (1822.61 iter/sec) [active/total species 11/19, rxn classes 10, active/total reactant classes 4/4]
Iterations: 36000 of 500000 (1809.89 iter/sec) [active/total species 11/19, rxn classes 10, active/total reactant classes 4/4]
Iterations: 37000 of 500000 (1809.1 iter/sec) [active/total species 11/19, rxn classes 10, active/total reactant classes 4/4]
Iterations: 38000 of 500000 (1851.54 iter/sec) [active/total species 11/19, rxn classes 10, active/total reactant classes 4/4]
Iterations: 39000 of 500000 (1907.13 iter/sec) [active/total species 11/19, rxn classes 10, active/total reactant classes 4/4]
Iterations: 40000 of 500000 (1914.84 iter/sec) [active/total species 11/19, rxn classes 10, active/total reactant classes 4/4]
Iterations: 41000 of 500000 (1865.07 iter/sec) [active/total species 11/19, rxn classes 10, active/total reactant classes 4/4]
Iterations: 42000 of 500000 (1932.05 iter/sec) [active/total species 11/19, rxn classes 10, active/total reactant classes 4/4]
Iterations: 43000 of 500000 (2023.41 iter/sec) [active/total species 11/19, rxn classes 10, active/total reactant classes 4/4]
Iterations: 44000 of 500000 (2051.13 iter/sec) [active/total species 11/19, rxn classes 10, active/total reactant classes 4/4]
Iterations: 45000 of 500000 (1941.49 iter/sec) [active/total species 11/19, rxn classes 10, active/total reactant classes 4/4]
Iterations: 46000 of 500000 (1916.13 iter/sec) [active/total species 11/19, rxn classes 10, active/total reactant classes 4/4]
Iterations: 47000 of 500000 (1898.59 iter/sec) [active/total species 11/19, rxn classes 10, active/total reactant classes 4/4]
Iterations: 48000 of 500000 (1865.51 iter/sec) [active/total species 11/19, rxn classes 10, active/total reactant classes 4/4]
Iterations: 49000 of 500000 (1926.76 iter/sec) [active/total species 11/19, rxn classes 10, active/total reactant classes 4/4]
Iterations: 50000 of 500000 (2045.31 iter/sec) [active/total species 11/19, rxn classes 10, active/total reactant classes 4/4]
Iterations: 51000 of 500000 (2070.29 iter/sec) [active/total species 11/19, rxn classes 10, active/total reactant classes 4/4]
Iterations: 52000 of 500000 (2118.59 iter/sec) [active/total species 11/19, rxn classes 10, active/total reactant classes 4/4]
Iterations: 53000 of 500000 (2174.53 iter/sec) [active/total species 11/19, rxn classes 10, active/total reactant classes 4/4]
Iterations: 54000 of 500000 (2200.48 iter/sec) [active/total species 11/19, rxn classes 10, active/total reactant classes 4/4]
Iterations: 55000 of 500000 (2303.25 iter/sec) [active/total species 11/19, rxn classes 10, active/total reactant classes 4/4]
Iterations: 56000 of 500000 (2489.53 iter/sec) [active/total species 11/19, rxn classes 10, active/total reactant classes 4/4]
Iterations: 57000 of 500000 (2819.93 iter/sec) [active/total species 11/19, rxn classes 10, active/total reactant classes 4/4]
Iterations: 58000 of 500000 (3268.82 iter/sec) [active/total species 11/19, rxn classes 10, active/total reactant classes 4/4]
Iterations: 59000 of 500000 (3669.42 iter/sec) [active/total species 11/19, rxn classes 10, active/total reactant classes 4/4]
Iterations: 60000 of 500000 (4016.1 iter/sec) [active/total species 11/19, rxn classes 10, active/total reactant classes 4/4]
Iterations: 61000 of 500000 (4408.96 iter/sec) [active/total species 11/19, rxn classes 10, active/total reactant classes 4/4]
Iterations: 62000 of 500000 (4933.57 iter/sec) [active/total species 11/19, rxn classes 10, active/total reactant classes 4/4]
Iterations: 63000 of 500000 (5446.62 iter/sec) [active/total species 11/19, rxn classes 10, active/total reactant classes 4/4]
Iterations: 64000 of 500000 (5855.93 iter/sec) [active/total species 11/19, rxn classes 10, active/total reactant classes 4/4]
Iterations: 65000 of 500000 (6360.68 iter/sec) [active/total species 11/19, rxn classes 10, active/total reactant classes 4/4]
Iterations: 66000 of 500000 (6973.55 iter/sec) [active/total species 11/19, rxn classes 10, active/total reactant classes 4/4]
Iterations: 67000 of 500000 (7591.8 iter/sec) [active/total species 11/19, rxn classes 10, active/total reactant classes 4/4]
Iterations: 68000 of 500000 (8380.61 iter/sec) [active/total species 11/19, rxn classes 10, active/total reactant classes 4/4]
Iterations: 69000 of 500000 (9388.88 iter/sec) [active/total species 11/19, rxn classes 10, active/total reactant classes 4/4]
Iterations: 70000 of 500000 (10455.5 iter/sec) [active/total species 11/19, rxn classes 10, active/total reactant classes 4/4]
Iterations: 71000 of 500000 (11067.3 iter/sec) [active/total species 11/19, rxn classes 10, active/total reactant classes 4/4]
Iterations: 72000 of 500000 (11421.7 iter/sec) [active/total species 11/19, rxn classes 10, active/total reactant classes 4/4]
Iterations: 73000 of 500000 (11312.1 iter/sec) [active/total species 11/19, rxn classes 10, active/total reactant classes 4/4]
Iterations: 74000 of 500000 (9221.6 iter/sec) [active/total species 11/19, rxn classes 10, active/total reactant classes 4/4]
Iterations: 75000 of 500000 (8046.48 iter/sec) [active/total species 11/19, rxn classes 10, active/total reactant classes 4/4]
Iterations: 76000 of 500000 (7992.97 iter/sec) [active/total species 11/19, rxn classes 10, active/total reactant classes 4/4]
Iterations: 77000 of 500000 (8629.84 iter/sec) [active/total species 11/19, rxn classes 10, active/total reactant classes 4/4]
Iterations: 78000 of 500000 (9413.8 iter/sec) [active/total species 11/19, rxn classes 10, active/total reactant classes 4/4]
Iterations: 79000 of 500000 (9697.35 iter/sec) [active/total species 11/19, rxn classes 10, active/total reactant classes 4/4]
Iterations: 80000 of 500000 (10369.7 iter/sec) [active/total species 11/19, rxn classes 10, active/total reactant classes 4/4]
Iterations: 81000 of 500000 (11018.7 iter/sec) [active/total species 11/19, rxn classes 10, active/total reactant classes 4/4]
Iterations: 82000 of 500000 (11759 iter/sec) [active/total species 11/19, rxn classes 10, active/total reactant classes 4/4]
Iterations: 83000 of 500000 (12354.8 iter/sec) [active/total species 11/19, rxn classes 10, active/total reactant classes 4/4]
Iterations: 84000 of 500000 (13332.6 iter/sec) [active/total species 11/19, rxn classes 10, active/total reactant classes 4/4]
Iterations: 85000 of 500000 (13831.3 iter/sec) [active/total species 11/19, rxn classes 10, active/total reactant classes 4/4]
Iterations: 86000 of 500000 (14114.3 iter/sec) [active/total species 11/19, rxn classes 10, active/total reactant classes 4/4]
Iterations: 87000 of 500000 (14868.3 iter/sec) [active/total species 11/19, rxn classes 10, active/total reactant classes 4/4]
Iterations: 88000 of 500000 (15821.8 iter/sec) [active/total species 11/19, rxn classes 10, active/total reactant classes 4/4]
Iterations: 89000 of 500000 (16772.1 iter/sec) [active/total species 11/19, rxn classes 10, active/total reactant classes 4/4]
Iterations: 90000 of 500000 (17759.5 iter/sec) [active/total species 11/19, rxn classes 10, active/total reactant classes 4/4]
Iterations: 91000 of 500000 (18009.3 iter/sec) [active/total species 11/19, rxn classes 10, active/total reactant classes 4/4]
Iterations: 92000 of 500000 (18038.5 iter/sec) [active/total species 11/19, rxn classes 10, active/total reactant classes 4/4]
Iterations: 93000 of 500000 (17934.3 iter/sec) [active/total species 11/19, rxn classes 10, active/total reactant classes 4/4]
Iterations: 94000 of 500000 (16207.5 iter/sec) [active/total species 11/19, rxn classes 10, active/total reactant classes 4/4]
Iterations: 95000 of 500000 (16116.6 iter/sec) [active/total species 11/19, rxn classes 10, active/total reactant classes 4/4]
Iterations: 96000 of 500000 (16547.3 iter/sec) [active/total species 11/19, rxn classes 10, active/total reactant classes 4/4]
Iterations: 97000 of 500000 (16661.1 iter/sec) [active/total species 11/19, rxn classes 10, active/total reactant classes 4/4]
Iterations: 98000 of 500000 (16006.4 iter/sec) [active/total species 11/19, rxn classes 10, active/total reactant classes 4/4]
Iterations: 99000 of 500000 (16918.5 iter/sec) [active/total species 11/19, rxn classes 10, active/total reactant classes 4/4]
Iterations: 100000 of 500000 (17281.3 iter/sec) [active/total species 11/19, rxn classes 10, active/total reactant classes 4/4]
Iterations: 101000 of 500000 (16499.5 iter/sec) [active/total species 11/19, rxn classes 10, active/total reactant classes 4/4]
Iterations: 102000 of 500000 (16614.9 iter/sec) [active/total species 11/19, rxn classes 10, active/total reactant classes 4/4]
Iterations: 103000 of 500000 (16669.4 iter/sec) [active/total species 11/19, rxn classes 10, active/total reactant classes 4/4]
Iterations: 104000 of 500000 (16748.5 iter/sec) [active/total species 11/19, rxn classes 10, active/total reactant classes 4/4]
Iterations: 105000 of 500000 (16481.8 iter/sec) [active/total species 11/19, rxn classes 10, active/total reactant classes 4/4]
Iterations: 106000 of 500000 (16724.1 iter/sec) [active/total species 11/19, rxn classes 10, active/total reactant classes 4/4]
Iterations: 107000 of 500000 (16637 iter/sec) [active/total species 11/19, rxn classes 10, active/total reactant classes 4/4]
Iterations: 108000 of 500000 (17076.5 iter/sec) [active/total species 11/19, rxn classes 10, active/total reactant classes 4/4]
Iterations: 109000 of 500000 (17939.2 iter/sec) [active/total species 11/19, rxn classes 10, active/total reactant classes 4/4]
Iterations: 110000 of 500000 (17938.2 iter/sec) [active/total species 11/19, rxn classes 10, active/total reactant classes 4/4]
Iterations: 111000 of 500000 (17954.9 iter/sec) [active/total species 11/19, rxn classes 10, active/total reactant classes 4/4]
Iterations: 112000 of 500000 (18674.8 iter/sec) [active/total species 11/19, rxn classes 10, active/total reactant classes 4/4]
Iterations: 113000 of 500000 (19487.1 iter/sec) [active/total species 11/19, rxn classes 10, active/total reactant classes 4/4]
Iterations: 114000 of 500000 (20931.9 iter/sec) [active/total species 11/19, rxn classes 10, active/total reactant classes 4/4]
Iterations: 115000 of 500000 (20788.7 iter/sec) [active/total species 11/19, rxn classes 10, active/total reactant classes 4/4]
Iterations: 116000 of 500000 (20331.8 iter/sec) [active/total species 11/19, rxn classes 10, active/total reactant classes 4/4]
Iterations: 117000 of 500000 (19748.4 iter/sec) [active/total species 11/19, rxn classes 10, active/total reactant classes 4/4]
Iterations: 118000 of 500000 (16430.1 iter/sec) [active/total species 11/19, rxn classes 10, active/total reactant classes 4/4]
Iterations: 119000 of 500000 (15917.7 iter/sec) [active/total species 11/19, rxn classes 10, active/total reactant classes 4/4]
Iterations: 120000 of 500000 (16702.9 iter/sec) [active/total species 11/19, rxn classes 10, active/total reactant classes 4/4]
Iterations: 121000 of 500000 (17796.4 iter/sec) [active/total species 11/19, rxn classes 10, active/total reactant classes 4/4]
Iterations: 122000 of 500000 (19683.9 iter/sec) [active/total species 11/19, rxn classes 10, active/total reactant classes 4/4]
Iterations: 123000 of 500000 (21390.8 iter/sec) [active/total species 11/19, rxn classes 10, active/total reactant classes 4/4]
Iterations: 124000 of 500000 (20293.4 iter/sec) [active/total species 11/19, rxn classes 10, active/total reactant classes 4/4]
Iterations: 125000 of 500000 (21122.9 iter/sec) [active/total species 11/19, rxn classes 10, active/total reactant classes 4/4]
Iterations: 126000 of 500000 (20883.4 iter/sec) [active/total species 11/19, rxn classes 10, active/total reactant classes 4/4]
Iterations: 127000 of 500000 (21199 iter/sec) [active/total species 11/19, rxn classes 10, active/total reactant classes 4/4]
Iterations: 128000 of 500000 (19076 iter/sec) [active/total species 11/19, rxn classes 10, active/total reactant classes 4/4]
Iterations: 129000 of 500000 (19779.3 iter/sec) [active/total species 11/19, rxn classes 10, active/total reactant classes 4/4]
Iterations: 130000 of 500000 (21011.5 iter/sec) [active/total species 11/19, rxn classes 10, active/total reactant classes 4/4]
Iterations: 131000 of 500000 (22485 iter/sec) [active/total species 11/19, rxn classes 10, active/total reactant classes 4/4]
Iterations: 132000 of 500000 (22810.7 iter/sec) [active/total species 11/19, rxn classes 10, active/total reactant classes 4/4]
Iterations: 133000 of 500000 (21496.1 iter/sec) [active/total species 11/19, rxn classes 10, active/total reactant classes 4/4]
Iterations: 134000 of 500000 (20644.5 iter/sec) [active/total species 11/19, rxn classes 10, active/total reactant classes 4/4]
Iterations: 135000 of 500000 (21144.8 iter/sec) [active/total species 11/19, rxn classes 10, active/total reactant classes 4/4]
Iterations: 136000 of 500000 (21899.1 iter/sec) [active/total species 11/19, rxn classes 10, active/total reactant classes 4/4]
Iterations: 137000 of 500000 (20537.7 iter/sec) [active/total species 11/19, rxn classes 10, active/total reactant classes 4/4]
Iterations: 138000 of 500000 (13022.9 iter/sec) [active/total species 11/19, rxn classes 10, active/total reactant classes 4/4]
Iterations: 139000 of 500000 (8627.23 iter/sec) [active/total species 11/19, rxn classes 10, active/total reactant classes 4/4]
Iterations: 140000 of 500000 (7026.57 iter/sec) [active/total species 11/19, rxn classes 10, active/total reactant classes 4/4]
Iterations: 141000 of 500000 (6149.12 iter/sec) [active/total species 11/19, rxn classes 10, active/total reactant classes 4/4]
Iterations: 142000 of 500000 (5044.7 iter/sec) [active/total species 11/19, rxn classes 10, active/total reactant classes 4/4]
Iterations: 143000 of 500000 (3893.9 iter/sec) [active/total species 11/19, rxn classes 10, active/total reactant classes 4/4]
Iterations: 144000 of 500000 (3326.04 iter/sec) [active/total species 11/19, rxn classes 10, active/total reactant classes 4/4]
Iterations: 145000 of 500000 (3026.3 iter/sec) [active/total species 11/19, rxn classes 10, active/total reactant classes 4/4]
Iterations: 146000 of 500000 (2905.38 iter/sec) [active/total species 11/19, rxn classes 10, active/total reactant classes 4/4]
Iterations: 147000 of 500000 (2844.29 iter/sec) [active/total species 11/19, rxn classes 10, active/total reactant classes 4/4]
Iterations: 148000 of 500000 (2751.12 iter/sec) [active/total species 11/19, rxn classes 10, active/total reactant classes 4/4]
Iterations: 149000 of 500000 (2549.97 iter/sec) [active/total species 11/19, rxn classes 10, active/total reactant classes 4/4]
Iterations: 150000 of 500000 (2492.32 iter/sec) [active/total species 11/19, rxn classes 10, active/total reactant classes 4/4]
Iterations: 151000 of 500000 (2388.84 iter/sec) [active/total species 11/19, rxn classes 10, active/total reactant classes 4/4]
Iterations: 152000 of 500000 (2278.77 iter/sec) [active/total species 11/19, rxn classes 10, active/total reactant classes 4/4]
Iterations: 153000 of 500000 (2267.83 iter/sec) [active/total species 11/19, rxn classes 10, active/total reactant classes 4/4]
Iterations: 154000 of 500000 (2272.61 iter/sec) [active/total species 11/19, rxn classes 10, active/total reactant classes 4/4]
Iterations: 155000 of 500000 (2210.69 iter/sec) [active/total species 11/19, rxn classes 10, active/total reactant classes 4/4]
Iterations: 156000 of 500000 (2078.86 iter/sec) [active/total species 11/19, rxn classes 10, active/total reactant classes 4/4]
Iterations: 157000 of 500000 (2029.57 iter/sec) [active/total species 11/19, rxn classes 10, active/total reactant classes 4/4]
Iterations: 158000 of 500000 (2050.35 iter/sec) [active/total species 11/19, rxn classes 10, active/total reactant classes 4/4]
Iterations: 159000 of 500000 (2006.58 iter/sec) [active/total species 11/19, rxn classes 10, active/total reactant classes 4/4]
Iterations: 160000 of 500000 (1864.57 iter/sec) [active/total species 11/19, rxn classes 10, active/total reactant classes 4/4]
Iterations: 161000 of 500000 (1819.71 iter/sec) [active/total species 11/19, rxn classes 10, active/total reactant classes 4/4]
Iterations: 162000 of 500000 (1827.77 iter/sec) [active/total species 11/19, rxn classes 10, active/total reactant classes 4/4]
Iterations: 163000 of 500000 (1856.6 iter/sec) [active/total species 11/19, rxn classes 10, active/total reactant classes 4/4]
Iterations: 164000 of 500000 (1879.12 iter/sec) [active/total species 11/19, rxn classes 10, active/total reactant classes 4/4]
Iterations: 165000 of 500000 (1880.49 iter/sec) [active/total species 11/19, rxn classes 10, active/total reactant classes 4/4]
Iterations: 166000 of 500000 (1854.06 iter/sec) [active/total species 11/19, rxn classes 10, active/total reactant classes 4/4]
Iterations: 167000 of 500000 (1816.56 iter/sec) [active/total species 11/19, rxn classes 10, active/total reactant classes 4/4]
Iterations: 168000 of 500000 (1787.83 iter/sec) [active/total species 11/19, rxn classes 10, active/total reactant classes 4/4]
Iterations: 169000 of 500000 (1743.78 iter/sec) [active/total species 11/19, rxn classes 10, active/total reactant classes 4/4]
Iterations: 170000 of 500000 (1772.18 iter/sec) [active/total species 11/19, rxn classes 10, active/total reactant classes 4/4]
Iterations: 171000 of 500000 (1748.28 iter/sec) [active/total species 11/19, rxn classes 10, active/total reactant classes 4/4]
Iterations: 172000 of 500000 (1728.65 iter/sec) [active/total species 11/19, rxn classes 10, active/total reactant classes 4/4]
Iterations: 173000 of 500000 (1703.36 iter/sec) [active/total species 11/19, rxn classes 10, active/total reactant classes 4/4]
Iterations: 174000 of 500000 (1679.32 iter/sec) [active/total species 11/19, rxn classes 10, active/total reactant classes 4/4]
Iterations: 175000 of 500000 (1726.15 iter/sec) [active/total species 11/19, rxn classes 10, active/total reactant classes 4/4]
Iterations: 176000 of 500000 (1822.31 iter/sec) [active/total species 11/19, rxn classes 10, active/total reactant classes 4/4]
Iterations: 177000 of 500000 (1889.42 iter/sec) [active/total species 11/19, rxn classes 10, active/total reactant classes 4/4]
Iterations: 178000 of 500000 (1996.3 iter/sec) [active/total species 11/19, rxn classes 10, active/total reactant classes 4/4]
Iterations: 179000 of 500000 (2136.22 iter/sec) [active/total species 11/19, rxn classes 10, active/total reactant classes 4/4]
Iterations: 180000 of 500000 (2215.21 iter/sec) [active/total species 11/19, rxn classes 10, active/total reactant classes 4/4]
Iterations: 181000 of 500000 (2241.65 iter/sec) [active/total species 11/19, rxn classes 10, active/total reactant classes 4/4]
Iterations: 182000 of 500000 (2282.97 iter/sec) [active/total species 11/19, rxn classes 10, active/total reactant classes 4/4]
Iterations: 183000 of 500000 (2395.07 iter/sec) [active/total species 11/19, rxn classes 10, active/total reactant classes 4/4]
Iterations: 184000 of 500000 (2503.03 iter/sec) [active/total species 11/19, rxn classes 10, active/total reactant classes 4/4]
Iterations: 185000 of 500000 (2612.97 iter/sec) [active/total species 11/19, rxn classes 10, active/total reactant classes 4/4]
Iterations: 186000 of 500000 (2897.32 iter/sec) [active/total species 11/19, rxn classes 10, active/total reactant classes 4/4]
Iterations: 187000 of 500000 (3122.13 iter/sec) [active/total species 11/19, rxn classes 10, active/total reactant classes 4/4]
Iterations: 188000 of 500000 (3398.75 iter/sec) [active/total species 11/19, rxn classes 10, active/total reactant classes 4/4]
Iterations: 189000 of 500000 (3765.02 iter/sec) [active/total species 11/19, rxn classes 10, active/total reactant classes 4/4]
Iterations: 190000 of 500000 (4174.09 iter/sec) [active/total species 11/19, rxn classes 10, active/total reactant classes 4/4]
Iterations: 191000 of 500000 (4456.23 iter/sec) [active/total species 11/19, rxn classes 10, active/total reactant classes 4/4]
Iterations: 192000 of 500000 (4989.45 iter/sec) [active/total species 11/19, rxn classes 10, active/total reactant classes 4/4]
Iterations: 193000 of 500000 (5630.88 iter/sec) [active/total species 11/19, rxn classes 10, active/total reactant classes 4/4]
Iterations: 194000 of 500000 (6194.48 iter/sec) [active/total species 11/19, rxn classes 10, active/total reactant classes 4/4]
Iterations: 195000 of 500000 (6686.37 iter/sec) [active/total species 11/19, rxn classes 10, active/total reactant classes 4/4]
Iterations: 196000 of 500000 (7299.11 iter/sec) [active/total species 11/19, rxn classes 10, active/total reactant classes 4/4]
Iterations: 197000 of 500000 (8082.11 iter/sec) [active/total species 11/19, rxn classes 10, active/total reactant classes 4/4]
Iterations: 198000 of 500000 (8800.73 iter/sec) [active/total species 11/19, rxn classes 10, active/total reactant classes 4/4]
Iterations: 199000 of 500000 (9381.57 iter/sec) [active/total species 11/19, rxn classes 10, active/total reactant classes 4/4]
Iterations: 200000 of 500000 (10145.4 iter/sec) [active/total species 11/19, rxn classes 10, active/total reactant classes 4/4]
Iterations: 201000 of 500000 (11130.8 iter/sec) [active/total species 11/19, rxn classes 10, active/total reactant classes 4/4]
Iterations: 202000 of 500000 (12232.4 iter/sec) [active/total species 11/19, rxn classes 10, active/total reactant classes 4/4]
Iterations: 203000 of 500000 (11843.1 iter/sec) [active/total species 11/19, rxn classes 10, active/total reactant classes 4/4]
Iterations: 204000 of 500000 (11337.9 iter/sec) [active/total species 11/19, rxn classes 10, active/total reactant classes 4/4]
Iterations: 205000 of 500000 (11340.4 iter/sec) [active/total species 11/19, rxn classes 10, active/total reactant classes 4/4]
Iterations: 206000 of 500000 (11624 iter/sec) [active/total species 11/19, rxn classes 10, active/total reactant classes 4/4]
Iterations: 207000 of 500000 (11967.4 iter/sec) [active/total species 11/19, rxn classes 10, active/total reactant classes 4/4]
Iterations: 208000 of 500000 (12421.7 iter/sec) [active/total species 11/19, rxn classes 10, active/total reactant classes 4/4]
Iterations: 209000 of 500000 (13230.7 iter/sec) [active/total species 11/19, rxn classes 10, active/total reactant classes 4/4]
Iterations: 210000 of 500000 (13651.3 iter/sec) [active/total species 11/19, rxn classes 10, active/total reactant classes 4/4]
Iterations: 211000 of 500000 (13141.1 iter/sec) [active/total species 11/19, rxn classes 10, active/total reactant classes 4/4]
Iterations: 212000 of 500000 (13951.5 iter/sec) [active/total species 11/19, rxn classes 10, active/total reactant classes 4/4]
Iterations: 213000 of 500000 (14282.2 iter/sec) [active/total species 11/19, rxn classes 10, active/total reactant classes 4/4]
Iterations: 214000 of 500000 (14640.6 iter/sec) [active/total species 11/19, rxn classes 10, active/total reactant classes 4/4]
Iterations: 215000 of 500000 (15414.5 iter/sec) [active/total species 11/19, rxn classes 10, active/total reactant classes 4/4]
Iterations: 216000 of 500000 (16607.7 iter/sec) [active/total species 11/19, rxn classes 10, active/total reactant classes 4/4]
Iterations: 217000 of 500000 (16995.2 iter/sec) [active/total species 11/19, rxn classes 10, active/total reactant classes 4/4]
Iterations: 218000 of 500000 (16807 iter/sec) [active/total species 11/19, rxn classes 10, active/total reactant classes 4/4]
Iterations: 219000 of 500000 (12390.2 iter/sec) [active/total species 11/19, rxn classes 10, active/total reactant classes 4/4]
Iterations: 220000 of 500000 (9522.36 iter/sec) [active/total species 11/19, rxn classes 10, active/total reactant classes 4/4]
Iterations: 221000 of 500000 (9010.47 iter/sec) [active/total species 11/19, rxn classes 10, active/total reactant classes 4/4]
Iterations: 222000 of 500000 (9274.55 iter/sec) [active/total species 11/19, rxn classes 10, active/total reactant classes 4/4]
Iterations: 223000 of 500000 (9958.77 iter/sec) [active/total species 11/19, rxn classes 10, active/total reactant classes 4/4]
Iterations: 224000 of 500000 (10732 iter/sec) [active/total species 11/19, rxn classes 10, active/total reactant classes 4/4]
Iterations: 225000 of 500000 (11549.1 iter/sec) [active/total species 11/19, rxn classes 10, active/total reactant classes 4/4]
Iterations: 226000 of 500000 (12491.4 iter/sec) [active/total species 11/19, rxn classes 10, active/total reactant classes 4/4]
Iterations: 227000 of 500000 (13500 iter/sec) [active/total species 11/19, rxn classes 10, active/total reactant classes 4/4]
Iterations: 228000 of 500000 (15129.1 iter/sec) [active/total species 11/19, rxn classes 10, active/total reactant classes 4/4]
Iterations: 229000 of 500000 (16972.7 iter/sec) [active/total species 11/19, rxn classes 10, active/total reactant classes 4/4]
Iterations: 230000 of 500000 (18329.1 iter/sec) [active/total species 11/19, rxn classes 10, active/total reactant classes 4/4]
Iterations: 231000 of 500000 (19090.2 iter/sec) [active/total species 11/19, rxn classes 10, active/total reactant classes 4/4]
Iterations: 232000 of 500000 (19378 iter/sec) [active/total species 11/19, rxn classes 10, active/total reactant classes 4/4]
Iterations: 233000 of 500000 (18811.5 iter/sec) [active/total species 11/19, rxn classes 10, active/total reactant classes 4/4]
Iterations: 234000 of 500000 (17558.3 iter/sec) [active/total species 11/19, rxn classes 10, active/total reactant classes 4/4]
Iterations: 235000 of 500000 (17155.9 iter/sec) [active/total species 11/19, rxn classes 10, active/total reactant classes 4/4]
Iterations: 236000 of 500000 (17602.8 iter/sec) [active/total species 11/19, rxn classes 10, active/total reactant classes 4/4]
Iterations: 237000 of 500000 (15865.2 iter/sec) [active/total species 11/19, rxn classes 10, active/total reactant classes 4/4]
Iterations: 238000 of 500000 (13532.2 iter/sec) [active/total species 11/19, rxn classes 10, active/total reactant classes 4/4]
Iterations: 239000 of 500000 (11015.2 iter/sec) [active/total species 11/19, rxn classes 10, active/total reactant classes 4/4]
Iterations: 240000 of 500000 (11295.5 iter/sec) [active/total species 11/19, rxn classes 10, active/total reactant classes 4/4]
Iterations: 241000 of 500000 (11953.3 iter/sec) [active/total species 11/19, rxn classes 10, active/total reactant classes 4/4]
Iterations: 242000 of 500000 (12981.4 iter/sec) [active/total species 11/19, rxn classes 10, active/total reactant classes 4/4]
Iterations: 243000 of 500000 (13667.6 iter/sec) [active/total species 11/19, rxn classes 10, active/total reactant classes 4/4]
Iterations: 244000 of 500000 (13964.1 iter/sec) [active/total species 11/19, rxn classes 10, active/total reactant classes 4/4]
Iterations: 245000 of 500000 (14656.3 iter/sec) [active/total species 11/19, rxn classes 10, active/total reactant classes 4/4]
Iterations: 246000 of 500000 (15806 iter/sec) [active/total species 11/19, rxn classes 10, active/total reactant classes 4/4]
Iterations: 247000 of 500000 (16645.6 iter/sec) [active/total species 11/19, rxn classes 10, active/total reactant classes 4/4]
Iterations: 248000 of 500000 (16334 iter/sec) [active/total species 11/19, rxn classes 10, active/total reactant classes 4/4]
Iterations: 249000 of 500000 (16558.5 iter/sec) [active/total species 11/19, rxn classes 10, active/total reactant classes 4/4]
Iterations: 250000 of 500000 (17085.8 iter/sec) [active/total species 11/19, rxn classes 10, active/total reactant classes 4/4]
Iterations: 251000 of 500000 (18069.8 iter/sec) [active/total species 11/19, rxn classes 10, active/total reactant classes 4/4]
Iterations: 252000 of 500000 (19039.6 iter/sec) [active/total species 11/19, rxn classes 10, active/total reactant classes 4/4]
Iterations: 253000 of 500000 (18992.3 iter/sec) [active/total species 11/19, rxn classes 10, active/total reactant classes 4/4]
Iterations: 254000 of 500000 (19336.7 iter/sec) [active/total species 11/19, rxn classes 10, active/total reactant classes 4/4]
Iterations: 255000 of 500000 (17403.1 iter/sec) [active/total species 11/19, rxn classes 10, active/total reactant classes 4/4]
Iterations: 256000 of 500000 (15443.5 iter/sec) [active/total species 11/19, rxn classes 10, active/total reactant classes 4/4]
Iterations: 257000 of 500000 (15625.2 iter/sec) [active/total species 11/19, rxn classes 10, active/total reactant classes 4/4]
Iterations: 258000 of 500000 (16429.3 iter/sec) [active/total species 11/19, rxn classes 10, active/total reactant classes 4/4]
Iterations: 259000 of 500000 (17701 iter/sec) [active/total species 11/19, rxn classes 10, active/total reactant classes 4/4]
Iterations: 260000 of 500000 (18837.7 iter/sec) [active/total species 11/19, rxn classes 10, active/total reactant classes 4/4]
Iterations: 261000 of 500000 (20414 iter/sec) [active/total species 11/19, rxn classes 10, active/total reactant classes 4/4]
Iterations: 262000 of 500000 (21666.6 iter/sec) [active/total species 11/19, rxn classes 10, active/total reactant classes 4/4]
Iterations: 263000 of 500000 (23040.9 iter/sec) [active/total species 11/19, rxn classes 10, active/total reactant classes 4/4]
Iterations: 264000 of 500000 (22465.9 iter/sec) [active/total species 11/19, rxn classes 10, active/total reactant classes 4/4]
Iterations: 265000 of 500000 (22256.8 iter/sec) [active/total species 11/19, rxn classes 10, active/total reactant classes 4/4]
Iterations: 266000 of 500000 (18504.5 iter/sec) [active/total species 11/19, rxn classes 10, active/total reactant classes 4/4]
Iterations: 267000 of 500000 (15210.5 iter/sec) [active/total species 11/19, rxn classes 10, active/total reactant classes 4/4]
Iterations: 268000 of 500000 (13072.1 iter/sec) [active/total species 11/19, rxn classes 10, active/total reactant classes 4/4]
Iterations: 269000 of 500000 (10107 iter/sec) [active/total species 11/19, rxn classes 10, active/total reactant classes 4/4]
Iterations: 270000 of 500000 (10301.3 iter/sec) [active/total species 11/19, rxn classes 10, active/total reactant classes 4/4]
Iterations: 271000 of 500000 (10810.5 iter/sec) [active/total species 11/19, rxn classes 10, active/total reactant classes 4/4]
Iterations: 272000 of 500000 (10948.2 iter/sec) [active/total species 11/19, rxn classes 10, active/total reactant classes 4/4]
Iterations: 273000 of 500000 (10262 iter/sec) [active/total species 11/19, rxn classes 10, active/total reactant classes 4/4]
Iterations: 274000 of 500000 (10519.7 iter/sec) [active/total species 11/19, rxn classes 10, active/total reactant classes 4/4]
Iterations: 275000 of 500000 (11090.4 iter/sec) [active/total species 11/19, rxn classes 10, active/total reactant classes 4/4]
Iterations: 276000 of 500000 (9367.86 iter/sec) [active/total species 11/19, rxn classes 10, active/total reactant classes 4/4]
Iterations: 277000 of 500000 (6514.57 iter/sec) [active/total species 11/19, rxn classes 10, active/total reactant classes 4/4]
Iterations: 278000 of 500000 (5210.26 iter/sec) [active/total species 11/19, rxn classes 10, active/total reactant classes 4/4]
Iterations: 279000 of 500000 (4024.66 iter/sec) [active/total species 11/19, rxn classes 10, active/total reactant classes 4/4]
Iterations: 280000 of 500000 (3471.58 iter/sec) [active/total species 11/19, rxn classes 10, active/total reactant classes 4/4]
Iterations: 281000 of 500000 (3107.67 iter/sec) [active/total species 11/19, rxn classes 10, active/total reactant classes 4/4]
Iterations: 282000 of 500000 (2937.03 iter/sec) [active/total species 11/19, rxn classes 10, active/total reactant classes 4/4]
Iterations: 283000 of 500000 (2757.68 iter/sec) [active/total species 11/19, rxn classes 10, active/total reactant classes 4/4]
Iterations: 284000 of 500000 (2602.53 iter/sec) [active/total species 11/19, rxn classes 10, active/total reactant classes 4/4]
Iterations: 285000 of 500000 (2573.45 iter/sec) [active/total species 11/19, rxn classes 10, active/total reactant classes 4/4]
Iterations: 286000 of 500000 (2475.08 iter/sec) [active/total species 11/19, rxn classes 10, active/total reactant classes 4/4]
Iterations: 287000 of 500000 (2375.1 iter/sec) [active/total species 11/19, rxn classes 10, active/total reactant classes 4/4]
Iterations: 288000 of 500000 (2250.14 iter/sec) [active/total species 11/19, rxn classes 10, active/total reactant classes 4/4]
Iterations: 289000 of 500000 (2132.51 iter/sec) [active/total species 11/19, rxn classes 10, active/total reactant classes 4/4]
Iterations: 290000 of 500000 (2064.55 iter/sec) [active/total species 11/19, rxn classes 10, active/total reactant classes 4/4]
Iterations: 291000 of 500000 (1996.34 iter/sec) [active/total species 11/19, rxn classes 10, active/total reactant classes 4/4]
Iterations: 292000 of 500000 (1969.21 iter/sec) [active/total species 11/19, rxn classes 10, active/total reactant classes 4/4]
Iterations: 293000 of 500000 (1932.45 iter/sec) [active/total species 11/19, rxn classes 10, active/total reactant classes 4/4]
Iterations: 294000 of 500000 (1960.19 iter/sec) [active/total species 11/19, rxn classes 10, active/total reactant classes 4/4]
Iterations: 295000 of 500000 (1945.82 iter/sec) [active/total species 11/19, rxn classes 10, active/total reactant classes 4/4]
Iterations: 296000 of 500000 (1930.35 iter/sec) [active/total species 11/19, rxn classes 10, active/total reactant classes 4/4]
Iterations: 297000 of 500000 (1885.93 iter/sec) [active/total species 11/19, rxn classes 10, active/total reactant classes 4/4]
Iterations: 298000 of 500000 (1835.12 iter/sec) [active/total species 11/19, rxn classes 10, active/total reactant classes 4/4]
Iterations: 299000 of 500000 (1852.8 iter/sec) [active/total species 11/19, rxn classes 10, active/total reactant classes 4/4]
Iterations: 300000 of 500000 (1851.14 iter/sec) [active/total species 11/19, rxn classes 10, active/total reactant classes 4/4]
Iterations: 301000 of 500000 (1856.91 iter/sec) [active/total species 11/19, rxn classes 10, active/total reactant classes 4/4]
Iterations: 302000 of 500000 (1856.87 iter/sec) [active/total species 11/19, rxn classes 10, active/total reactant classes 4/4]
Iterations: 303000 of 500000 (1870.65 iter/sec) [active/total species 11/19, rxn classes 10, active/total reactant classes 4/4]
Iterations: 304000 of 500000 (1884.79 iter/sec) [active/total species 11/19, rxn classes 10, active/total reactant classes 4/4]
Iterations: 305000 of 500000 (1936.34 iter/sec) [active/total species 11/19, rxn classes 10, active/total reactant classes 4/4]
Iterations: 306000 of 500000 (1992.35 iter/sec) [active/total species 11/19, rxn classes 10, active/total reactant classes 4/4]
Iterations: 307000 of 500000 (2089.03 iter/sec) [active/total species 11/19, rxn classes 10, active/total reactant classes 4/4]
Iterations: 308000 of 500000 (2076.14 iter/sec) [active/total species 11/19, rxn classes 10, active/total reactant classes 4/4]
Iterations: 309000 of 500000 (2107.75 iter/sec) [active/total species 11/19, rxn classes 10, active/total reactant classes 4/4]
Iterations: 310000 of 500000 (2114.57 iter/sec) [active/total species 11/19, rxn classes 10, active/total reactant classes 4/4]
Iterations: 311000 of 500000 (2038.25 iter/sec) [active/total species 11/19, rxn classes 10, active/total reactant classes 4/4]
Iterations: 312000 of 500000 (2066.65 iter/sec) [active/total species 11/19, rxn classes 10, active/total reactant classes 4/4]
Iterations: 313000 of 500000 (2059.73 iter/sec) [active/total species 11/19, rxn classes 10, active/total reactant classes 4/4]
Iterations: 314000 of 500000 (2112.71 iter/sec) [active/total species 11/19, rxn classes 10, active/total reactant classes 4/4]
Iterations: 315000 of 500000 (2192.32 iter/sec) [active/total species 11/19, rxn classes 10, active/total reactant classes 4/4]
Iterations: 316000 of 500000 (2292.38 iter/sec) [active/total species 11/19, rxn classes 10, active/total reactant classes 4/4]
Iterations: 317000 of 500000 (2510.4 iter/sec) [active/total species 11/19, rxn classes 10, active/total reactant classes 4/4]
Iterations: 318000 of 500000 (2753.54 iter/sec) [active/total species 11/19, rxn classes 10, active/total reactant classes 4/4]
Iterations: 319000 of 500000 (3040.45 iter/sec) [active/total species 11/19, rxn classes 10, active/total reactant classes 4/4]
Iterations: 320000 of 500000 (3245.75 iter/sec) [active/total species 11/19, rxn classes 10, active/total reactant classes 4/4]
Iterations: 321000 of 500000 (3425.97 iter/sec) [active/total species 11/19, rxn classes 10, active/total reactant classes 4/4]
Iterations: 322000 of 500000 (3749.91 iter/sec) [active/total species 11/19, rxn classes 10, active/total reactant classes 4/4]
Iterations: 323000 of 500000 (4224.06 iter/sec) [active/total species 11/19, rxn classes 10, active/total reactant classes 4/4]
Iterations: 324000 of 500000 (4637.7 iter/sec) [active/total species 11/19, rxn classes 10, active/total reactant classes 4/4]
Iterations: 325000 of 500000 (5136.29 iter/sec) [active/total species 11/19, rxn classes 10, active/total reactant classes 4/4]
Iterations: 326000 of 500000 (5633.33 iter/sec) [active/total species 11/19, rxn classes 10, active/total reactant classes 4/4]
Iterations: 327000 of 500000 (6208.87 iter/sec) [active/total species 11/19, rxn classes 10, active/total reactant classes 4/4]
Iterations: 328000 of 500000 (6690.17 iter/sec) [active/total species 11/19, rxn classes 10, active/total reactant classes 4/4]
Iterations: 329000 of 500000 (6666.31 iter/sec) [active/total species 11/19, rxn classes 10, active/total reactant classes 4/4]
Iterations: 330000 of 500000 (7024.15 iter/sec) [active/total species 11/19, rxn classes 10, active/total reactant classes 4/4]
Iterations: 331000 of 500000 (7624.62 iter/sec) [active/total species 11/19, rxn classes 10, active/total reactant classes 4/4]
Iterations: 332000 of 500000 (8429 iter/sec) [active/total species 11/19, rxn classes 10, active/total reactant classes 4/4]
Iterations: 333000 of 500000 (9039.79 iter/sec) [active/total species 11/19, rxn classes 10, active/total reactant classes 4/4]
Iterations: 334000 of 500000 (9573.41 iter/sec) [active/total species 11/19, rxn classes 10, active/total reactant classes 4/4]
Iterations: 335000 of 500000 (10159.3 iter/sec) [active/total species 11/19, rxn classes 10, active/total reactant classes 4/4]
Iterations: 336000 of 500000 (10773.8 iter/sec) [active/total species 11/19, rxn classes 10, active/total reactant classes 4/4]
Iterations: 337000 of 500000 (11496.8 iter/sec) [active/total species 11/19, rxn classes 10, active/total reactant classes 4/4]
Iterations: 338000 of 500000 (12489.7 iter/sec) [active/total species 11/19, rxn classes 10, active/total reactant classes 4/4]
Iterations: 339000 of 500000 (13115.1 iter/sec) [active/total species 11/19, rxn classes 10, active/total reactant classes 4/4]
Iterations: 340000 of 500000 (12833 iter/sec) [active/total species 11/19, rxn classes 10, active/total reactant classes 4/4]
Iterations: 341000 of 500000 (13650.6 iter/sec) [active/total species 11/19, rxn classes 10, active/total reactant classes 4/4]
Iterations: 342000 of 500000 (14485 iter/sec) [active/total species 11/19, rxn classes 10, active/total reactant classes 4/4]
Iterations: 343000 of 500000 (15569.5 iter/sec) [active/total species 11/19, rxn classes 10, active/total reactant classes 4/4]
Iterations: 344000 of 500000 (16725.2 iter/sec) [active/total species 11/19, rxn classes 10, active/total reactant classes 4/4]
Iterations: 345000 of 500000 (17622.7 iter/sec) [active/total species 11/19, rxn classes 10, active/total reactant classes 4/4]
Iterations: 346000 of 500000 (18617.1 iter/sec) [active/total species 11/19, rxn classes 10, active/total reactant classes 4/4]
Iterations: 347000 of 500000 (17256.3 iter/sec) [active/total species 11/19, rxn classes 10, active/total reactant classes 4/4]
Iterations: 348000 of 500000 (13126.8 iter/sec) [active/total species 11/19, rxn classes 10, active/total reactant classes 4/4]
Iterations: 349000 of 500000 (10939.4 iter/sec) [active/total species 11/19, rxn classes 10, active/total reactant classes 4/4]
Iterations: 350000 of 500000 (11020 iter/sec) [active/total species 11/19, rxn classes 10, active/total reactant classes 4/4]
Iterations: 351000 of 500000 (11445.2 iter/sec) [active/total species 11/19, rxn classes 10, active/total reactant classes 4/4]
Iterations: 352000 of 500000 (11370.5 iter/sec) [active/total species 11/19, rxn classes 10, active/total reactant classes 4/4]
Iterations: 353000 of 500000 (11374.6 iter/sec) [active/total species 11/19, rxn classes 10, active/total reactant classes 4/4]
Iterations: 354000 of 500000 (11277.4 iter/sec) [active/total species 11/19, rxn classes 10, active/total reactant classes 4/4]
Iterations: 355000 of 500000 (10201.8 iter/sec) [active/total species 11/19, rxn classes 10, active/total reactant classes 4/4]
Iterations: 356000 of 500000 (9861.84 iter/sec) [active/total species 11/19, rxn classes 10, active/total reactant classes 4/4]
Iterations: 357000 of 500000 (9519.46 iter/sec) [active/total species 11/19, rxn classes 10, active/total reactant classes 4/4]
Iterations: 358000 of 500000 (8671.52 iter/sec) [active/total species 11/19, rxn classes 10, active/total reactant classes 4/4]
Iterations: 359000 of 500000 (8814.53 iter/sec) [active/total species 11/19, rxn classes 10, active/total reactant classes 4/4]
Iterations: 360000 of 500000 (8965.23 iter/sec) [active/total species 11/19, rxn classes 10, active/total reactant classes 4/4]
Iterations: 361000 of 500000 (8495.89 iter/sec) [active/total species 11/19, rxn classes 10, active/total reactant classes 4/4]
Iterations: 362000 of 500000 (8243.96 iter/sec) [active/total species 11/19, rxn classes 10, active/total reactant classes 4/4]
Iterations: 363000 of 500000 (8943.18 iter/sec) [active/total species 11/19, rxn classes 10, active/total reactant classes 4/4]
Iterations: 364000 of 500000 (9842.71 iter/sec) [active/total species 11/19, rxn classes 10, active/total reactant classes 4/4]
Iterations: 365000 of 500000 (10859.9 iter/sec) [active/total species 11/19, rxn classes 10, active/total reactant classes 4/4]
Iterations: 366000 of 500000 (11651.8 iter/sec) [active/total species 11/19, rxn classes 10, active/total reactant classes 4/4]
Iterations: 367000 of 500000 (12353.3 iter/sec) [active/total species 11/19, rxn classes 10, active/total reactant classes 4/4]
Iterations: 368000 of 500000 (12792.3 iter/sec) [active/total species 11/19, rxn classes 10, active/total reactant classes 4/4]
Iterations: 369000 of 500000 (12980.4 iter/sec) [active/total species 11/19, rxn classes 10, active/total reactant classes 4/4]
Iterations: 370000 of 500000 (12565.7 iter/sec) [active/total species 11/19, rxn classes 10, active/total reactant classes 4/4]
Iterations: 371000 of 500000 (11464.3 iter/sec) [active/total species 11/19, rxn classes 10, active/total reactant classes 4/4]
Iterations: 372000 of 500000 (11713.6 iter/sec) [active/total species 11/19, rxn classes 10, active/total reactant classes 4/4]
Iterations: 373000 of 500000 (12815.7 iter/sec) [active/total species 11/19, rxn classes 10, active/total reactant classes 4/4]
Iterations: 374000 of 500000 (13929.1 iter/sec) [active/total species 11/19, rxn classes 10, active/total reactant classes 4/4]
Iterations: 375000 of 500000 (14856.9 iter/sec) [active/total species 11/19, rxn classes 10, active/total reactant classes 4/4]
Iterations: 376000 of 500000 (15576.6 iter/sec) [active/total species 11/19, rxn classes 10, active/total reactant classes 4/4]
Iterations: 377000 of 500000 (16465.8 iter/sec) [active/total species 11/19, rxn classes 10, active/total reactant classes 4/4]
Iterations: 378000 of 500000 (15017 iter/sec) [active/total species 11/19, rxn classes 10, active/total reactant classes 4/4]
Iterations: 379000 of 500000 (13403 iter/sec) [active/total species 11/19, rxn classes 10, active/total reactant classes 4/4]
Iterations: 380000 of 500000 (12859.1 iter/sec) [active/total species 11/19, rxn classes 10, active/total reactant classes 4/4]
Iterations: 381000 of 500000 (11939.7 iter/sec) [active/total species 11/19, rxn classes 10, active/total reactant classes 4/4]
Iterations: 382000 of 500000 (12656 iter/sec) [active/total species 11/19, rxn classes 10, active/total reactant classes 4/4]
Iterations: 383000 of 500000 (13301.2 iter/sec) [active/total species 11/19, rxn classes 10, active/total reactant classes 4/4]
Iterations: 384000 of 500000 (13913 iter/sec) [active/total species 11/19, rxn classes 10, active/total reactant classes 4/4]
Iterations: 385000 of 500000 (14630.6 iter/sec) [active/total species 11/19, rxn classes 10, active/total reactant classes 4/4]
Iterations: 386000 of 500000 (13987.6 iter/sec) [active/total species 11/19, rxn classes 10, active/total reactant classes 4/4]
Iterations: 387000 of 500000 (13113.4 iter/sec) [active/total species 11/19, rxn classes 10, active/total reactant classes 4/4]
Iterations: 388000 of 500000 (13750.6 iter/sec) [active/total species 11/19, rxn classes 10, active/total reactant classes 4/4]
Iterations: 389000 of 500000 (14540.8 iter/sec) [active/total species 11/19, rxn classes 10, active/total reactant classes 4/4]
Iterations: 390000 of 500000 (15414 iter/sec) [active/total species 11/19, rxn classes 10, active/total reactant classes 4/4]
Iterations: 391000 of 500000 (15412.1 iter/sec) [active/total species 11/19, rxn classes 10, active/total reactant classes 4/4]
Iterations: 392000 of 500000 (16462.8 iter/sec) [active/total species 11/19, rxn classes 10, active/total reactant classes 4/4]
Iterations: 393000 of 500000 (16748.5 iter/sec) [active/total species 11/19, rxn classes 10, active/total reactant classes 4/4]
Iterations: 394000 of 500000 (17737.1 iter/sec) [active/total species 11/19, rxn classes 10, active/total reactant classes 4/4]
Iterations: 395000 of 500000 (18875.8 iter/sec) [active/total species 11/19, rxn classes 10, active/total reactant classes 4/4]
Iterations: 396000 of 500000 (17830.4 iter/sec) [active/total species 11/19, rxn classes 10, active/total reactant classes 4/4]
Iterations: 397000 of 500000 (16844.7 iter/sec) [active/total species 11/19, rxn classes 10, active/total reactant classes 4/4]
Iterations: 398000 of 500000 (15461 iter/sec) [active/total species 11/19, rxn classes 10, active/total reactant classes 4/4]
Iterations: 399000 of 500000 (14929.6 iter/sec) [active/total species 11/19, rxn classes 10, active/total reactant classes 4/4]
Iterations: 400000 of 500000 (15053.4 iter/sec) [active/total species 11/19, rxn classes 10, active/total reactant classes 4/4]
Iterations: 401000 of 500000 (16560.7 iter/sec) [active/total species 11/19, rxn classes 10, active/total reactant classes 4/4]
Iterations: 402000 of 500000 (15983.9 iter/sec) [active/total species 11/19, rxn classes 10, active/total reactant classes 4/4]
Iterations: 403000 of 500000 (15790.1 iter/sec) [active/total species 11/19, rxn classes 10, active/total reactant classes 4/4]
Iterations: 404000 of 500000 (15740.6 iter/sec) [active/total species 11/19, rxn classes 10, active/total reactant classes 4/4]
Iterations: 405000 of 500000 (16242.7 iter/sec) [active/total species 11/19, rxn classes 10, active/total reactant classes 4/4]
Iterations: 406000 of 500000 (16772.9 iter/sec) [active/total species 11/19, rxn classes 10, active/total reactant classes 4/4]
Iterations: 407000 of 500000 (12121.7 iter/sec) [active/total species 11/19, rxn classes 10, active/total reactant classes 4/4]
Iterations: 408000 of 500000 (10272.4 iter/sec) [active/total species 11/19, rxn classes 10, active/total reactant classes 4/4]
Iterations: 409000 of 500000 (10248.9 iter/sec) [active/total species 11/19, rxn classes 10, active/total reactant classes 4/4]
Iterations: 410000 of 500000 (10832.1 iter/sec) [active/total species 11/19, rxn classes 10, active/total reactant classes 4/4]
Iterations: 411000 of 500000 (11632.5 iter/sec) [active/total species 11/19, rxn classes 10, active/total reactant classes 4/4]
Iterations: 412000 of 500000 (12480.3 iter/sec) [active/total species 11/19, rxn classes 10, active/total reactant classes 4/4]
Iterations: 413000 of 500000 (11873.9 iter/sec) [active/total species 11/19, rxn classes 10, active/total reactant classes 4/4]
Iterations: 414000 of 500000 (12776.1 iter/sec) [active/total species 11/19, rxn classes 10, active/total reactant classes 4/4]
Iterations: 415000 of 500000 (13673 iter/sec) [active/total species 11/19, rxn classes 10, active/total reactant classes 4/4]
Iterations: 416000 of 500000 (14939.9 iter/sec) [active/total species 11/19, rxn classes 10, active/total reactant classes 4/4]
Iterations: 417000 of 500000 (14637.6 iter/sec) [active/total species 11/19, rxn classes 10, active/total reactant classes 4/4]
Iterations: 418000 of 500000 (13655.6 iter/sec) [active/total species 11/19, rxn classes 10, active/total reactant classes 4/4]
Iterations: 419000 of 500000 (13651.5 iter/sec) [active/total species 11/19, rxn classes 10, active/total reactant classes 4/4]
Iterations: 420000 of 500000 (12139.9 iter/sec) [active/total species 11/19, rxn classes 10, active/total reactant classes 4/4]
Iterations: 421000 of 500000 (10565.5 iter/sec) [active/total species 11/19, rxn classes 10, active/total reactant classes 4/4]
Iterations: 422000 of 500000 (11408.4 iter/sec) [active/total species 11/19, rxn classes 10, active/total reactant classes 4/4]
Iterations: 423000 of 500000 (12434.7 iter/sec) [active/total species 11/19, rxn classes 10, active/total reactant classes 4/4]
Iterations: 424000 of 500000 (13513 iter/sec) [active/total species 11/19, rxn classes 10, active/total reactant classes 4/4]
Iterations: 425000 of 500000 (14510.6 iter/sec) [active/total species 11/19, rxn classes 10, active/total reactant classes 4/4]
Iterations: 426000 of 500000 (15682.3 iter/sec) [active/total species 11/19, rxn classes 10, active/total reactant classes 4/4]
Iterations: 427000 of 500000 (17143 iter/sec) [active/total species 11/19, rxn classes 10, active/total reactant classes 4/4]
Iterations: 428000 of 500000 (18054.8 iter/sec) [active/total species 11/19, rxn classes 10, active/total reactant classes 4/4]
Iterations: 429000 of 500000 (18860.1 iter/sec) [active/total species 11/19, rxn classes 10, active/total reactant classes 4/4]
Iterations: 430000 of 500000 (19164.8 iter/sec) [active/total species 11/19, rxn classes 10, active/total reactant classes 4/4]
Iterations: 431000 of 500000 (19769.9 iter/sec) [active/total species 11/19, rxn classes 10, active/total reactant classes 4/4]
Iterations: 432000 of 500000 (19191.6 iter/sec) [active/total species 11/19, rxn classes 10, active/total reactant classes 4/4]
Iterations: 433000 of 500000 (18477.1 iter/sec) [active/total species 11/19, rxn classes 10, active/total reactant classes 4/4]
Iterations: 434000 of 500000 (14438.8 iter/sec) [active/total species 11/19, rxn classes 10, active/total reactant classes 4/4]
Iterations: 435000 of 500000 (9445.28 iter/sec) [active/total species 11/19, rxn classes 10, active/total reactant classes 4/4]
Iterations: 436000 of 500000 (8724.1 iter/sec) [active/total species 11/19, rxn classes 10, active/total reactant classes 4/4]
Iterations: 437000 of 500000 (7849.42 iter/sec) [active/total species 11/19, rxn classes 10, active/total reactant classes 4/4]
Iterations: 438000 of 500000 (6406.23 iter/sec) [active/total species 11/19, rxn classes 10, active/total reactant classes 4/4]
Iterations: 439000 of 500000 (5270.26 iter/sec) [active/total species 11/19, rxn classes 10, active/total reactant classes 4/4]
Iterations: 440000 of 500000 (4776.92 iter/sec) [active/total species 11/19, rxn classes 10, active/total reactant classes 4/4]
Iterations: 441000 of 500000 (4168.72 iter/sec) [active/total species 11/19, rxn classes 10, active/total reactant classes 4/4]
Iterations: 442000 of 500000 (3630.3 iter/sec) [active/total species 11/19, rxn classes 10, active/total reactant classes 4/4]
Iterations: 443000 of 500000 (3242.28 iter/sec) [active/total species 11/19, rxn classes 10, active/total reactant classes 4/4]
Iterations: 444000 of 500000 (3151.27 iter/sec) [active/total species 11/19, rxn classes 10, active/total reactant classes 4/4]
Iterations: 445000 of 500000 (2860.85 iter/sec) [active/total species 11/19, rxn classes 10, active/total reactant classes 4/4]
Iterations: 446000 of 500000 (2707.17 iter/sec) [active/total species 11/19, rxn classes 10, active/total reactant classes 4/4]
Iterations: 447000 of 500000 (2501.02 iter/sec) [active/total species 11/19, rxn classes 10, active/total reactant classes 4/4]
Iterations: 448000 of 500000 (2406.29 iter/sec) [active/total species 11/19, rxn classes 10, active/total reactant classes 4/4]
Iterations: 449000 of 500000 (2413.83 iter/sec) [active/total species 11/19, rxn classes 10, active/total reactant classes 4/4]
Iterations: 450000 of 500000 (2395.65 iter/sec) [active/total species 11/19, rxn classes 10, active/total reactant classes 4/4]
Iterations: 451000 of 500000 (2310.7 iter/sec) [active/total species 11/19, rxn classes 10, active/total reactant classes 4/4]
Iterations: 452000 of 500000 (2247.66 iter/sec) [active/total species 11/19, rxn classes 10, active/total reactant classes 4/4]
Iterations: 453000 of 500000 (2204.68 iter/sec) [active/total species 11/19, rxn classes 10, active/total reactant classes 4/4]
Iterations: 454000 of 500000 (2183.37 iter/sec) [active/total species 11/19, rxn classes 10, active/total reactant classes 4/4]
Iterations: 455000 of 500000 (2112.66 iter/sec) [active/total species 11/19, rxn classes 10, active/total reactant classes 4/4]
Iterations: 456000 of 500000 (2066.89 iter/sec) [active/total species 11/19, rxn classes 10, active/total reactant classes 4/4]
Iterations: 457000 of 500000 (2063.51 iter/sec) [active/total species 11/19, rxn classes 10, active/total reactant classes 4/4]
Iterations: 458000 of 500000 (2050.86 iter/sec) [active/total species 11/19, rxn classes 10, active/total reactant classes 4/4]
Iterations: 459000 of 500000 (2055.47 iter/sec) [active/total species 11/19, rxn classes 10, active/total reactant classes 4/4]
Iterations: 460000 of 500000 (2047.61 iter/sec) [active/total species 11/19, rxn classes 10, active/total reactant classes 4/4]
Iterations: 461000 of 500000 (1993.03 iter/sec) [active/total species 11/19, rxn classes 10, active/total reactant classes 4/4]
Iterations: 462000 of 500000 (2023.54 iter/sec) [active/total species 11/19, rxn classes 10, active/total reactant classes 4/4]
Iterations: 463000 of 500000 (2140.08 iter/sec) [active/total species 11/19, rxn classes 10, active/total reactant classes 4/4]
Iterations: 464000 of 500000 (2173.61 iter/sec) [active/total species 11/19, rxn classes 10, active/total reactant classes 4/4]
Iterations: 465000 of 500000 (2127.24 iter/sec) [active/total species 11/19, rxn classes 10, active/total reactant classes 4/4]
Iterations: 466000 of 500000 (2178.2 iter/sec) [active/total species 11/19, rxn classes 10, active/total reactant classes 4/4]
Iterations: 467000 of 500000 (2247.52 iter/sec) [active/total species 11/19, rxn classes 10, active/total reactant classes 4/4]
Iterations: 468000 of 500000 (2191.02 iter/sec) [active/total species 11/19, rxn classes 10, active/total reactant classes 4/4]
Iterations: 469000 of 500000 (2110.33 iter/sec) [active/total species 11/19, rxn classes 10, active/total reactant classes 4/4]
Iterations: 470000 of 500000 (2096.01 iter/sec) [active/total species 11/19, rxn classes 10, active/total reactant classes 4/4]
Iterations: 471000 of 500000 (2096.43 iter/sec) [active/total species 11/19, rxn classes 10, active/total reactant classes 4/4]
Iterations: 472000 of 500000 (2127.63 iter/sec) [active/total species 11/19, rxn classes 10, active/total reactant classes 4/4]
Iterations: 473000 of 500000 (2134.44 iter/sec) [active/total species 11/19, rxn classes 10, active/total reactant classes 4/4]
Iterations: 474000 of 500000 (2135.74 iter/sec) [active/total species 11/19, rxn classes 10, active/total reactant classes 4/4]
Iterations: 475000 of 500000 (2107.02 iter/sec) [active/total species 11/19, rxn classes 10, active/total reactant classes 4/4]
Iterations: 476000 of 500000 (2119.56 iter/sec) [active/total species 11/19, rxn classes 10, active/total reactant classes 4/4]
Iterations: 477000 of 500000 (2150.18 iter/sec) [active/total species 11/19, rxn classes 10, active/total reactant classes 4/4]
Iterations: 478000 of 500000 (2176.14 iter/sec) [active/total species 11/19, rxn classes 10, active/total reactant classes 4/4]
Iterations: 479000 of 500000 (2178.17 iter/sec) [active/total species 11/19, rxn classes 10, active/total reactant classes 4/4]
Iterations: 480000 of 500000 (2240.62 iter/sec) [active/total species 11/19, rxn classes 10, active/total reactant classes 4/4]
Iterations: 481000 of 500000 (2355.41 iter/sec) [active/total species 11/19, rxn classes 10, active/total reactant classes 4/4]
Iterations: 482000 of 500000 (2344.31 iter/sec) [active/total species 11/19, rxn classes 10, active/total reactant classes 4/4]
Iterations: 483000 of 500000 (2449.22 iter/sec) [active/total species 11/19, rxn classes 10, active/total reactant classes 4/4]
Iterations: 484000 of 500000 (2453.71 iter/sec) [active/total species 11/19, rxn classes 10, active/total reactant classes 4/4]
Iterations: 485000 of 500000 (2579.65 iter/sec) [active/total species 11/19, rxn classes 10, active/total reactant classes 4/4]
Iterations: 486000 of 500000 (2744.3 iter/sec) [active/total species 11/19, rxn classes 10, active/total reactant classes 4/4]
Iterations: 487000 of 500000 (3080.25 iter/sec) [active/total species 11/19, rxn classes 10, active/total reactant classes 4/4]
Iterations: 488000 of 500000 (3165.03 iter/sec) [active/total species 11/19, rxn classes 10, active/total reactant classes 4/4]
Iterations: 489000 of 500000 (3488.64 iter/sec) [active/total species 11/19, rxn classes 10, active/total reactant classes 4/4]
Iterations: 490000 of 500000 (3800.01 iter/sec) [active/total species 11/19, rxn classes 10, active/total reactant classes 4/4]
Iterations: 491000 of 500000 (3758.52 iter/sec) [active/total species 11/19, rxn classes 10, active/total reactant classes 4/4]
Iterations: 492000 of 500000 (3747.21 iter/sec) [active/total species 11/19, rxn classes 10, active/total reactant classes 4/4]
Iterations: 493000 of 500000 (3994.3 iter/sec) [active/total species 11/19, rxn classes 10, active/total reactant classes 4/4]
Iterations: 494000 of 500000 (4444.76 iter/sec) [active/total species 11/19, rxn classes 10, active/total reactant classes 4/4]
Iterations: 495000 of 500000 (5072.64 iter/sec) [active/total species 11/19, rxn classes 10, active/total reactant classes 4/4]
Iterations: 496000 of 500000 (5752.25 iter/sec) [active/total species 11/19, rxn classes 10, active/total reactant classes 4/4]
Iterations: 497000 of 500000 (6262.09 iter/sec) [active/total species 11/19, rxn classes 10, active/total reactant classes 4/4]
Iterations: 498000 of 500000 (6755.25 iter/sec) [active/total species 11/19, rxn classes 10, active/total reactant classes 4/4]
Iterations: 499000 of 500000 (7305.35 iter/sec) [active/total species 11/19, rxn classes 10, active/total reactant classes 4/4]
Iterations: 500000 of 500000 (7806.65 iter/sec) [active/total species 11/19, rxn classes 10, active/total reactant classes 4/4]
Seting diffusion constants to variant D10_all
Iteration 500000, simulation finished successfully
Total number of ray-subvolume intersection tests (number of ray_trace calls): 588828648
Total number of ray-polygon intersection tests: 3620494945
Total number of ray-polygon intersections: 17470036
Total number of mol reflections from a wall: 17295531
Total number of vol mol vol mol collisions: 9343
Total number of molecule moves between walls: 0
Total number of usages of waypoints for counted volumes: 0
Total number of counted volume recomputations: 148572
Total number of diffuse 3d calls: 571533117
Average diffusion jump was: 0.999588 timesteps  (5.71298e+08/571533117)
Simulation CPU time = 116.031 (user) and 0.008876 (system)
Simulation CPU time without iteration 0 = 116.031 (user) and 0.008698 (system)
